    
 E (eV)=   188.000000000000     
       0     -2.33646478E-02      0.00000000E+00
       1     -1.48725557E+00     -1.48524437E+00
       2      7.73021497E-01      7.73416013E-01
       3      3.59833174E-01      3.59963864E-01
       4      1.72391471E-01      1.72445069E-01
       5      8.51438854E-02      8.51682137E-02
       6      4.30769524E-02      4.30886373E-02
       7      2.21954927E-02      2.22013049E-02
       8      1.15979298E-02      1.16008899E-02
       9      6.12761919E-03      6.12915260E-03
      10      3.26626665E-03      3.26707131E-03
      11      1.75365804E-03      1.75408460E-03
      12      9.47138714E-04      9.47366695E-04
      13      5.14057205E-04      5.14179870E-04
      14      2.80140404E-04      2.80206770E-04
      15      1.53182327E-04      1.53218398E-04
      16      8.39971058E-05      8.40167859E-05
      17      4.61678057E-05      4.61785771E-05
      18      2.54252229E-05      2.54311340E-05
      19      1.40249445E-05      1.40281956E-05
      20      7.74698114E-06      7.74877248E-06
      21      4.28413060E-06      4.28511917E-06
      22      2.37143945E-06      2.37198571E-06
      23      1.31375475E-06      1.31405692E-06
      24      7.28306870E-07      7.28474179E-07
      25      4.03986270E-07      4.04078974E-07
      26      2.24198445E-07      2.24249850E-07
      27      1.24474507E-07      1.24503026E-07
      28      6.91326403E-08      6.91484668E-08
      29      3.84077336E-08      3.84165247E-08
      30      2.13435837E-08      2.13484652E-08
      31      1.18634767E-08      1.18661888E-08
      32      6.59540340E-09      6.59690910E-09
      33      3.66728236E-09      3.66812014E-09
      34      2.03938880E-09      2.03985757E-09
      35      1.13425135E-09      1.13451363E-09
      36      6.30889839E-10      6.31034935E-10
      37      3.50958428E-10      3.51036935E-10

  TOTAL ELASTIC CROSS SECTION = 1.697232E-16 cm**2
               FROM DCS TABLE = 1.697202E-16  (REL. DIF. = 1.76E-05)

  1ST TRANSPORT CROSS SECTION = 7.271785E-17 cm**2
               FROM DCS TABLE = 7.271802E-17  (REL. DIF. = 2.36E-06)

  2ND TRANSPORT CROSS SECTION = 8.504087E-17 cm**2
