    
 E (eV)=   162.000000000000     
       0     -4.07440617E-01      0.00000000E+00
       1      1.42599021E+00      1.42708380E+00
       2      7.48095893E-01      7.48340564E-01
       3      4.08397500E-01      4.08496815E-01
       4      2.25557336E-01      2.25605984E-01
       5      1.25832968E-01      1.25858444E-01
       6      7.09159864E-02      7.09297917E-02
       7      4.03339036E-02      4.03415484E-02
       8      2.31211955E-02      2.31254929E-02
       9      1.33432407E-02      1.33456833E-02
      10      7.74492196E-03      7.74632226E-03
      11      4.51808310E-03      4.51889147E-03
      12      2.64734262E-03      2.64781199E-03
      13      1.55727015E-03      1.55754406E-03
      14      9.19228724E-04      9.19389272E-04
      15      5.44274277E-04      5.44368746E-04
      16      3.23140675E-04      3.23196453E-04
      17      1.92310835E-04      1.92343869E-04
      18      1.14689931E-04      1.14709548E-04
      19      6.85234128E-05      6.85350899E-05
      20      4.10051769E-05      4.10121422E-05
      21      2.45713424E-05      2.45755046E-05
      22      1.47409046E-05      1.47433957E-05
      23      8.85214463E-06      8.85363754E-06
      24      5.32028430E-06      5.32118004E-06
      25      3.19980968E-06      3.20034765E-06
      26      1.92559426E-06      1.92591762E-06
      27      1.15934247E-06      1.15953697E-06
      28      6.98274356E-07      6.98391410E-07
      29      4.20701503E-07      4.20771983E-07
      30      2.53528358E-07      2.53570812E-07
      31      1.52812490E-07      1.52838069E-07
      32      9.21191058E-08      9.21345194E-08
      33      5.55367543E-08      5.55460488E-08
      34      3.34838644E-08      3.34894715E-08
      35      2.01884559E-08      2.01918377E-08
      36      1.21722591E-08      1.21742941E-08
      37      7.33883364E-09      7.34005657E-09
      38      4.42451225E-09      4.42525157E-09
      39      2.66738580E-09      2.66783294E-09
      40      1.60794505E-09      1.60821640E-09
      41      9.69215874E-10      9.69381199E-10
      42      5.84116825E-10      5.84212393E-10

  TOTAL ELASTIC CROSS SECTION = 2.139664E-16 cm**2
               FROM DCS TABLE = 2.139622E-16  (REL. DIF. = 1.97E-05)

  1ST TRANSPORT CROSS SECTION = 6.686870E-17 cm**2
               FROM DCS TABLE = 6.686873E-17  (REL. DIF. = 4.81E-07)

  2ND TRANSPORT CROSS SECTION = 9.435871E-17 cm**2
