    
 E (eV)=   76.0000000000000     
       0      5.99318301E-01      0.00000000E+00
       1     -1.23142861E+00     -1.22948820E+00
       2      5.90563409E-01      5.90776222E-01
       3      1.79447522E-01      1.79488254E-01
       4      6.07937653E-02      6.08054594E-02
       5      2.18515196E-02      2.18554231E-02
       6      8.12599396E-03      8.12738639E-03
       7      3.08919742E-03      3.08971246E-03
       8      1.19271137E-03      1.19290635E-03
       9      4.65750430E-04      4.65825461E-04
      10      1.83428006E-04      1.83457228E-04
      11      7.27072878E-05      7.27187729E-05
      12      2.89617297E-05      2.89662748E-05
      13      1.15798802E-05      1.15816884E-05
      14      4.64341313E-06      4.64413541E-06
      15      1.86610668E-06      1.86639609E-06
      16      7.51246878E-07      7.51363113E-07
      17      3.02837229E-07      3.02884002E-07
      18      1.22204978E-07      1.22223824E-07
      19      4.93541393E-08      4.93617442E-08
      20      1.99451436E-08      1.99482122E-08
      21      8.06440258E-09      8.06564287E-09
      22      3.26199574E-09      3.26249942E-09
      23      1.31984382E-09      1.32004365E-09
      24      5.34147985E-10      5.34228552E-10
      25      2.16198581E-10      2.16232686E-10

  TOTAL ELASTIC CROSS SECTION = 3.022213E-16 cm**2
               FROM DCS TABLE = 3.022157E-16  (REL. DIF. = 1.86E-05)

  1ST TRANSPORT CROSS SECTION = 2.113691E-16 cm**2
               FROM DCS TABLE = 2.113683E-16  (REL. DIF. = 3.75E-06)

  2ND TRANSPORT CROSS SECTION = 1.578811E-16 cm**2
