    
 E (eV)=   90.0000000000000     
       0     -1.83848254E-02      0.00000000E+00
       1      1.56790753E+00      1.56892644E+00
       2      6.92274062E-01      6.92449481E-01
       3      3.06934822E-01      3.06990995E-01
       4      1.39334981E-01      1.39357299E-01
       5      6.48235373E-02      6.48332496E-02
       6      3.07343991E-02      3.07388297E-02
       7      1.47784699E-02      1.47805476E-02
       8      7.18324959E-03      7.18424142E-03
       9      3.52170065E-03      3.52218013E-03
      10      1.73884986E-03      1.73908392E-03
      11      8.63676743E-04      8.63791889E-04
      12      4.31139173E-04      4.31196189E-04
      13      2.16132796E-04      2.16161184E-04
      14      1.08734203E-04      1.08748403E-04
      15      5.48651887E-05      5.48723193E-05
      16      2.77516489E-05      2.77552414E-05
      17      1.40652703E-05      1.40670852E-05
      18      7.14016741E-06      7.14108630E-06
      19      3.62934458E-06      3.62981068E-06
      20      1.84666512E-06      1.84690188E-06
      21      9.40347306E-07      9.40467717E-07
      22      4.79121336E-07      4.79182624E-07
      23      2.44225697E-07      2.44256916E-07
      24      1.24528717E-07      1.24544628E-07
      25      6.35087920E-08      6.35169033E-08
      26      3.23926697E-08      3.23968103E-08
      27      1.65226413E-08      1.65247479E-08
      28      8.42765292E-09      8.42872370E-09
      29      4.29836054E-09      4.29890674E-09
      30      2.19208350E-09      2.19236043E-09
      31      1.11781930E-09      1.11795882E-09
      32      5.69930500E-10      5.70002186E-10
      33      2.90499941E-10      2.90538341E-10

  TOTAL ELASTIC CROSS SECTION = 3.145487E-16 cm**2
               FROM DCS TABLE = 3.145429E-16  (REL. DIF. = 1.85E-05)

  1ST TRANSPORT CROSS SECTION = 1.463933E-16 cm**2
               FROM DCS TABLE = 1.463935E-16  (REL. DIF. = 1.86E-06)

  2ND TRANSPORT CROSS SECTION = 1.608567E-16 cm**2
