    
 E (eV)=   82.0000000000000     
       0      4.36272236E-02      0.00000000E+00
       1     -1.55131771E+00     -1.55030706E+00
       2      6.78478283E-01      6.78643800E-01
       3      2.89111299E-01      2.89161851E-01
       4      1.26731389E-01      1.26750748E-01
       5      5.70978907E-02      5.71060515E-02
       6      2.62499961E-02      2.62536084E-02
       7      1.22464086E-02      1.22480531E-02
       8      5.77718046E-03      5.77794261E-03
       9      2.74948550E-03      2.74984326E-03
      10      1.31801775E-03      1.31818734E-03
      11      6.35625059E-04      6.35706080E-04
      12      3.08081583E-04      3.08120545E-04
      13      1.49953245E-04      1.49972085E-04
      14      7.32421653E-05      7.32513171E-05
      15      3.58767364E-05      3.58811991E-05
      16      1.76148670E-05      1.76170501E-05
      17      8.66487291E-06      8.66594362E-06
      18      4.26867738E-06      4.26920362E-06
      19      2.10538536E-06      2.10564444E-06
      20      1.03934417E-06      1.03947189E-06
      21      5.13428034E-07      5.13491057E-07
      22      2.53753785E-07      2.53784910E-07
      23      1.25456508E-07      1.25471890E-07
      24      6.20395582E-08      6.20471618E-08
      25      3.06829649E-08      3.06867222E-08
      26      1.51755769E-08      1.51774360E-08
      27      7.50553513E-09      7.50645175E-09
      28      3.71183430E-09      3.71228842E-09
      29      1.83547336E-09      1.83569798E-09
      30      9.07517235E-10      9.07632042E-10
      31      4.48600337E-10      4.48656501E-10

  TOTAL ELASTIC CROSS SECTION = 3.346006E-16 cm**2
               FROM DCS TABLE = 3.345944E-16  (REL. DIF. = 1.85E-05)

  1ST TRANSPORT CROSS SECTION = 1.645665E-16 cm**2
               FROM DCS TABLE = 1.645668E-16  (REL. DIF. = 1.88E-06)

  2ND TRANSPORT CROSS SECTION = 1.728879E-16 cm**2
