    
 E (eV)=   184.000000000000     
       0     -8.68643820E-03      0.00000000E+00
       1     -1.48129711E+00     -1.47928928E+00
       2      7.70349452E-01      7.70739266E-01
       3      3.55598417E-01      3.55726191E-01
       4      1.69120018E-01      1.69172001E-01
       5      8.29808713E-02      8.30043090E-02
       6      4.17229797E-02      4.17341682E-02
       7      2.13688157E-02      2.13743483E-02
       8      1.10999977E-02      1.11027990E-02
       9      5.83019280E-03      5.83163562E-03
      10      3.08960038E-03      3.09035317E-03
      11      1.64914458E-03      1.64954135E-03
      12      8.85501519E-04      8.85712362E-04
      13      4.77798175E-04      4.77910967E-04
      14      2.58856634E-04      2.58917306E-04
      15      1.40713112E-04      1.40745898E-04
      16      7.67050121E-05      7.67227955E-05
      17      4.19105268E-05      4.19202032E-05
      18      2.29437405E-05      2.29490195E-05
      19      1.25807826E-05      1.25836689E-05
      20      6.90777315E-06      6.90935411E-06
      21      3.79716930E-06      3.79803658E-06
      22      2.08926851E-06      2.08974488E-06
      23      1.15047016E-06      1.15073210E-06
      24      6.33941002E-07      6.34085164E-07
      25      3.49517967E-07      3.49597373E-07
      26      1.92796697E-07      1.92840459E-07
      27      1.06391620E-07      1.06415750E-07
      28      5.87309323E-08      5.87442469E-08
      29      3.24306737E-08      3.24380235E-08
      30      1.79124415E-08      1.79164927E-08
      31      9.89572312E-09      9.89796510E-09
      32      5.46794190E-09      5.46918288E-09
      33      3.02181951E-09      3.02250383E-09
      34      1.67016722E-09      1.67054670E-09
      35      9.23231815E-10      9.23440390E-10
      36      5.10393051E-10      5.10506756E-10

  TOTAL ELASTIC CROSS SECTION = 1.720461E-16 cm**2
               FROM DCS TABLE = 1.720431E-16  (REL. DIF. = 1.75E-05)

  1ST TRANSPORT CROSS SECTION = 7.479708E-17 cm**2
               FROM DCS TABLE = 7.479726E-17  (REL. DIF. = 2.43E-06)

  2ND TRANSPORT CROSS SECTION = 8.654343E-17 cm**2
