    
 E (eV)=   142.000000000000     
       0     -3.20718379E-01      0.00000000E+00
       1      1.45796346E+00      1.45903672E+00
       2      7.40048545E-01      7.40276512E-01
       3      3.88014936E-01      3.88103478E-01
       4      2.05899123E-01      2.05940687E-01
       5      1.10629304E-01      1.10650238E-01
       6      6.01617883E-02      6.01727306E-02
       7      3.30577032E-02      3.30635575E-02
       8      1.83219351E-02      1.83251175E-02
       9      1.02283052E-02      1.02300552E-02
      10      5.74511543E-03      5.74608645E-03
      11      3.24407838E-03      3.24462104E-03
      12      1.84029551E-03      1.84060061E-03
      13      1.04819196E-03      1.04836439E-03
      14      5.99151591E-04      5.99249481E-04
      15      3.43545638E-04      3.43601431E-04
      16      1.97520479E-04      1.97552390E-04
      17      1.13832016E-04      1.13850323E-04
      18      6.57356722E-05      6.57462025E-05
      19      3.80273645E-05      3.80334356E-05
      20      2.20311589E-05      2.20346662E-05
      21      1.27798200E-05      1.27818495E-05
      22      7.42113892E-06      7.42231505E-06
      23      4.31318312E-06      4.31386553E-06
      24      2.50864826E-06      2.50904461E-06
      25      1.45995090E-06      1.46018130E-06
      26      8.50047845E-07      8.50181873E-07
      27      4.95122007E-07      4.95200014E-07
      28      2.88475043E-07      2.88520472E-07
      29      1.68112667E-07      1.68139122E-07
      30      9.79855510E-08      9.80009694E-08
      31      5.71176948E-08      5.71266831E-08
      32      3.32972538E-08      3.33024892E-08
      33      1.94114778E-08      1.94145327E-08
      34      1.13163373E-08      1.13181178E-08
      35      6.59695858E-09      6.59799252E-09
      36      3.84557497E-09      3.84618616E-09
      37      2.24156589E-09      2.24192235E-09
      38      1.30644951E-09      1.30665320E-09
      39      7.61336121E-10      7.61456801E-10
      40      4.43646409E-10      4.43714772E-10

  TOTAL ELASTIC CROSS SECTION = 2.332987E-16 cm**2
               FROM DCS TABLE = 2.332942E-16  (REL. DIF. = 1.92E-05)

  1ST TRANSPORT CROSS SECTION = 8.021899E-17 cm**2
               FROM DCS TABLE = 8.021906E-17  (REL. DIF. = 8.92E-07)

  2ND TRANSPORT CROSS SECTION = 1.076791E-16 cm**2
