    
 E (eV)=   128.000000000000     
       0     -2.52162546E-01      0.00000000E+00
       1      1.48307614E+00      1.48413490E+00
       2      7.31963221E-01      7.32178557E-01
       3      3.70839937E-01      3.70920432E-01
       4      1.90364839E-01      1.90401307E-01
       5      9.91726679E-02      9.91904604E-02
       6      5.23736792E-02      5.23827097E-02
       7      2.79730430E-02      2.79777401E-02
       8      1.50785458E-02      1.50810296E-02
       9      8.18982675E-03      8.19115595E-03
      10      4.47678454E-03      4.47750237E-03
      11      2.46057582E-03      2.46096635E-03
      12      1.35883913E-03      1.35905292E-03
      13      7.53516449E-04      7.53634099E-04
      14      4.19351629E-04      4.19416671E-04
      15      2.34109156E-04      2.34145258E-04
      16      1.31047267E-04      1.31067375E-04
      17      7.35260340E-05      7.35372679E-05
      18      4.13342112E-05      4.13405036E-05
      19      2.32756486E-05      2.32791810E-05
      20      1.31250615E-05      1.31270482E-05
      21      7.40980050E-06      7.41091970E-06
      22      4.18724826E-06      4.18787960E-06
      23      2.36805263E-06      2.36840916E-06
      24      1.34007346E-06      1.34027497E-06
      25      7.58724536E-07      7.58838529E-07
      26      4.29744240E-07      4.29808762E-07
      27      2.43481453E-07      2.43517989E-07
      28      1.37980304E-07      1.38001000E-07
      29      7.82050999E-08      7.82168268E-08
      30      4.43298498E-08      4.43364967E-08
      31      2.51292874E-08      2.51330540E-08
      32      1.42451965E-08      1.42473341E-08
      33      8.07511198E-09      8.07632180E-09
      34      4.57733212E-09      4.57802132E-09
      35      2.59444052E-09      2.59483395E-09
      36      1.47035212E-09      1.47057325E-09
      37      8.33209232E-10      8.33333400E-10
      38      4.72133226E-10      4.72204379E-10

  TOTAL ELASTIC CROSS SECTION = 2.496780E-16 cm**2
               FROM DCS TABLE = 2.496733E-16  (REL. DIF. = 1.90E-05)

  1ST TRANSPORT CROSS SECTION = 9.235335E-17 cm**2
               FROM DCS TABLE = 9.235346E-17  (REL. DIF. = 1.19E-06)

  2ND TRANSPORT CROSS SECTION = 1.188689E-16 cm**2
