    
 E (eV)=   168.000000000000     
       0      5.43409079E-01      0.00000000E+00
       1      2.63022979E-01      2.63102910E-01
       2      1.42700328E-01      1.42732646E-01
       3      8.03852617E-02      8.04016826E-02
       4      4.60595800E-02      4.60685585E-02
       5      2.66251673E-02      2.66302361E-02
       6      1.54645833E-02      1.54674909E-02
       7      9.00510353E-03      9.00678575E-03
       8      5.25020744E-03      5.25118516E-03
       9      3.06238725E-03      3.06295686E-03
      10      1.78621149E-03      1.78654370E-03
      11      1.04152759E-03      1.04172141E-03
      12      6.07017968E-04      6.07131036E-04
      13      3.53578184E-04      3.53644119E-04
      14      2.05827439E-04      2.05865869E-04
      15      1.19742549E-04      1.19764934E-04
      16      6.96181591E-05      6.96311900E-05
      17      4.04512077E-05      4.04587885E-05
      18      2.34900641E-05      2.34944714E-05
      19      1.36329841E-05      1.36355449E-05
      20      7.90792559E-06      7.90941260E-06
      21      4.58469215E-06      4.58555513E-06
      22      2.65671266E-06      2.65721323E-06
      23      1.53877912E-06      1.53906932E-06
      24      8.90872074E-07      8.91040232E-07
      25      5.15550527E-07      5.15647923E-07
      26      2.98231107E-07      2.98287495E-07
      27      1.72452334E-07      1.72484964E-07
      28      9.96844379E-08      9.97033156E-08
      29      5.76016721E-08      5.76125850E-08
      30      3.32736185E-08      3.32799273E-08
      31      1.92144524E-08      1.92180975E-08
      32      1.10923386E-08      1.10944456E-08
      33      6.40169167E-09      6.40290729E-09
      34      3.69358176E-09      3.69428371E-09
      35      2.13052262E-09      2.13093070E-09
      36      1.22857029E-09      1.22880397E-09
      37      7.08253553E-10      7.08393068E-10
      38      4.08222222E-10      4.08301048E-10

  TOTAL ELASTIC CROSS SECTION = 1.847654E-17 cm**2
               FROM DCS TABLE = 1.847604E-17  (REL. DIF. = 2.67E-05)

  1ST TRANSPORT CROSS SECTION = 3.557302E-18 cm**2
               FROM DCS TABLE = 3.557254E-18  (REL. DIF. = 1.36E-05)

  2ND TRANSPORT CROSS SECTION = 7.162841E-18 cm**2
