    
 E (eV)=   220.000000000000     
       0     -1.30429030E-01      0.00000000E+00
       1     -1.53072394E+00     -1.52868523E+00
       2      7.90177137E-01      7.90606793E-01
       3      3.89906202E-01      3.90059286E-01
       4      1.96763249E-01      1.96829755E-01
       5      1.01833212E-01      1.01864879E-01
       6      5.38374303E-02      5.38533181E-02
       7      2.89455339E-02      2.89537742E-02
       8      1.57701332E-02      1.57745056E-02
       9      8.68352278E-03      8.68588173E-03
      10      4.82285003E-03      4.82413897E-03
      11      2.69773748E-03      2.69844889E-03
      12      1.51797310E-03      1.51836898E-03
      13      8.58375900E-04      8.58597687E-04
      14      4.87411423E-04      4.87536377E-04
      15      2.77736426E-04      2.77807157E-04
      16      1.58726757E-04      1.58766955E-04
      17      9.09384186E-05      9.09613402E-05
      18      5.22103356E-05      5.22234429E-05
      19      3.00286740E-05      3.00361871E-05
      20      1.72968784E-05      1.73011936E-05
      21      9.97588675E-06      9.97836944E-06
      22      5.75975127E-06      5.76118172E-06
      23      3.32854170E-06      3.32936689E-06
      24      1.92505495E-06      1.92553149E-06
      25      1.11409272E-06      1.11436815E-06
      26      6.45129150E-07      6.45288461E-07
      27      3.73752106E-07      3.73844317E-07
      28      2.16621945E-07      2.16675346E-07
      29      1.25596574E-07      1.25627513E-07
      30      7.28429879E-08      7.28609183E-08
      31      4.22585210E-08      4.22689225E-08
      32      2.45212404E-08      2.45272706E-08
      33      1.42317060E-08      1.42352082E-08
      34      8.26129349E-09      8.26331899E-09
      35      4.79625993E-09      4.79743944E-09
      36      2.78496115E-09      2.78563989E-09
      37      1.61727021E-09      1.61766225E-09
      38      9.39220205E-10      9.39450404E-10
      39      5.45482403E-10      5.45614942E-10

  TOTAL ELASTIC CROSS SECTION = 1.536706E-16 cm**2
               FROM DCS TABLE = 1.536679E-16  (REL. DIF. = 1.80E-05)

  1ST TRANSPORT CROSS SECTION = 5.898245E-17 cm**2
               FROM DCS TABLE = 5.898256E-17  (REL. DIF. = 1.76E-06)

  2ND TRANSPORT CROSS SECTION = 7.435295E-17 cm**2
