    
 E (eV)=   72.0000000000000     
       0      1.30395598E-01      0.00000000E+00
       1     -1.52005539E+00     -1.51905475E+00
       2      6.56834523E-01      6.56986593E-01
       3      2.63992234E-01      2.64035523E-01
       4      1.10021968E-01      1.10037697E-01
       5      4.73207890E-02      4.73271248E-02
       6      2.08017049E-02      2.08043897E-02
       7      9.28589898E-03      9.28706939E-03
       8      4.19316800E-03      4.19368752E-03
       9      1.91069374E-03      1.91092732E-03
      10      8.77070808E-04      8.77176862E-04
      11      4.05054028E-04      4.05102565E-04
      12      1.88005018E-04      1.88027379E-04
      13      8.76229991E-05      8.76333561E-05
      14      4.09758940E-05      4.09807129E-05
      15      1.92139940E-05      1.92162444E-05
      16      9.02912433E-06      9.03017842E-06
      17      4.25021078E-06      4.25070570E-06
      18      2.00329101E-06      2.00352382E-06
      19      9.45165215E-07      9.45274896E-07
      20      4.46260346E-07      4.46312080E-07
      21      2.10811250E-07      2.10835671E-07
      22      9.96208253E-08      9.96323585E-08
      23      4.70867560E-08      4.70922065E-08
      24      2.22583384E-08      2.22609145E-08
      25      1.05218752E-08      1.05230911E-08
      26      4.97359025E-09      4.97416087E-09
      27      2.35075221E-09      2.35102357E-09
      28      1.11092089E-09      1.11105170E-09
      29      5.24896350E-10      5.24958633E-10
      30      2.47918163E-10      2.47944987E-10

  TOTAL ELASTIC CROSS SECTION = 3.650909E-16 cm**2
               FROM DCS TABLE = 3.650842E-16  (REL. DIF. = 1.85E-05)

  1ST TRANSPORT CROSS SECTION = 1.930983E-16 cm**2
               FROM DCS TABLE = 1.930986E-16  (REL. DIF. = 1.68E-06)

  2ND TRANSPORT CROSS SECTION = 1.903685E-16 cm**2
