    
 E (eV)=   140.000000000000     
       0     -3.11361227E-01      0.00000000E+00
       1      1.46139904E+00      1.46247024E+00
       2      7.39036112E-01      7.39262326E-01
       3      3.85723222E-01      3.85810641E-01
       4      2.03774793E-01      2.03815636E-01
       5      1.09034061E-01      1.09054544E-01
       6      5.90609675E-02      5.90716313E-02
       7      3.23292963E-02      3.23349800E-02
       8      1.78514402E-02      1.78545183E-02
       9      9.92902948E-03      9.93071608E-03
      10      5.55672867E-03      5.55766109E-03
      11      3.12637281E-03      3.12689202E-03
      12      1.76715369E-03      1.76744456E-03
      13      1.00292957E-03      1.00309338E-03
      14      5.71231654E-04      5.71324319E-04
      15      3.26367474E-04      3.26420102E-04
      16      1.86973727E-04      1.87003721E-04
      17      1.07368422E-04      1.07385568E-04
      18      6.17807888E-05      6.17906165E-05
      19      3.56110212E-05      3.56166671E-05
      20      2.05568460E-05      2.05600960E-05
      21      1.18814527E-05      1.18833266E-05
      22      6.87441270E-06      6.87549473E-06
      23      3.98086745E-06      3.98149300E-06
      24      2.30690146E-06      2.30726347E-06
      25      1.33761704E-06      1.33782672E-06
      26      7.75954531E-07      7.76076059E-07
      27      4.50297822E-07      4.50368294E-07
      28      2.61388390E-07      2.61429281E-07
      29      1.51762626E-07      1.51786353E-07
      30      8.81269984E-08      8.81407699E-08
      31      5.11796045E-08      5.11876022E-08
      32      2.97242499E-08      2.97288945E-08
      33      1.72636925E-08      1.72663899E-08
      34      1.00265404E-08      1.00281050E-08
      35      5.82314352E-09      5.82405876E-09
      36      3.38176126E-09      3.38228792E-09
      37      1.96378995E-09      1.96408990E-09
      38      1.14022258E-09      1.14039837E-09
      39      6.61968840E-10      6.62071384E-10
      40      3.84297422E-10      3.84359437E-10

  TOTAL ELASTIC CROSS SECTION = 2.354743E-16 cm**2
               FROM DCS TABLE = 2.354698E-16  (REL. DIF. = 1.92E-05)

  1ST TRANSPORT CROSS SECTION = 8.178898E-17 cm**2
               FROM DCS TABLE = 8.178905E-17  (REL. DIF. = 9.34E-07)

  2ND TRANSPORT CROSS SECTION = 1.091730E-16 cm**2
