    
 E (eV)=   60.0000000000000     
       0      7.62897976E-01      0.00000000E+00
       1     -1.16182673E+00     -1.15988571E+00
       2      5.22227971E-01      5.22398893E-01
       3      1.39509455E-01      1.39537365E-01
       4      4.26415423E-02      4.26488250E-02
       5      1.38755276E-02      1.38777430E-02
       6      4.67174094E-03      4.67245924E-03
       7      1.60744103E-03      1.60768206E-03
       8      5.61484445E-04      5.61567132E-04
       9      1.98278870E-04      1.98307683E-04
      10      7.05835193E-05      7.05936744E-05
      11      2.52766859E-05      2.52802956E-05
      12      9.09219476E-06      9.09348595E-06
      13      3.28143288E-06      3.28189693E-06
      14      1.18725840E-06      1.18742576E-06
      15      4.30375529E-07      4.30436058E-07
      16      1.56232862E-07      1.56254792E-07
      17      5.67768861E-08      5.67848489E-08
      18      2.06507073E-08      2.06536008E-08
      19      7.51586327E-09      7.51691418E-09
      20      2.73674711E-09      2.73713176E-09
      21      9.96875235E-10      9.97014800E-10
      22      3.63226782E-10      3.63279086E-10

  TOTAL ELASTIC CROSS SECTION = 3.511003E-16 cm**2
               FROM DCS TABLE = 3.510925E-16  (REL. DIF. = 2.22E-05)

  1ST TRANSPORT CROSS SECTION = 2.645605E-16 cm**2
               FROM DCS TABLE = 2.645574E-16  (REL. DIF. = 1.17E-05)

  2ND TRANSPORT CROSS SECTION = 1.863325E-16 cm**2
