    
 E (eV)=   136.000000000000     
       0      5.78192832E-01      0.00000000E+00
       1      2.67306508E-01      2.67378588E-01
       2      1.37621256E-01      1.37649031E-01
       3      7.34127675E-02      7.34261940E-02
       4      3.97949750E-02      3.98019454E-02
       5      2.17483188E-02      2.17520494E-02
       6      1.19357040E-02      1.19377304E-02
       7      6.56369342E-03      6.56480242E-03
       8      3.61228400E-03      3.61289319E-03
       9      1.98807481E-03      1.98841000E-03
      10      1.09375387E-03      1.09393839E-03
      11      6.01370888E-04      6.01472455E-04
      12      3.30407513E-04      3.30463391E-04
      13      1.81392905E-04      1.81423626E-04
      14      9.95059620E-05      9.95228388E-05
      15      5.45433676E-05      5.45526317E-05
      16      2.98751459E-05      2.98802271E-05
      17      1.63518701E-05      1.63546549E-05
      18      8.94395103E-06      8.94547613E-06
      19      4.88890435E-06      4.88973897E-06
      20      2.67072437E-06      2.67118082E-06
      21      1.45813125E-06      1.45838072E-06
      22      7.95661001E-07      7.95797260E-07
      23      4.33946841E-07      4.34021222E-07
      24      2.36556086E-07      2.36596673E-07
      25      1.28893826E-07      1.28915962E-07
      26      7.02006953E-08      7.02127592E-08
      27      3.82183359E-08      3.82249078E-08
      28      2.07984585E-08      2.08020403E-08
      29      1.13143309E-08      1.13162815E-08
      30      6.15283301E-09      6.15389402E-09
      31      3.34480520E-09      3.34538697E-09
      32      1.81771243E-09      1.81802564E-09
      33      9.87493002E-10      9.87662513E-10
      34      5.36327446E-10      5.36418131E-10

  TOTAL ELASTIC CROSS SECTION = 2.330476E-17 cm**2
               FROM DCS TABLE = 2.330417E-17  (REL. DIF. = 2.52E-05)

  1ST TRANSPORT CROSS SECTION = 5.153344E-18 cm**2
               FROM DCS TABLE = 5.153278E-18  (REL. DIF. = 1.29E-05)

  2ND TRANSPORT CROSS SECTION = 1.010213E-17 cm**2
