    
 E (eV)=   158.000000000000     
       0      5.53306187E-01      0.00000000E+00
       1      2.64376831E-01      2.64454407E-01
       2      1.41350007E-01      1.41380958E-01
       3      7.84206531E-02      7.84361625E-02
       4      4.42418533E-02      4.42502117E-02
       5      2.51757035E-02      2.51803524E-02
       6      1.43923983E-02      1.43950247E-02
       7      8.24756870E-03      8.24906478E-03
       8      4.73150107E-03      4.73235698E-03
       9      2.71529847E-03      2.71578921E-03
      10      1.55805194E-03      1.55833356E-03
      11      8.93664439E-04      8.93826092E-04
      12      5.12305164E-04      5.12397932E-04
      13      2.93501253E-04      2.93554465E-04
      14      1.68036287E-04      1.68066792E-04
      15      9.61402072E-05      9.61576832E-05
      16      5.49692874E-05      5.49792924E-05
      17      3.14091841E-05      3.14149080E-05
      18      1.79359923E-05      1.79392649E-05
      19      1.02361864E-05      1.02380562E-05
      20      5.83857907E-06      5.83964673E-06
      21      3.32846838E-06      3.32907767E-06
      22      1.89653886E-06      1.89688636E-06
      23      1.08011590E-06      1.08031399E-06
      24      6.14866590E-07      6.14979456E-07
      25      3.49867395E-07      3.49931668E-07
      26      1.98997503E-07      1.99034090E-07
      27      1.13141502E-07      1.13162325E-07
      28      6.43035331E-08      6.43153758E-08
      29      3.65337874E-08      3.65405199E-08
      30      2.07495251E-08      2.07533550E-08
      31      1.17809558E-08      1.17831310E-08
      32      6.68681135E-09      6.68804242E-09
      33      3.79431192E-09      3.79501438E-09
      34      2.15239364E-09      2.15279405E-09
      35      1.22060539E-09      1.22083210E-09
      36      6.92008456E-10      6.92136810E-10
      37      3.92257550E-10      3.92330795E-10

  TOTAL ELASTIC CROSS SECTION = 1.975864E-17 cm**2
               FROM DCS TABLE = 1.975812E-17  (REL. DIF. = 2.63E-05)

  1ST TRANSPORT CROSS SECTION = 3.961987E-18 cm**2
               FROM DCS TABLE = 3.961934E-18  (REL. DIF. = 1.34E-05)

  2ND TRANSPORT CROSS SECTION = 7.917756E-18 cm**2
