    
 E (eV)=   76.0000000000000     
       0      9.43045887E-02      0.00000000E+00
       1     -1.53305670E+00     -1.53205211E+00
       2      6.66168276E-01      6.66325884E-01
       3      2.74446737E-01      2.74492960E-01
       4      1.16831793E-01      1.16848961E-01
       5      5.12407976E-02      5.12478464E-02
       6      2.29543571E-02      2.29573993E-02
       7      1.04393175E-02      1.04406682E-02
       8      4.80184301E-03      4.80245359E-03
       9      2.22861395E-03      2.22889351E-03
      10      1.04191905E-03      1.04204831E-03
      11      4.90072242E-04      4.90132486E-04
      12      2.31670004E-04      2.31698266E-04
      13      1.09973472E-04      1.09986803E-04
      14      5.23832146E-05      5.23895313E-05
      15      2.50210287E-05      2.50240330E-05
      16      1.19781555E-05      1.19795889E-05
      17      5.74441388E-06      5.74509940E-06
      18      2.75869728E-06      2.75902580E-06
      19      1.32624856E-06      1.32640624E-06
      20      6.38106325E-07      6.38182094E-07
      21      3.07195073E-07      3.07231517E-07
      22      1.47948949E-07      1.47966489E-07
      23      7.12728652E-08      7.12813135E-08
      24      3.43401828E-08      3.43442567E-08
      25      1.65465583E-08      1.65485192E-08
      26      7.97270442E-09      7.97364545E-09
      27      3.84123910E-09      3.84169322E-09
      28      1.85052002E-09      1.85073836E-09
      29      8.91358854E-10      8.91466107E-10
      30      4.29262170E-10      4.29313393E-10

  TOTAL ELASTIC CROSS SECTION = 3.520439E-16 cm**2
               FROM DCS TABLE = 3.520374E-16  (REL. DIF. = 1.85E-05)

  1ST TRANSPORT CROSS SECTION = 1.807752E-16 cm**2
               FROM DCS TABLE = 1.807755E-16  (REL. DIF. = 1.80E-06)

  2ND TRANSPORT CROSS SECTION = 1.830000E-16 cm**2
