    
 E (eV)=   112.000000000000     
       0      3.31720104E-01      0.00000000E+00
       1     -1.34254753E+00     -1.34059317E+00
       2      6.85984027E-01      6.86270901E-01
       3      2.54401669E-01      2.54472595E-01
       4      1.00887918E-01      1.00911697E-01
       5      4.20084099E-02      4.20175318E-02
       6      1.80511266E-02      1.80548649E-02
       7      7.92484022E-03      7.92643104E-03
       8      3.53351089E-03      3.53420450E-03
       9      1.59398547E-03      1.59429311E-03
      10      7.25548169E-04      7.25686373E-04
      11      3.32584832E-04      3.32647531E-04
      12      1.53301800E-04      1.53330464E-04
      13      7.09741484E-05      7.09873328E-05
      14      3.29738190E-05      3.29799125E-05
      15      1.53619342E-05      1.53647613E-05
      16      7.17276742E-06      7.17408303E-06
      17      3.35505412E-06      3.35566786E-06
      18      1.57156436E-06      1.57185123E-06
      19      7.36994455E-07      7.37128750E-07
      20      3.45939476E-07      3.46002422E-07
      21      1.62503851E-07      1.62533386E-07
      22      7.63825131E-08      7.63963823E-08
      23      3.59205339E-08      3.59270541E-08
      24      1.68993813E-08      1.69024422E-08
      25      7.95323863E-09      7.95468400E-09
      26      3.74400221E-09      3.74467816E-09
      27      1.76291174E-09      1.76323193E-09
      28      8.30247463E-10      8.30398595E-10
      29      3.91028762E-10      3.91100561E-10

  TOTAL ELASTIC CROSS SECTION = 2.358564E-16 cm**2
               FROM DCS TABLE = 2.358525E-16  (REL. DIF. = 1.69E-05)

  1ST TRANSPORT CROSS SECTION = 1.384923E-16 cm**2
               FROM DCS TABLE = 1.384926E-16  (REL. DIF. = 2.20E-06)

  2ND TRANSPORT CROSS SECTION = 1.234042E-16 cm**2
