    
 E (eV)=   110.000000000000     
       0      3.44125495E-01      0.00000000E+00
       1     -1.33745115E+00     -1.33549792E+00
       2      6.82098098E-01      6.82381411E-01
       3      2.50745570E-01      2.50814820E-01
       4      9.87421044E-02      9.87651551E-02
       5      4.08511376E-02      4.08599259E-02
       6      1.74444092E-02      1.74479892E-02
       7      7.61120413E-03      7.61271843E-03
       8      3.37278352E-03      3.37343978E-03
       9      1.51211631E-03      1.51240562E-03
      10      6.84038383E-04      6.84167565E-04
      11      3.11617216E-04      3.11675465E-04
      12      1.42744903E-04      1.42771369E-04
      13      6.56744809E-05      6.56865793E-05
      14      3.03205801E-05      3.03261371E-05
      15      1.40370263E-05      1.40395883E-05
      16      6.51278654E-06      6.51397138E-06
      17      3.02706242E-06      3.02761167E-06
      18      1.40892415E-06      1.40917926E-06
      19      6.56517170E-07      6.56635844E-07
      20      3.06197847E-07      3.06253117E-07
      21      1.42915815E-07      1.42941584E-07
      22      6.67452805E-08      6.67573023E-08
      23      3.11871274E-08      3.11927401E-08
      24      1.45782495E-08      1.45808724E-08
      25      6.81674598E-09      6.81796883E-09
      26      3.18834779E-09      3.18892050E-09
      27      1.49161698E-09      1.49188671E-09
      28      6.97940308E-10      6.98065746E-10
      29      3.26611874E-10      3.26668551E-10

  TOTAL ELASTIC CROSS SECTION = 2.385890E-16 cm**2
               FROM DCS TABLE = 2.385850E-16  (REL. DIF. = 1.69E-05)

  1ST TRANSPORT CROSS SECTION = 1.414222E-16 cm**2
               FROM DCS TABLE = 1.414225E-16  (REL. DIF. = 2.07E-06)

  2ND TRANSPORT CROSS SECTION = 1.248356E-16 cm**2
