    
 E (eV)=   140.000000000000     
       0      1.78364321E-01      0.00000000E+00
       1     -1.40525755E+00     -1.40328466E+00
       2      7.29340241E-01      7.29672172E-01
       3      3.00200169E-01      3.00294117E-01
       4      1.29555970E-01      1.29590374E-01
       5      5.82529367E-02      5.82671553E-02
       6      2.69564161E-02      2.69626753E-02
       7      1.27311708E-02      1.27340305E-02
       8      6.10415503E-03      6.10549376E-03
       9      2.96071702E-03      2.96135465E-03
      10      1.44910483E-03      1.44941249E-03
      11      7.14385245E-04      7.14535197E-04
      12      3.54224867E-04      3.54298539E-04
      13      1.76463674E-04      1.76500103E-04
      14      8.82420248E-05      8.82601308E-05
      15      4.42618814E-05      4.42709185E-05
      16      2.22571331E-05      2.22616592E-05
      17      1.12148242E-05      1.12170973E-05
      18      5.66027241E-06      5.66141658E-06
      19      2.86070271E-06      2.86127969E-06
      20      1.44741377E-06      1.44770518E-06
      21      7.33012593E-07      7.33159952E-07
      22      3.71500407E-07      3.71574997E-07
      23      1.88399531E-07      1.88437319E-07
      24      9.55931775E-08      9.56123311E-08
      25      4.85246473E-08      4.85343628E-08
      26      2.46408241E-08      2.46457567E-08
      27      1.25164504E-08      1.25189505E-08
      28      6.35941667E-09      6.36069183E-09
      29      3.23177315E-09      3.23241701E-09
      30      1.64263608E-09      1.64296255E-09
      31      8.35056407E-10      8.35225220E-10
      32      4.24568728E-10      4.24654924E-10

  TOTAL ELASTIC CROSS SECTION = 2.045768E-16 cm**2
               FROM DCS TABLE = 2.045733E-16  (REL. DIF. = 1.70E-05)

  1ST TRANSPORT CROSS SECTION = 1.059236E-16 cm**2
               FROM DCS TABLE = 1.059239E-16  (REL. DIF. = 2.91E-06)

  2ND TRANSPORT CROSS SECTION = 1.063163E-16 cm**2
