    
 E (eV)=   174.000000000000     
       0      5.37822368E-01      0.00000000E+00
       1      2.62209925E-01      2.62291233E-01
       2      1.43426063E-01      1.43459181E-01
       3      8.14839212E-02      8.15008790E-02
       4      4.70954524E-02      4.71047994E-02
       5      2.74639177E-02      2.74692385E-02
       6      1.60938181E-02      1.60968965E-02
       7      9.45574494E-03      9.45754143E-03
       8      5.56290357E-03      5.56395694E-03
       9      3.27439715E-03      3.27501633E-03
      10      1.92741269E-03      1.92777709E-03
      11      1.13423771E-03      1.13445225E-03
      12      6.67181516E-04      6.67307822E-04
      13      3.92240114E-04      3.92314451E-04
      14      2.30465804E-04      2.30509534E-04
      15      1.35331549E-04      1.35357259E-04
      16      7.94199245E-05      7.94350309E-05
      17      4.65803283E-05      4.65891989E-05
      18      2.73039846E-05      2.73091903E-05
      19      1.59959231E-05      1.59989763E-05
      20      9.36618083E-06      9.36797049E-06
      21      5.48145876E-06      5.48250720E-06
      22      3.20642054E-06      3.20703443E-06
      23      1.87475961E-06      1.87511888E-06
      24      1.09567345E-06      1.09588360E-06
      25      6.40083099E-07      6.40205969E-07
      26      3.73783300E-07      3.73855111E-07
      27      2.18192609E-07      2.18234559E-07
      28      1.27322348E-07      1.27346845E-07
      29      7.42712309E-08      7.42855291E-08
      30      4.33106609E-08      4.33190074E-08
      31      2.52484412E-08      2.52533093E-08
      32      1.47144684E-08      1.47173048E-08
      33      8.57290508E-09      8.57456336E-09
      34      4.99339736E-09      4.99436390E-09
      35      2.90771598E-09      2.90827544E-09
      36      1.69276791E-09      1.69309298E-09
      37      9.85187521E-10      9.85374471E-10
      38      5.73227002E-10      5.73334428E-10

  TOTAL ELASTIC CROSS SECTION = 1.778326E-17 cm**2
               FROM DCS TABLE = 1.778278E-17  (REL. DIF. = 2.70E-05)

  1ST TRANSPORT CROSS SECTION = 3.344633E-18 cm**2
               FROM DCS TABLE = 3.344587E-18  (REL. DIF. = 1.37E-05)

  2ND TRANSPORT CROSS SECTION = 6.763140E-18 cm**2
