    
 E (eV)=   74.0000000000000     
       0      6.91056324E-01      0.00000000E+00
       1      2.73102729E-01      2.73155840E-01
       2      1.16758413E-01      1.16775568E-01
       3      5.14052271E-02      5.14121619E-02
       4      2.29413403E-02      2.29443363E-02
       5      1.03004622E-02      1.03017904E-02
       6      4.63472256E-03      4.63531767E-03
       7      2.08565717E-03      2.08592486E-03
       8      9.37737710E-04      9.37858227E-04
       9      4.21060855E-04      4.21115078E-04
      10      1.88783653E-04      1.88808018E-04
      11      8.45150996E-05      8.45260319E-05
      12      3.77815026E-05      3.77864003E-05
      13      1.68669510E-05      1.68691418E-05
      14      7.52051933E-06      7.52149800E-06
      15      3.34930047E-06      3.34973708E-06
      16      1.49002757E-06      1.49022211E-06
      17      6.62223039E-07      6.62309627E-07
      18      2.94046923E-07      2.94085426E-07
      19      1.30455041E-07      1.30472144E-07
      20      5.78314341E-08      5.78390279E-08
      21      2.56182572E-08      2.56216216E-08
      22      1.13406453E-08      1.13421354E-08
      23      5.01707142E-09      5.01772853E-09
      24      2.21823506E-09      2.21852955E-09
      25      9.80206716E-10      9.80335048E-10
      26      4.32868295E-10      4.32924231E-10

  TOTAL ELASTIC CROSS SECTION = 4.639293E-17 cm**2
               FROM DCS TABLE = 4.639199E-17  (REL. DIF. = 2.03E-05)

  1ST TRANSPORT CROSS SECTION = 1.490042E-17 cm**2
               FROM DCS TABLE = 1.490027E-17  (REL. DIF. = 1.01E-05)

  2ND TRANSPORT CROSS SECTION = 2.666335E-17 cm**2
