    
 E (eV)=   176.000000000000     
       0      2.16729559E-02      0.00000000E+00
       1     -1.46897152E+00     -1.46697036E+00
       2      7.64573700E-01      7.64953866E-01
       3      3.46769850E-01      3.46891712E-01
       4      1.62419292E-01      1.62468044E-01
       5      7.86070177E-02      7.86286962E-02
       6      3.90145341E-02      3.90247517E-02
       7      1.97314232E-02      1.97364137E-02
       8      1.01230024E-02      1.01254988E-02
       9      5.25194680E-03      5.25321707E-03
      10      2.74922693E-03      2.74988173E-03
      11      1.44958409E-03      1.44992508E-03
      12      7.68858045E-04      7.69037070E-04
      13      4.09791212E-04      4.09885830E-04
      14      2.19292389E-04      2.19342670E-04
      15      1.17740853E-04      1.17767694E-04
      16      6.33907278E-05      6.34051095E-05
      17      3.42070251E-05      3.42147548E-05
      18      1.84938733E-05      1.84980385E-05
      19      1.00144012E-05      1.00166504E-05
      20      5.42990803E-06      5.43112472E-06
      21      2.94738046E-06      2.94803961E-06
      22      1.60132114E-06      1.60167868E-06
      23      8.70672818E-07      8.70866954E-07
      24      4.73710170E-07      4.73815675E-07
      25      2.57873998E-07      2.57931379E-07
      26      1.40443859E-07      1.40475081E-07
      27      7.65187714E-08      7.65357706E-08
      28      4.17040145E-08      4.17132762E-08
      29      2.27357897E-08      2.27408327E-08
      30      1.23978534E-08      1.24006030E-08
      31      6.76199203E-09      6.76348693E-09
      32      3.68874461E-09      3.68955658E-09
      33      2.01254686E-09      2.01299540E-09
      34      1.09814005E-09      1.09838211E-09
      35      5.99268823E-10      5.99402060E-10
      36      3.27068841E-10      3.27145159E-10

  TOTAL ELASTIC CROSS SECTION = 1.769501E-16 cm**2
               FROM DCS TABLE = 1.769471E-16  (REL. DIF. = 1.74E-05)

  1ST TRANSPORT CROSS SECTION = 7.925669E-17 cm**2
               FROM DCS TABLE = 7.925689E-17  (REL. DIF. = 2.57E-06)

  2ND TRANSPORT CROSS SECTION = 8.967625E-17 cm**2
