    
 E (eV)=   226.000000000000     
       0     -1.48714807E-01      0.00000000E+00
       1     -1.53815258E+00     -1.53610864E+00
       2      7.92703862E-01      7.93139677E-01
       3      3.94875934E-01      3.95033037E-01
       4      2.00995566E-01      2.01064475E-01
       5      1.04836058E-01      1.04869136E-01
       6      5.58309639E-02      5.58476806E-02
       7      3.02292809E-02      3.02380115E-02
       8      1.65833739E-02      1.65880379E-02
       9      9.19364240E-03      9.19617559E-03
      10      5.14077123E-03      5.14216462E-03
      11      2.89498298E-03      2.89575715E-03
      12      1.63994084E-03      1.64037450E-03
      13      9.33598941E-04      9.33843507E-04
      14      5.33705581E-04      5.33844285E-04
      15      3.06174477E-04      3.06253516E-04
      16      1.76167112E-04      1.76212332E-04
      17      1.01617842E-04      1.01643800E-04
      18      5.87403625E-05      5.87553065E-05
      19      3.40160234E-05      3.40246473E-05
      20      1.97283957E-05      1.97333827E-05
      21      1.14567425E-05      1.14596312E-05
      22      6.66050805E-06      6.66218389E-06
      23      3.87578236E-06      3.87675576E-06
      24      2.25713429E-06      2.25770029E-06
      25      1.31537919E-06      1.31570859E-06
      26      7.67003869E-07      7.67195731E-07
      27      4.47467151E-07      4.47578968E-07
      28      2.61162783E-07      2.61227992E-07
      29      1.52483302E-07      1.52521349E-07
      30      8.90578191E-08      8.90800229E-08
      31      5.20285265E-08      5.20414937E-08
      32      3.04029346E-08      3.04105075E-08
      33      1.77697055E-08      1.77741275E-08
      34      1.03877497E-08      1.03903310E-08
      35      6.07340727E-09      6.07491869E-09
      36      3.55141898E-09      3.55230343E-09
      37      2.07695733E-09      2.07747074E-09
      38      1.21475275E-09      1.21505619E-09
      39      7.10504623E-10      7.10681109E-10
      40      4.15603249E-10      4.15708583E-10

  TOTAL ELASTIC CROSS SECTION = 1.510763E-16 cm**2
               FROM DCS TABLE = 1.510735E-16  (REL. DIF. = 1.81E-05)

  1ST TRANSPORT CROSS SECTION = 5.687416E-17 cm**2
               FROM DCS TABLE = 5.687426E-17  (REL. DIF. = 1.65E-06)

  2ND TRANSPORT CROSS SECTION = 7.258120E-17 cm**2
