    
 E (eV)=   144.000000000000     
       0     -3.29940817E-01      0.00000000E+00
       1      1.45457475E+00      1.45565006E+00
       2      7.41018569E-01      7.41248271E-01
       3      3.90256687E-01      3.90346344E-01
       4      2.07993185E-01      2.08035469E-01
       5      1.12210785E-01      1.12232172E-01
       6      6.12583084E-02      6.12695306E-02
       7      3.37863636E-02      3.37923901E-02
       8      1.87944778E-02      1.87977657E-02
       9      1.05300391E-02      1.05318537E-02
      10      5.93576076E-03      5.93677117E-03
      11      3.36363306E-03      3.36419973E-03
      12      1.91485594E-03      1.91517566E-03
      13      1.09449810E-03      1.09467943E-03
      14      6.27817393E-04      6.27920691E-04
      15      3.61245455E-04      3.61304536E-04
      16      2.08426091E-04      2.08459999E-04
      17      1.20539259E-04      1.20558780E-04
      18      6.98542167E-05      6.98654844E-05
      19      4.05526575E-05      4.05591764E-05
      20      2.35774454E-05      2.35812245E-05
      21      1.37254174E-05      1.37276119E-05
      22      7.99867559E-06      7.99995185E-06
      23      4.66549186E-06      4.66623499E-06
      24      2.72330674E-06      2.72373990E-06
      25      1.59058665E-06      1.59083935E-06
      26      9.29457617E-07      9.29605141E-07
      27      5.43338115E-07      5.43424289E-07
      28      3.17718239E-07      3.17768602E-07
      29      1.85829321E-07      1.85858765E-07
      30      1.08707515E-07      1.08724733E-07
      31      6.35997217E-08      6.36097954E-08
      32      3.72119821E-08      3.72178731E-08
      33      2.17734029E-08      2.17768504E-08
      34      1.27400134E-08      1.27420334E-08
      35      7.45423060E-09      7.45541092E-09
      36      4.36135745E-09      4.36204936E-09
      37      2.55161437E-09      2.55202246E-09
      38      1.49267588E-09      1.49291445E-09
      39      8.73088125E-10      8.73219967E-10
      40      5.10637202E-10      5.10717423E-10

  TOTAL ELASTIC CROSS SECTION = 2.311722E-16 cm**2
               FROM DCS TABLE = 2.311677E-16  (REL. DIF. = 1.93E-05)

  1ST TRANSPORT CROSS SECTION = 7.869727E-17 cm**2
               FROM DCS TABLE = 7.869733E-17  (REL. DIF. = 8.50E-07)

  2ND TRANSPORT CROSS SECTION = 1.062172E-16 cm**2
