    
 E (eV)=   132.000000000000     
       0      5.83271935E-01      0.00000000E+00
       1      2.67823529E-01      2.67894556E-01
       2      1.36807196E-01      1.36834366E-01
       3      7.23846701E-02      7.23977059E-02
       4      3.89131777E-02      3.89198927E-02
       5      2.10885433E-02      2.10921086E-02
       6      1.14758403E-02      1.14777611E-02
       7      6.25700076E-03      6.25804325E-03
       8      3.41389917E-03      3.41446699E-03
       9      1.86262702E-03      1.86293679E-03
      10      1.01581527E-03      1.01598433E-03
      11      5.53631558E-04      5.53723805E-04
      12      3.01506183E-04      3.01556490E-04
      13      1.64067188E-04      1.64094603E-04
      14      8.92062136E-05      8.92211418E-05
      15      4.84644962E-05      4.84726182E-05
      16      2.63099562E-05      2.63143715E-05
      17      1.42724838E-05      1.42748821E-05
      18      7.73709964E-06      7.73840143E-06
      19      4.19152743E-06      4.19223350E-06
      20      2.26933062E-06      2.26971332E-06
      21      1.22791891E-06      1.22812621E-06
      22      6.64052484E-07      6.64164698E-07
      23      3.58929628E-07      3.58990336E-07
      24      1.93911150E-07      1.93943975E-07
      25      1.04711538E-07      1.04729278E-07
      26      5.65191546E-08      5.65287379E-08
      27      3.04940692E-08      3.04992432E-08
      28      1.64460901E-08      1.64488834E-08
      29      8.86642271E-09      8.86793164E-09
      30      4.77835961E-09      4.77917367E-09
      31      2.57430505E-09      2.57474243E-09
      32      1.38639424E-09      1.38663491E-09
      33      7.46419205E-10      7.46554534E-10
      34      4.01758493E-10      4.01832369E-10

  TOTAL ELASTIC CROSS SECTION = 2.408825E-17 cm**2
               FROM DCS TABLE = 2.408764E-17  (REL. DIF. = 2.50E-05)

  1ST TRANSPORT CROSS SECTION = 5.429952E-18 cm**2
               FROM DCS TABLE = 5.429883E-18  (REL. DIF. = 1.28E-05)

  2ND TRANSPORT CROSS SECTION = 1.060209E-17 cm**2
