    
 E (eV)=   72.0000000000000     
       0      6.96652936E-01      0.00000000E+00
       1      2.73115807E-01      2.73168176E-01
       2      1.15633089E-01      1.15649847E-01
       3      5.04044379E-02      5.04111487E-02
       4      2.22691677E-02      2.22720393E-02
       5      9.89730737E-03      9.89856802E-03
       6      4.40767438E-03      4.40823360E-03
       7      1.96295283E-03      1.96320182E-03
       8      8.73359933E-04      8.73470874E-04
       9      3.88037086E-04      3.88086480E-04
      10      1.72142157E-04      1.72164120E-04
      11      7.62490872E-05      7.62588377E-05
      12      3.37243642E-05      3.37286861E-05
      13      1.48954900E-05      1.48974027E-05
      14      6.57069333E-06      6.57153867E-06
      15      2.89504718E-06      2.89542029E-06
      16      1.27417242E-06      1.27433689E-06
      17      5.60229034E-07      5.60301458E-07
      18      2.46094081E-07      2.46125934E-07
      19      1.08010274E-07      1.08024271E-07
      20      4.73679601E-08      4.73741085E-08
      21      2.07578993E-08      2.07605961E-08
      22      9.09039048E-09      9.09157148E-09
      23      3.97837860E-09      3.97890039E-09
      24      1.74009244E-09      1.74032039E-09
      25      7.60637307E-10      7.60734161E-10
      26      3.32278896E-10      3.32321039E-10

  TOTAL ELASTIC CROSS SECTION = 4.788884E-17 cm**2
               FROM DCS TABLE = 4.788788E-17  (REL. DIF. = 2.00E-05)

  1ST TRANSPORT CROSS SECTION = 1.562637E-17 cm**2
               FROM DCS TABLE = 1.562622E-17  (REL. DIF. = 1.00E-05)

  2ND TRANSPORT CROSS SECTION = 2.783348E-17 cm**2
