    
 E (eV)=   74.0000000000000     
       0      1.12102899E-01      0.00000000E+00
       1     -1.52664502E+00     -1.52564242E+00
       2      6.61624105E-01      6.61778971E-01
       3      2.69290121E-01      2.69334882E-01
       4      1.13447625E-01      1.13464071E-01
       5      4.92815516E-02      4.92882409E-02
       6      2.18729824E-02      2.18758436E-02
       7      9.85712096E-03      9.85837993E-03
       8      4.49317774E-03      4.49374179E-03
       9      2.06665582E-03      2.06691179E-03
      10      9.57561186E-04      9.57678487E-04
      11      4.46371218E-04      4.46425402E-04
      12      2.09125606E-04      2.09150800E-04
      13      9.83827801E-05      9.83945582E-05
      14      4.64414082E-05      4.64469395E-05
      15      2.19829532E-05      2.19855605E-05
      16      1.04285141E-05      1.04297468E-05
      17      4.95579295E-06      4.95637723E-06
      18      2.35825013E-06      2.35852759E-06
      19      1.12334509E-06      1.12347705E-06
      20      5.35511508E-07      5.35574349E-07
      21      2.55425134E-07      2.55455084E-07
      22      1.21877120E-07      1.21891402E-07
      23      5.81680243E-08      5.81748379E-08
      24      2.77652969E-08      2.77685518E-08
      25      1.32536993E-08      1.32552514E-08
      26      6.32638865E-09      6.32712738E-09
      27      3.01952170E-09      3.01987607E-09
      28      1.44102558E-09      1.44119667E-09
      29      6.87575583E-10      6.87651643E-10
      30      3.27991632E-10      3.28034096E-10

  TOTAL ELASTIC CROSS SECTION = 3.584110E-16 cm**2
               FROM DCS TABLE = 3.584043E-16  (REL. DIF. = 1.85E-05)

  1ST TRANSPORT CROSS SECTION = 1.867697E-16 cm**2
               FROM DCS TABLE = 1.867700E-16  (REL. DIF. = 1.75E-06)

  2ND TRANSPORT CROSS SECTION = 1.866155E-16 cm**2
