    
 E (eV)=   96.0000000000000     
       0     -6.13277697E-02      0.00000000E+00
       1      1.55239509E+00      1.55342026E+00
       2      7.01013007E-01      7.01195437E-01
       3      3.19135562E-01      3.19195835E-01
       4      1.48343203E-01      1.48367759E-01
       5      7.05286318E-02      7.05395517E-02
       6      3.41411962E-02      3.41462805E-02
       7      1.67536378E-02      1.67560701E-02
       8      8.30840542E-03      8.30958978E-03
       9      4.15525490E-03      4.15583888E-03
      10      2.09271855E-03      2.09300928E-03
      11      1.06017238E-03      1.06031824E-03
      12      5.39768897E-04      5.39842549E-04
      13      2.75980405E-04      2.76017800E-04
      14      1.41613360E-04      1.41632435E-04
      15      7.28848602E-05      7.28946285E-05
      16      3.76062233E-05      3.76112424E-05
      17      1.94438149E-05      1.94464011E-05
      18      1.00702039E-05      1.00715396E-05
      19      5.22262787E-06      5.22331900E-06
      20      2.71152701E-06      2.71188519E-06
      21      1.40900172E-06      1.40918757E-06
      22      7.32650572E-07      7.32747108E-07
      23      3.81152864E-07      3.81203046E-07
      24      1.98362651E-07      1.98388749E-07
      25      1.03259693E-07      1.03273273E-07
      26      5.37615470E-08      5.37686179E-08
      27      2.79931111E-08      2.79967928E-08
      28      1.45761550E-08      1.45780735E-08
      29      7.58972740E-09      7.59072562E-09
      30      3.95164269E-09      3.95216448E-09
      31      2.05723831E-09      2.05750548E-09
      32      1.07090398E-09      1.07104350E-09
      33      5.57397054E-10      5.57471987E-10
      34      2.90050580E-10      2.90092086E-10

  TOTAL ELASTIC CROSS SECTION = 3.014327E-16 cm**2
               FROM DCS TABLE = 3.014272E-16  (REL. DIF. = 1.85E-05)

  1ST TRANSPORT CROSS SECTION = 1.348233E-16 cm**2
               FROM DCS TABLE = 1.348235E-16  (REL. DIF. = 1.80E-06)

  2ND TRANSPORT CROSS SECTION = 1.527380E-16 cm**2
