    
 E (eV)=   106.000000000000     
       0     -1.27176015E-01      0.00000000E+00
       1      1.52855699E+00      1.52959267E+00
       2      7.13131607E-01      7.13325052E-01
       3      3.37511710E-01      3.37578594E-01
       4      1.62532376E-01      1.62560672E-01
       5      7.98247347E-02      7.98377358E-02
       6      3.98572528E-02      3.98634937E-02
       7      2.01590122E-02      2.01620881E-02
       8      1.02997287E-02      1.03012712E-02
       9      5.30563033E-03      5.30641354E-03
      10      2.75171188E-03      2.75211333E-03
      11      1.43539401E-03      1.43560135E-03
      12      7.52451359E-04      7.52559139E-04
      13      3.96112794E-04      3.96169123E-04
      14      2.09279406E-04      2.09308982E-04
      15      1.10909012E-04      1.10924603E-04
      16      5.89294718E-05      5.89377192E-05
      17      3.13791289E-05      3.13835041E-05
      18      1.67390889E-05      1.67414156E-05
      19      8.94265148E-06      8.94389132E-06
      20      4.78326560E-06      4.78392739E-06
      21      2.56096608E-06      2.56131981E-06
      22      1.37219926E-06      1.37238855E-06
      23      7.35683505E-07      7.35784882E-07
      24      3.94605924E-07      3.94660257E-07
      25      2.11730435E-07      2.11759570E-07
      26      1.13633785E-07      1.13649418E-07
      27      6.09959269E-08      6.10043147E-08
      28      3.27441193E-08      3.27486215E-08
      29      1.75784907E-08      1.75809042E-08
      30      9.43686976E-09      9.43817213E-09
      31      5.06588135E-09      5.06657753E-09
      32      2.71920994E-09      2.71958245E-09
      33      1.45941905E-09      1.45962204E-09
      34      7.83210637E-10      7.83322249E-10
      35      4.20265261E-10      4.20324366E-10

  TOTAL ELASTIC CROSS SECTION = 2.824394E-16 cm**2
               FROM DCS TABLE = 2.824341E-16  (REL. DIF. = 1.86E-05)

  1ST TRANSPORT CROSS SECTION = 1.185934E-16 cm**2
               FROM DCS TABLE = 1.185936E-16  (REL. DIF. = 1.63E-06)

  2ND TRANSPORT CROSS SECTION = 1.406307E-16 cm**2
