    
 E (eV)=   92.0000000000000     
       0      4.67315588E-01      0.00000000E+00
       1     -1.28658482E+00     -1.28464017E+00
       2      6.40563511E-01      6.40812113E-01
       3      2.15235763E-01      2.15289857E-01
       4      7.89339901E-02      7.89507563E-02
       5      3.05748576E-02      3.05808618E-02
       6      1.22420995E-02      1.22443986E-02
       7      5.01046912E-03      5.01138297E-03
       8      2.08292414E-03      2.08329615E-03
       9      8.75980353E-04      8.76134352E-04
      10      3.71651711E-04      3.71716261E-04
      11      1.58752361E-04      1.58779676E-04
      12      6.81687899E-05      6.81804331E-05
      13      2.93918605E-05      2.93968519E-05
      14      1.27132200E-05      1.27153693E-05
      15      5.51277576E-06      5.51370447E-06
      16      2.39518212E-06      2.39558450E-06
      17      1.04226863E-06      1.04244335E-06
      18      4.54101973E-07      4.54177955E-07
      19      1.98038807E-07      1.98071899E-07
      20      8.64340987E-08      8.64485212E-08
      21      3.77477194E-08      3.77540177E-08
      22      1.64935043E-08      1.64962514E-08
      23      7.20957484E-09      7.21077886E-09
      24      3.15247366E-09      3.15300033E-09
      25      1.37882319E-09      1.37905201E-09
      26      6.03165257E-10      6.03263333E-10
      27      2.63867034E-10      2.63910400E-10

  TOTAL ELASTIC CROSS SECTION = 2.674897E-16 cm**2
               FROM DCS TABLE = 2.674851E-16  (REL. DIF. = 1.73E-05)

  1ST TRANSPORT CROSS SECTION = 1.729346E-16 cm**2
               FROM DCS TABLE = 1.729346E-16  (REL. DIF. = 1.12E-07)

  2ND TRANSPORT CROSS SECTION = 1.397184E-16 cm**2
