    
 E (eV)=   150.000000000000     
       0     -3.56835829E-01      0.00000000E+00
       1      1.44467727E+00      1.44575873E+00
       2      7.43690809E-01      7.43925629E-01
       3      3.96695752E-01      3.96788700E-01
       4      2.14098682E-01      2.14143110E-01
       5      1.16873061E-01      1.16895807E-01
       6      6.45208920E-02      6.45329633E-02
       7      3.59724588E-02      3.59790115E-02
       8      2.02232310E-02      2.02268438E-02
       9      1.14491753E-02      1.14511899E-02
      10      6.52073696E-03      6.52187033E-03
      11      3.73310321E-03      3.73374534E-03
      12      2.14690707E-03      2.14727306E-03
      13      1.23962576E-03      1.23983542E-03
      14      7.18285366E-04      7.18406011E-04
      15      4.17493699E-04      4.17563396E-04
      16      2.43323728E-04      2.43364131E-04
      17      1.42151369E-04      1.42174863E-04
      18      8.32173822E-05      8.32310799E-05
      19      4.88035005E-05      4.88115054E-05
      20      2.86649908E-05      2.86696784E-05
      21      1.68584788E-05      1.68612285E-05
      22      9.92575736E-06      9.92737280E-06
      23      5.84939467E-06      5.85034494E-06
      24      3.44979273E-06      3.45035232E-06
      25      2.03587593E-06      2.03620575E-06
      26      1.20208474E-06      1.20227929E-06
      27      7.10068906E-07      7.10183729E-07
      28      4.19575207E-07      4.19643014E-07
      29      2.47988028E-07      2.48028087E-07
      30      1.46600632E-07      1.46624304E-07
      31      8.66765300E-08      8.66905213E-08
      32      5.12516115E-08      5.12598855E-08
      33      3.03066541E-08      3.03115427E-08
      34      1.79216747E-08      1.79245687E-08
      35      1.05977730E-08      1.05994845E-08
      36      6.26667942E-09      6.26768979E-09
      37      3.70547800E-09      3.70607583E-09
      38      2.19091436E-09      2.19126594E-09
      39      1.29527019E-09      1.29547946E-09
      40      7.65656195E-10      7.65777573E-10
      41      4.52556518E-10      4.52624880E-10

  TOTAL ELASTIC CROSS SECTION = 2.250693E-16 cm**2
               FROM DCS TABLE = 2.250649E-16  (REL. DIF. = 1.94E-05)

  1ST TRANSPORT CROSS SECTION = 7.440171E-17 cm**2
               FROM DCS TABLE = 7.440176E-17  (REL. DIF. = 7.26E-07)

  2ND TRANSPORT CROSS SECTION = 1.020147E-16 cm**2
