    
 E (eV)=   116.000000000000     
       0      3.07569583E-01      0.00000000E+00
       1     -1.35245741E+00     -1.35050068E+00
       2      6.93388655E-01      6.93682498E-01
       3      2.61549982E-01      2.61624251E-01
       4      1.05142493E-01      1.05167742E-01
       5      4.43276261E-02      4.43374285E-02
       6      1.92787861E-02      1.92828502E-02
       7      8.56537575E-03      8.56712539E-03
       8      3.86477448E-03      3.86554627E-03
       9      1.76426105E-03      1.76460739E-03
      10      8.12670965E-04      8.12828388E-04
      11      3.76995921E-04      3.77068185E-04
      12      1.75867961E-04      1.75901391E-04
      13      8.24074108E-05      8.24229712E-05
      14      3.87510592E-05      3.87583373E-05
      15      1.82738218E-05      1.82772392E-05
      16      8.63692018E-06      8.63852986E-06
      17      4.08957469E-06      4.09033477E-06
      18      1.93924724E-06      1.93960686E-06
      19      9.20665149E-07      9.20835571E-07
      20      4.37508400E-07      4.37589266E-07
      21      2.08070062E-07      2.08108473E-07
      22      9.90168025E-08      9.90350616E-08
      23      4.71448758E-08      4.71535670E-08
      24      2.24567360E-08      2.24608699E-08
      25      1.07006940E-08      1.07026640E-08
      26      5.10035823E-09      5.10129995E-09
      27      2.43160449E-09      2.43205164E-09
      28      1.15952368E-09      1.15973653E-09
      29      5.52997483E-10      5.53096515E-10
      30      2.63723107E-10      2.63778151E-10

  TOTAL ELASTIC CROSS SECTION = 2.306266E-16 cm**2
               FROM DCS TABLE = 2.306228E-16  (REL. DIF. = 1.69E-05)

  1ST TRANSPORT CROSS SECTION = 1.329165E-16 cm**2
               FROM DCS TABLE = 1.329168E-16  (REL. DIF. = 2.41E-06)

  2ND TRANSPORT CROSS SECTION = 1.206434E-16 cm**2
