    
 E (eV)=   240.000000000000     
       0     -1.89510842E-01      0.00000000E+00
       1     -1.55473505E+00     -1.55267883E+00
       2      7.97926699E-01      7.98376441E-01
       3      4.05761743E-01      4.05928019E-01
       4      2.10485809E-01      2.10560299E-01
       5      1.11684154E-01      1.11720553E-01
       6      6.04412165E-02      6.04599101E-02
       7      3.32354964E-02      3.32454098E-02
       8      1.85103353E-02      1.85157107E-02
       9      1.04161726E-02      1.04191354E-02
      10      5.91121110E-03      5.91286468E-03
      11      3.37826494E-03      3.37919711E-03
      12      1.94206326E-03      1.94259304E-03
      13      1.12197337E-03      1.12227650E-03
      14      6.50906620E-04      6.51081051E-04
      15      3.78960695E-04      3.79061548E-04
      16      2.21297015E-04      2.21355562E-04
      17      1.29558467E-04      1.29592572E-04
      18      7.60148181E-05      7.60347427E-05
      19      4.46819282E-05      4.46935973E-05
      20      2.63055498E-05      2.63123984E-05
      21      1.55075683E-05      1.55115950E-05
      22      9.15240915E-06      9.15478024E-06
      23      5.40692406E-06      5.40832210E-06
      24      3.19688551E-06      3.19771074E-06
      25      1.89153363E-06      1.89202120E-06
      26      1.11986937E-06      1.12015768E-06
      27      6.63360754E-07      6.63531353E-07
      28      3.93124108E-07      3.93225118E-07
      29      2.33066633E-07      2.33126470E-07
      30      1.38222345E-07      1.38257811E-07
      31      8.19982586E-08      8.20192827E-08
      32      4.86566137E-08      4.86690829E-08
      33      2.88785924E-08      2.88859888E-08
      34      1.71433422E-08      1.71477297E-08
      35      1.01785860E-08      1.01811883E-08
      36      6.04422808E-09      6.04577513E-09
      37      3.58967419E-09      3.59059179E-09
      38      2.13215703E-09      2.13269974E-09
      39      1.26655387E-09      1.26687685E-09
      40      7.52391831E-10      7.52584361E-10
      41      4.46970348E-10      4.47091028E-10

  TOTAL ELASTIC CROSS SECTION = 1.454319E-16 cm**2
               FROM DCS TABLE = 1.454292E-16  (REL. DIF. = 1.83E-05)

  1ST TRANSPORT CROSS SECTION = 5.240297E-17 cm**2
               FROM DCS TABLE = 5.240304E-17  (REL. DIF. = 1.40E-06)

  2ND TRANSPORT CROSS SECTION = 6.869225E-17 cm**2
