    
 E (eV)=   158.000000000000     
       0      9.54668974E-02      0.00000000E+00
       1     -1.43899328E+00     -1.43700668E+00
       2      7.49119826E-01      7.49476969E-01
       3      3.24993155E-01      3.25101324E-01
       4      1.46551340E-01      1.46592861E-01
       5      6.85513564E-02      6.85692007E-02
       6      3.29415807E-02      3.29497293E-02
       7      1.61433759E-02      1.61472353E-02
       8      8.02857486E-03      8.03044747E-03
       9      4.03858027E-03      4.03950467E-03
      10      2.04990326E-03      2.05036554E-03
      11      1.04805252E-03      1.04828606E-03
      12      5.38993152E-04      5.39112094E-04
      13      2.78524388E-04      2.78585363E-04
      14      1.44492290E-04      1.44523716E-04
      15      7.52005483E-05      7.52168162E-05
      16      3.92412425E-05      3.92496939E-05
      17      2.05213771E-05      2.05257806E-05
      18      1.07509361E-05      1.07532361E-05
      19      5.64061674E-06      5.64182046E-06
      20      2.96303480E-06      2.96366582E-06
      21      1.55806748E-06      1.55839872E-06
      22      8.19975897E-07      8.20149968E-07
      23      4.31837636E-07      4.31929200E-07
      24      2.27559243E-07      2.27607446E-07
      25      1.19972616E-07      1.19998008E-07
      26      6.32775251E-08      6.32909103E-08
      27      3.33862549E-08      3.33933126E-08
      28      1.76203123E-08      1.76240348E-08
      29      9.30185473E-09      9.30381857E-09
      30      4.91153340E-09      4.91257488E-09
      31      2.59380433E-09      2.59434844E-09
      32      1.36998522E-09      1.37027541E-09
      33      7.23702020E-10      7.23854091E-10
      34      3.82344810E-10      3.82426741E-10

  TOTAL ELASTIC CROSS SECTION = 1.894582E-16 cm**2
               FROM DCS TABLE = 1.894549E-16  (REL. DIF. = 1.72E-05)

  1ST TRANSPORT CROSS SECTION = 9.102879E-17 cm**2
               FROM DCS TABLE = 9.102905E-17  (REL. DIF. = 2.82E-06)

  2ND TRANSPORT CROSS SECTION = 9.741959E-17 cm**2
