    
 E (eV)=   50.0000000000000     
       0      3.74516895E-01      0.00000000E+00
       1     -1.43185859E+00     -1.43087707E+00
       2      5.81756452E-01      5.81873005E-01
       3      1.95125640E-01      1.95152286E-01
       4      6.99194016E-02      6.99277222E-02
       5      2.61225881E-02      2.61255158E-02
       6      1.00064097E-02      1.00074954E-02
       7      3.89710104E-03      3.89751503E-03
       8      1.53628845E-03      1.53644912E-03
       9      6.11346540E-04      6.11409691E-04
      10      2.45101512E-04      2.45126581E-04
      11      9.88530661E-05      9.88630965E-05
      12      4.00570825E-05      4.00611213E-05
      13      1.62916176E-05      1.62932521E-05
      14      6.64466837E-06      6.64533250E-06
      15      2.71583235E-06      2.71610302E-06
      16      1.11175248E-06      1.11186305E-06
      17      4.55610282E-07      4.55655525E-07
      18      1.86855346E-07      1.86873888E-07
      19      7.66697863E-08      7.66773878E-08
      20      3.14670833E-08      3.14702021E-08
      21      1.29161148E-08      1.29173970E-08
      22      5.30150283E-09      5.30203380E-09
      23      2.17578207E-09      2.17599701E-09
      24      8.92749274E-10      8.92839024E-10
      25      3.66190929E-10      3.66229110E-10

  TOTAL ELASTIC CROSS SECTION = 4.693827E-16 cm**2
               FROM DCS TABLE = 4.693736E-16  (REL. DIF. = 1.94E-05)

  1ST TRANSPORT CROSS SECTION = 2.948511E-16 cm**2
               FROM DCS TABLE = 2.948508E-16  (REL. DIF. = 1.16E-06)

  2ND TRANSPORT CROSS SECTION = 2.456501E-16 cm**2
