    
 E (eV)=   94.0000000000000     
       0     -4.73237593E-02      0.00000000E+00
       1      1.55745634E+00      1.55847942E+00
       2      6.98236097E-01      6.98416227E-01
       3      3.15172851E-01      3.15231768E-01
       4      1.45382370E-01      1.45406179E-01
       5      6.86366395E-02      6.86471531E-02
       6      3.30026694E-02      3.30075322E-02
       7      1.60888323E-02      1.60911437E-02
       8      7.92710361E-03      7.92822189E-03
       9      3.93911806E-03      3.93966595E-03
      10      1.97120521E-03      1.97147624E-03
      11      9.92262337E-04      9.92397456E-04
      12      5.01985448E-04      5.02053247E-04
      13      2.55031962E-04      2.55066168E-04
      14      1.30031883E-04      1.30049221E-04
      15      6.64975296E-05      6.65063527E-05
      16      3.40911536E-05      3.40956583E-05
      17      1.75132653E-05      1.75155717E-05
      18      9.01190782E-06      9.01309137E-06
      19      4.64354117E-06      4.64414966E-06
      20      2.39521748E-06      2.39553080E-06
      21      1.23652473E-06      1.23668626E-06
      22      6.38761096E-07      6.38844451E-07
      23      3.30127545E-07      3.30170591E-07
      24      1.70677011E-07      1.70699249E-07
      25      8.82613412E-08      8.82728385E-08
      26      4.56487921E-08      4.56547428E-08
      27      2.36112825E-08      2.36143580E-08
      28      1.22128622E-08      1.22144520E-08
      29      6.31683886E-09      6.31765851E-09
      30      3.26696295E-09      3.26738707E-09
      31      1.68944398E-09      1.68966232E-09
      32      8.73585495E-10      8.73695712E-10
      33      4.51650516E-10      4.51704564E-10

  TOTAL ELASTIC CROSS SECTION = 3.056440E-16 cm**2
               FROM DCS TABLE = 3.056383E-16  (REL. DIF. = 1.85E-05)

  1ST TRANSPORT CROSS SECTION = 1.385081E-16 cm**2
               FROM DCS TABLE = 1.385084E-16  (REL. DIF. = 1.82E-06)

  2ND TRANSPORT CROSS SECTION = 1.553665E-16 cm**2
