    
 E (eV)=   70.0000000000000     
       0      1.49210751E-01      0.00000000E+00
       1     -1.51327716E+00     -1.51227846E+00
       2      6.51782554E-01      6.51931767E-01
       3      2.58548714E-01      2.58590521E-01
       4      1.06555424E-01      1.06570441E-01
       5      4.53598193E-02      4.53658079E-02
       6      1.97415071E-02      1.97440202E-02
       7      8.72621097E-03      8.72729602E-03
       8      3.90207372E-03      3.90255071E-03
       9      1.76081853E-03      1.76103092E-03
      10      8.00458300E-04      8.00553812E-04
      11      3.66100302E-04      3.66143596E-04
      12      1.68281115E-04      1.68300868E-04
      13      7.76699496E-05      7.76790111E-05
      14      3.59681742E-05      3.59723497E-05
      15      1.67011385E-05      1.67030696E-05
      16      7.77131623E-06      7.77221196E-06
      17      3.62210979E-06      3.62252626E-06
      18      1.69036079E-06      1.69055477E-06
      19      7.89605670E-07      7.89696162E-07
      20      3.69098322E-07      3.69140575E-07
      21      1.72617225E-07      1.72636974E-07
      22      8.07539977E-08      8.07632322E-08
      23      3.77854413E-08      3.77897607E-08
      24      1.76815030E-08      1.76835239E-08
      25      8.27388954E-09      8.27483685E-09
      26      3.87142242E-09      3.87186956E-09
      27      1.81128433E-09      1.81148876E-09
      28      8.47286457E-10      8.47379099E-10
      29      3.96229677E-10      3.96273877E-10

  TOTAL ELASTIC CROSS SECTION = 3.721096E-16 cm**2
               FROM DCS TABLE = 3.721027E-16  (REL. DIF. = 1.85E-05)

  1ST TRANSPORT CROSS SECTION = 1.997876E-16 cm**2
               FROM DCS TABLE = 1.997880E-16  (REL. DIF. = 1.60E-06)

  2ND TRANSPORT CROSS SECTION = 1.942699E-16 cm**2
