    
 E (eV)=   194.000000000000     
       0     -4.47943957E-02      0.00000000E+00
       1     -1.49595443E+00     -1.49393815E+00
       2      7.76782613E-01      7.77184042E-01
       3      3.65972316E-01      3.66107330E-01
       4      1.77201924E-01      1.77257948E-01
       5      8.83574439E-02      8.83831209E-02
       6      4.51060528E-02      4.51184951E-02
       7      2.34442231E-02      2.34504651E-02
       8      1.23557748E-02      1.23589806E-02
       9      6.58363769E-03      6.58531230E-03
      10      3.53910413E-03      3.53999022E-03
      11      1.91623054E-03      1.91670418E-03
      12      1.04370666E-03      1.04396191E-03
      13      5.71273705E-04      5.71412192E-04
      14      3.13968249E-04      3.14043803E-04
      15      1.73143910E-04      1.73185321E-04
      16      9.57555550E-05      9.57783389E-05
      17      5.30826875E-05      5.30952635E-05
      18      2.94852794E-05      2.94922397E-05
      19      1.64051706E-05      1.64090315E-05
      20      9.14034988E-06      9.14249550E-06
      21      5.09864184E-06      5.09983613E-06
      22      2.84691941E-06      2.84758506E-06
      23      1.59095439E-06      1.59132580E-06
      24      8.89705381E-07      8.89912817E-07
      25      4.97844816E-07      4.97960760E-07
      26      2.78716143E-07      2.78780993E-07
      27      1.56105349E-07      1.56141640E-07
      28      8.74648762E-08      8.74851986E-08
      29      4.90215069E-08      4.90328913E-08
      30      2.74825849E-08      2.74889612E-08
      31      1.54109185E-08      1.54144933E-08
      32      8.64341273E-09      8.64541648E-09
      33      4.84863193E-09      4.84975461E-09
      34      2.72030165E-09      2.72093225E-09
      35      1.52635892E-09      1.52671468E-09
      36      8.56544467E-10      8.56743276E-10
      37      4.80700129E-10      4.80813136E-10

  TOTAL ELASTIC CROSS SECTION = 1.663867E-16 cm**2
               FROM DCS TABLE = 1.663838E-16  (REL. DIF. = 1.77E-05)

  1ST TRANSPORT CROSS SECTION = 6.977005E-17 cm**2
               FROM DCS TABLE = 6.977021E-17  (REL. DIF. = 2.25E-06)

  2ND TRANSPORT CROSS SECTION = 8.286215E-17 cm**2
