    
 E (eV)=   160.000000000000     
       0      5.51264258E-01      0.00000000E+00
       1      2.64106480E-01      2.64184534E-01
       2      1.41635170E-01      1.41666398E-01
       3      7.88276721E-02      7.88433655E-02
       4      4.46148921E-02      4.46233750E-02
       5      2.54708559E-02      2.54755887E-02
       6      1.46091516E-02      1.46118339E-02
       7      8.39964279E-03      8.40117564E-03
       8      4.83491338E-03      4.83579320E-03
       9      2.78402172E-03      2.78452785E-03
      10      1.60291773E-03      1.60320916E-03
      11      9.22540948E-04      9.22708795E-04
      12      5.30674462E-04      5.30771113E-04
      13      3.05072503E-04      3.05128132E-04
      14      1.75264654E-04      1.75296654E-04
      15      1.00623234E-04      1.00641630E-04
      16      5.77322509E-05      5.77428191E-05
      17      3.31026641E-05      3.31087312E-05
      18      1.89688921E-05      1.89723729E-05
      19      1.08634318E-05      1.08654276E-05
      20      6.21799121E-06      6.21913476E-06
      21      3.55715687E-06      3.55781174E-06
      22      2.03393628E-06      2.03431110E-06
      23      1.16242302E-06      1.16263743E-06
      24      6.64039777E-07      6.64162369E-07
      25      3.79172627E-07      3.79242687E-07
      26      2.16422468E-07      2.16462491E-07
      27      1.23480612E-07      1.23503464E-07
      28      7.04262195E-08      7.04392634E-08
      29      4.01529591E-08      4.01603978E-08
      30      2.28852092E-08      2.28894532E-08
      31      1.30392581E-08      1.30416786E-08
      32      7.42705010E-09      7.42842892E-09
      33      4.22917535E-09      4.22995882E-09
      34      2.40753541E-09      2.40798814E-09
      35      1.37012124E-09      1.37037725E-09
      36      7.79510009E-10      7.79654406E-10
      37      4.43401561E-10      4.43483177E-10

  TOTAL ELASTIC CROSS SECTION = 1.948837E-17 cm**2
               FROM DCS TABLE = 1.948785E-17  (REL. DIF. = 2.64E-05)

  1ST TRANSPORT CROSS SECTION = 3.875475E-18 cm**2
               FROM DCS TABLE = 3.875423E-18  (REL. DIF. = 1.34E-05)

  2ND TRANSPORT CROSS SECTION = 7.756973E-18 cm**2
