    
 E (eV)=   172.000000000000     
       0      5.39657152E-01      0.00000000E+00
       1      2.62480870E-01      2.62561722E-01
       2      1.43190707E-01      1.43223560E-01
       3      8.11240203E-02      8.11408000E-02
       4      4.67545473E-02      4.67637719E-02
       5      2.71868581E-02      2.71920949E-02
       6      1.58852580E-02      1.58882793E-02
       7      9.30589119E-03      9.30764939E-03
       8      5.45858847E-03      5.45961641E-03
       9      3.20344704E-03      3.20404952E-03
      10      1.88001050E-03      1.88036402E-03
      11      1.10301685E-03      1.10322437E-03
      12      6.46857714E-04      6.46979520E-04
      13      3.79139068E-04      3.79210539E-04
      14      2.22090843E-04      2.22132760E-04
      15      1.30016157E-04      1.30040726E-04
      16      7.60674522E-05      7.60818445E-05
      17      4.44775156E-05      4.44859410E-05
      18      2.59914425E-05      2.59963718E-05
      19      1.51802222E-05      1.51831044E-05
      20      8.86123324E-06      8.86291750E-06
      21      5.16998314E-06      5.17096681E-06
      22      3.01490414E-06      3.01547832E-06
      23      1.75734698E-06      1.75768198E-06
      24      1.02388446E-06      1.02407982E-06
      25      5.96297690E-07      5.96411552E-07
      26      3.47138493E-07      3.47204830E-07
      27      2.02012531E-07      2.02051170E-07
      28      1.17516159E-07      1.17538651E-07
      29      6.83388231E-08      6.83519137E-08
      30      3.97278771E-08      3.97354876E-08
      31      2.30880987E-08      2.30925253E-08
      32      1.34137423E-08      1.34163128E-08
      33      7.79085614E-09      7.79235603E-09
      34      4.52382399E-09      4.52469153E-09
      35      2.62610966E-09      2.62661331E-09
      36      1.52407157E-09      1.52436874E-09
      37      8.84241631E-10      8.84410444E-10
      38      5.12898038E-10      5.12996396E-10

  TOTAL ELASTIC CROSS SECTION = 1.800857E-17 cm**2
               FROM DCS TABLE = 1.800809E-17  (REL. DIF. = 2.69E-05)

  1ST TRANSPORT CROSS SECTION = 3.413264E-18 cm**2
               FROM DCS TABLE = 3.413218E-18  (REL. DIF. = 1.36E-05)

  2ND TRANSPORT CROSS SECTION = 6.892363E-18 cm**2
