    
 E (eV)=   148.000000000000     
       0     -3.47996091E-01      0.00000000E+00
       1      1.44793286E+00      1.44901227E+00
       2      7.42838120E-01      7.43071249E-01
       3      3.94595783E-01      3.94687642E-01
       4      2.12092478E-01      2.12136194E-01
       5      1.15332617E-01      1.15354910E-01
       6      6.34379693E-02      6.34497562E-02
       7      3.52438760E-02      3.52502518E-02
       8      1.97452383E-02      1.97487414E-02
       9      1.11405539E-02      1.11425008E-02
      10      6.32362205E-03      6.32471364E-03
      11      3.60817432E-03      3.60879073E-03
      12      2.06817615E-03      2.06852632E-03
      13      1.19022065E-03      1.19042059E-03
      14      6.87385036E-04      6.87499711E-04
      15      3.98217831E-04      3.98283862E-04
      16      2.31325120E-04      2.31363274E-04
      17      1.34696201E-04      1.34718314E-04
      18      7.85925871E-05      7.86054376E-05
      19      4.59386406E-05      4.59461258E-05
      20      2.68926984E-05      2.68970672E-05
      21      1.57634668E-05      1.57660211E-05
      22      9.25002550E-06      9.25152118E-06
      23      5.43289355E-06      5.43377044E-06
      24      3.19337092E-06      3.19388558E-06
      25      1.87818771E-06      1.87849003E-06
      26      1.10522200E-06      1.10539973E-06
      27      6.50634819E-07      6.50739361E-07
      28      3.83146534E-07      3.83208056E-07
      29      2.25683747E-07      2.25719965E-07
      30      1.32958569E-07      1.32979900E-07
      31      7.83410668E-08      7.83536350E-08
      32      4.61636486E-08      4.61710548E-08
      33      2.72039959E-08      2.72083598E-08
      34      1.60314267E-08      1.60339964E-08
      35      9.44722424E-09      9.44874252E-09
      36      5.56702526E-09      5.56791756E-09
      37      3.28038264E-09      3.28091170E-09
      38      1.93283860E-09      1.93315042E-09
      39      1.13871233E-09      1.13889510E-09
      40      6.70775011E-10      6.70879647E-10
      41      3.95107836E-10      3.95174106E-10

  TOTAL ELASTIC CROSS SECTION = 2.270592E-16 cm**2
               FROM DCS TABLE = 2.270548E-16  (REL. DIF. = 1.94E-05)

  1ST TRANSPORT CROSS SECTION = 7.579051E-17 cm**2
               FROM DCS TABLE = 7.579057E-17  (REL. DIF. = 7.67E-07)

  2ND TRANSPORT CROSS SECTION = 1.033859E-16 cm**2
