    
 E (eV)=   88.0000000000000     
       0      4.98003880E-01      0.00000000E+00
       1     -1.27382927E+00     -1.27188604E+00
       2      6.29418213E-01      6.29658359E-01
       3      2.06674595E-01      2.06725324E-01
       4      7.44311632E-02      7.44466094E-02
       5      2.83452907E-02      2.83507342E-02
       6      1.11613081E-02      1.11633594E-02
       7      4.49266800E-03      4.49347022E-03
       8      1.83679996E-03      1.83712123E-03
       9      7.59674780E-04      7.59805606E-04
      10      3.16948530E-04      3.17002468E-04
      11      1.33125609E-04      1.33148057E-04
      12      5.62060896E-05      5.62154996E-05
      13      2.38258821E-05      2.38298489E-05
      14      1.01314368E-05      1.01331162E-05
      15      4.31868356E-06      4.31939704E-06
      16      1.84442150E-06      1.84472540E-06
      17      7.88896294E-07      7.89026006E-07
      18      3.37826056E-07      3.37881511E-07
      19      1.44801549E-07      1.44825288E-07
      20      6.21122393E-08      6.21224113E-08
      21      2.66587211E-08      2.66630838E-08
      22      1.14474167E-08      1.14492848E-08
      23      4.91749556E-09      4.91829986E-09
      24      2.11308230E-09      2.11342415E-09
      25      9.08208381E-10      9.08357169E-10
      26      3.90388736E-10      3.90451591E-10

  TOTAL ELASTIC CROSS SECTION = 2.752064E-16 cm**2
               FROM DCS TABLE = 2.752016E-16  (REL. DIF. = 1.75E-05)

  1ST TRANSPORT CROSS SECTION = 1.814559E-16 cm**2
               FROM DCS TABLE = 1.814557E-16  (REL. DIF. = 6.07E-07)

  2ND TRANSPORT CROSS SECTION = 1.436825E-16 cm**2
