    
 E (eV)=   100.000000000000     
       0      6.32642378E-01      0.00000000E+00
       1      2.71516495E-01      2.71578366E-01
       2      1.28149026E-01      1.28170998E-01
       3      6.24690485E-02      6.24788184E-02
       4      3.09037717E-02      3.09084250E-02
       5      1.53980200E-02      1.54002998E-02
       6      7.69722343E-03      7.69835490E-03
       7      3.85212509E-03      3.85268991E-03
       8      1.92780304E-03      1.92808565E-03
       9      9.64173225E-04      9.64314707E-04
      10      4.81776225E-04      4.81847029E-04
      11      2.40478738E-04      2.40514141E-04
      12      1.19904062E-04      1.19921746E-04
      13      5.97206136E-05      5.97294372E-05
      14      2.97143619E-05      2.97187596E-05
      15      1.47701235E-05      1.47723129E-05
      16      7.33504751E-06      7.33613644E-06
      17      3.63955460E-06      3.64009567E-06
      18      1.80444828E-06      1.80471689E-06
      19      8.93952399E-07      8.94085637E-07
      20      4.42567365E-07      4.42633403E-07
      21      2.18957113E-07      2.18989825E-07
      22      1.08260843E-07      1.08277029E-07
      23      5.34973860E-08      5.35053937E-08
      24      2.64215496E-08      2.64255074E-08
      25      1.30425605E-08      1.30445151E-08
      26      6.43509435E-09      6.43606258E-09
      27      3.17355225E-09      3.17402590E-09
      28      1.56442831E-09      1.56466339E-09
      29      7.70892691E-10      7.71006138E-10
      30      3.79693353E-10      3.79751577E-10

  TOTAL ELASTIC CROSS SECTION = 3.287265E-17 cm**2
               FROM DCS TABLE = 3.287189E-17  (REL. DIF. = 2.29E-05)

  1ST TRANSPORT CROSS SECTION = 8.821710E-18 cm**2
               FROM DCS TABLE = 8.821608E-18  (REL. DIF. = 1.16E-05)

  2ND TRANSPORT CROSS SECTION = 1.655906E-17 cm**2
