    
 E (eV)=   86.0000000000000     
       0      1.18896546E-02      0.00000000E+00
       1     -1.56276122E+00     -1.56174646E+00
       2      6.85713050E-01      6.85883603E-01
       3      2.98257251E-01      2.98310634E-01
       4      1.33118368E-01      1.33139202E-01
       5      6.09754707E-02      6.09843982E-02
       6      2.84817716E-02      2.84857851E-02
       7      1.34964989E-02      1.34983541E-02
       8      6.46596197E-03      6.46683505E-03
       9      3.12485497E-03      3.12527109E-03
      10      1.52101498E-03      1.52121524E-03
      11      7.44788142E-04      7.44885277E-04
      12      3.66533998E-04      3.66581421E-04
      13      1.81145831E-04      1.81169111E-04
      14      8.98406038E-05      8.98520851E-05
      15      4.46873181E-05      4.46930024E-05
      16      2.22810305E-05      2.22838539E-05
      17      1.11308778E-05      1.11322839E-05
      18      5.56928358E-06      5.56998536E-06
      19      2.78999560E-06      2.79034648E-06
      20      1.39901814E-06      1.39919382E-06
      21      7.02037128E-07      7.02125178E-07
      22      3.52478215E-07      3.52522388E-07
      23      1.77040720E-07      1.77062894E-07
      24      8.89463171E-08      8.89574528E-08
      25      4.46943050E-08      4.46999009E-08
      26      2.24600703E-08      2.24628841E-08
      27      1.12869287E-08      1.12883392E-08
      28      5.67177503E-09      5.67248237E-09
      29      2.84985434E-09      2.85021149E-09
      30      1.43181187E-09      1.43199394E-09
      31      7.19271127E-10      7.19358371E-10
      32      3.61231095E-10      3.61275775E-10

  TOTAL ELASTIC CROSS SECTION = 3.241677E-16 cm**2
               FROM DCS TABLE = 3.241617E-16  (REL. DIF. = 1.85E-05)

  1ST TRANSPORT CROSS SECTION = 1.550434E-16 cm**2
               FROM DCS TABLE = 1.550437E-16  (REL. DIF. = 1.88E-06)

  2ND TRANSPORT CROSS SECTION = 1.666846E-16 cm**2
