    
 E (eV)=   54.0000000000000     
       0      8.35814218E-01      0.00000000E+00
       1     -1.13024903E+00     -1.12830608E+00
       2      4.90143524E-01      4.90296872E-01
       3      1.23521557E-01      1.23544924E-01
       4      3.59944262E-02      3.60002659E-02
       5      1.11742955E-02      1.11759959E-02
       6      3.58831588E-03      3.58884262E-03
       7      1.17722635E-03      1.17739505E-03
       8      3.91981161E-04      3.92036366E-04
       9      1.31916788E-04      1.31935131E-04
      10      4.47422186E-05      4.47483815E-05
      11      1.52624108E-05      1.52644984E-05
      12      5.22837178E-06      5.22908322E-06
      13      1.79668591E-06      1.79692945E-06
      14      6.18859657E-07      6.18943304E-07
      15      2.13535942E-07      2.13564741E-07
      16      7.37768814E-08      7.37868155E-08
      17      2.55153344E-08      2.55187650E-08
      18      8.83100722E-09      8.83219275E-09
      19      3.05818278E-09      3.05859388E-09
      20      1.05950665E-09      1.05964722E-09
      21      3.67183207E-10      3.67231907E-10
      22      1.27287668E-10      1.27308595E-10

  TOTAL ELASTIC CROSS SECTION = 3.751179E-16 cm**2
               FROM DCS TABLE = 3.751086E-16  (REL. DIF. = 2.47E-05)

  1ST TRANSPORT CROSS SECTION = 2.896467E-16 cm**2
               FROM DCS TABLE = 2.896420E-16  (REL. DIF. = 1.64E-05)

  2ND TRANSPORT CROSS SECTION = 2.022128E-16 cm**2
