    
 E (eV)=   98.0000000000000     
       0     -7.50385665E-02      0.00000000E+00
       1      1.54743717E+00      1.54846444E+00
       2      7.03663650E-01      7.03848347E-01
       3      3.22998400E-01      3.23060017E-01
       4      1.51262538E-01      1.51287841E-01
       5      7.24102497E-02      7.24215795E-02
       6      3.52819290E-02      3.52872380E-02
       7      1.74243440E-02      1.74268999E-02
       8      8.69565286E-03      8.69690517E-03
       9      4.37619055E-03      4.37681187E-03
      10      2.21772668E-03      2.21803791E-03
      11      1.13047959E-03      1.13063670E-03
      12      5.79133246E-04      5.79213067E-04
      13      2.97942845E-04      2.97983622E-04
      14      1.53831862E-04      1.53852790E-04
      15      7.96659771E-05      7.96767604E-05
      16      4.13615680E-05      4.13671428E-05
      17      2.15193954E-05      2.15222857E-05
      18      1.12152393E-05      1.12167413E-05
      19      5.85317797E-06      5.85396005E-06
      20      3.05815538E-06      3.05856324E-06
      21      1.59922782E-06      1.59944079E-06
      22      8.36871232E-07      8.36982552E-07
      23      4.38160244E-07      4.38218478E-07
      24      2.29495422E-07      2.29525905E-07
      25      1.20235585E-07      1.20251549E-07
      26      6.30041719E-08      6.30125305E-08
      27      3.30179017E-08      3.30222822E-08
      28      1.73040763E-08      1.73063730E-08
      29      9.06867920E-09      9.06988670E-09
      30      4.75243079E-09      4.75306070E-09
      31      2.49025300E-09      2.49058435E-09
      32      1.30475231E-09      1.30492531E-09
      33      6.83548805E-10      6.83640495E-10
      34      3.58046096E-10      3.58093416E-10

  TOTAL ELASTIC CROSS SECTION = 2.973697E-16 cm**2
               FROM DCS TABLE = 2.973642E-16  (REL. DIF. = 1.86E-05)

  1ST TRANSPORT CROSS SECTION = 1.312965E-16 cm**2
               FROM DCS TABLE = 1.312967E-16  (REL. DIF. = 1.77E-06)

  2ND TRANSPORT CROSS SECTION = 1.501826E-16 cm**2
