    
 E (eV)=   186.000000000000     
       0     -1.60658311E-02      0.00000000E+00
       1     -1.48429273E+00     -1.48228322E+00
       2      7.71702583E-01      7.72094758E-01
       3      3.57730325E-01      3.57859560E-01
       4      1.70762251E-01      1.70815041E-01
       5      8.40644134E-02      8.40882955E-02
       6      4.24000462E-02      4.24114819E-02
       7      2.17815370E-02      2.17872087E-02
       8      1.13482094E-02      1.13510896E-02
       9      5.97823273E-03      5.97972049E-03
      10      3.17740322E-03      3.17818170E-03
      11      1.70101102E-03      1.70142253E-03
      12      9.16044930E-04      9.16264238E-04
      13      4.95739335E-04      4.95856997E-04
      14      2.69372394E-04      2.69435871E-04
      15      1.46864687E-04      1.46899088E-04
      16      8.02971369E-05      8.03158519E-05
      17      4.40045423E-05      4.40147557E-05
      18      2.41624611E-05      2.41680496E-05
      19      1.32889739E-05      1.32920386E-05
      20      7.31867945E-06      7.32036312E-06
      21      4.03523835E-06      4.03616475E-06
      22      2.22700630E-06      2.22751669E-06
      23      1.23005228E-06      1.23033378E-06
      24      6.79862085E-07      6.80017474E-07
      25      3.75982576E-07      3.76068420E-07
      26      2.08030136E-07      2.08077590E-07
      27      1.15150153E-07      1.15176401E-07
      28      6.37611382E-08      6.37756651E-08
      29      3.53166016E-08      3.53246423E-08
      30      1.95664951E-08      1.95709486E-08
      31      1.08428145E-08      1.08452829E-08
      32      6.00973252E-09      6.01109973E-09
      33      3.33149828E-09      3.33225375E-09
      34      1.84702308E-09      1.84744512E-09
      35      1.02414631E-09      1.02438209E-09
      36      5.67922652E-10      5.68050308E-10
      37      3.14972151E-10      3.15046397E-10

  TOTAL ELASTIC CROSS SECTION = 1.708744E-16 cm**2
               FROM DCS TABLE = 1.708714E-16  (REL. DIF. = 1.76E-05)

  1ST TRANSPORT CROSS SECTION = 7.374558E-17 cm**2
               FROM DCS TABLE = 7.374576E-17  (REL. DIF. = 2.40E-06)

  2ND TRANSPORT CROSS SECTION = 8.578701E-17 cm**2
