    
 E (eV)=   244.000000000000     
       0     -2.00717652E-01      0.00000000E+00
       1     -1.55929290E+00     -1.55723316E+00
       2      7.99262306E-01      7.99715919E-01
       3      4.08700813E-01      4.08869658E-01
       4      2.13101699E-01      2.13177774E-01
       5      1.13599942E-01      1.13637297E-01
       6      6.17467341E-02      6.17660027E-02
       7      3.40960559E-02      3.41063168E-02
       8      1.90675559E-02      1.90731423E-02
       9      1.07731414E-02      1.07762327E-02
      10      6.13831212E-03      6.14004426E-03
      11      3.52205352E-03      3.52303381E-03
      12      2.03278451E-03      2.03334382E-03
      13      1.17905881E-03      1.17938010E-03
      14      6.86749165E-04      6.86934766E-04
      15      4.01424051E-04      4.01531784E-04
      16      2.35352551E-04      2.35415339E-04
      17      1.38340187E-04      1.38376907E-04
      18      8.14939682E-05      8.15155057E-05
      19      4.80960410E-05      4.81087051E-05
      20      2.84302409E-05      2.84377032E-05
      21      1.68282100E-05      1.68326151E-05
      22      9.97231005E-06      9.97491448E-06
      23      5.91536415E-06      5.91690599E-06
      24      3.51183061E-06      3.51274442E-06
      25      2.08641097E-06      2.08695308E-06
      26      1.24032685E-06      1.24064871E-06
      27      7.37742690E-07      7.37933932E-07
      28      4.39009825E-07      4.39123523E-07
      29      2.61346605E-07      2.61414231E-07
      30      1.55635845E-07      1.55676087E-07
      31      9.27113472E-08      9.27353117E-08
      32      5.52419918E-08      5.52562592E-08
      33      3.29233563E-08      3.29318527E-08
      34      1.96257239E-08      1.96307925E-08
      35      1.17009909E-08      1.17040096E-08
      36      6.97721644E-09      6.97901682E-09
      37      4.16101250E-09      4.16208411E-09
      38      2.48182582E-09      2.48246637E-09
      39      1.48043485E-09      1.48081573E-09
      40      8.83140162E-10      8.83365479E-10
      41      5.26838351E-10      5.26972983E-10

  TOTAL ELASTIC CROSS SECTION = 1.439150E-16 cm**2
               FROM DCS TABLE = 1.439124E-16  (REL. DIF. = 1.84E-05)

  1ST TRANSPORT CROSS SECTION = 5.122916E-17 cm**2
               FROM DCS TABLE = 5.122923E-17  (REL. DIF. = 1.33E-06)

  2ND TRANSPORT CROSS SECTION = 6.764014E-17 cm**2
