    
 E (eV)=   72.0000000000000     
       0      6.36716117E-01      0.00000000E+00
       1     -1.21565130E+00     -1.21371128E+00
       2      5.75489285E-01      5.75692257E-01
       3      1.69849398E-01      1.69886852E-01
       4      5.62309671E-02      5.62414890E-02
       5      1.97707535E-02      1.97741940E-02
       6      7.19272889E-03      7.19393060E-03
       7      2.67499726E-03      2.67543233E-03
       8      1.01028436E-03      1.01044554E-03
       9      3.85882037E-04      3.85942722E-04
      10      1.48633649E-04      1.48656772E-04
      11      5.76148499E-05      5.76237389E-05
      12      2.24409491E-05      2.24443896E-05
      13      8.77281283E-06      8.77415137E-06
      14      3.43915635E-06      3.43967915E-06
      15      1.35112961E-06      1.35133443E-06
      16      5.31691640E-07      5.31772060E-07
      17      2.09497075E-07      2.09528711E-07
      18      8.26280895E-08      8.26405488E-08
      19      3.26147462E-08      3.26196613E-08
      20      1.28814412E-08      1.28833805E-08
      21      5.09007892E-09      5.09084568E-09
      22      2.01207286E-09      2.01237323E-09
      23      7.95574582E-10      7.95696167E-10
      24      3.14623492E-10      3.14672307E-10

  TOTAL ELASTIC CROSS SECTION = 3.128087E-16 cm**2
               FROM DCS TABLE = 3.128027E-16  (REL. DIF. = 1.92E-05)

  1ST TRANSPORT CROSS SECTION = 2.230507E-16 cm**2
               FROM DCS TABLE = 2.230496E-16  (REL. DIF. = 5.24E-06)

  2ND TRANSPORT CROSS SECTION = 1.636771E-16 cm**2
