    
 E (eV)=   212.000000000000     
       0     -1.05235422E-01      0.00000000E+00
       1     -1.52049210E+00     -1.51846034E+00
       2      7.86505258E-01      7.86926506E-01
       3      3.82973275E-01      3.83120913E-01
       4      1.90959802E-01      1.91023091E-01
       5      9.77663984E-02      9.77962005E-02
       6      5.11651121E-02      5.11799135E-02
       7      2.72404734E-02      2.72480764E-02
       8      1.46993272E-02      1.47033236E-02
       9      8.01744398E-03      8.01958000E-03
      10      4.41112183E-03      4.41227819E-03
      11      2.44435306E-03      2.44498542E-03
      12      1.36254693E-03      1.36289558E-03
      13      7.63282954E-04      7.63476482E-04
      14      4.29355697E-04      4.29463724E-04
      15      2.42358082E-04      2.42418666E-04
      16      1.37203639E-04      1.37237750E-04
      17      7.78646488E-05      7.78839183E-05
      18      4.42805609E-05      4.42914766E-05
      19      2.52256789E-05      2.52318770E-05
      20      1.43916763E-05      1.43952026E-05
      21      8.22090587E-06      8.22291543E-06
      22      4.70094122E-06      4.70208805E-06
      23      2.69052680E-06      2.69118206E-06
      24      1.54105777E-06      1.54143254E-06
      25      8.83244059E-07      8.83458595E-07
      26      5.06502481E-07      5.06625377E-07
      27      2.90594177E-07      2.90664622E-07
      28      1.66789081E-07      1.66829484E-07
      29      9.57632201E-08      9.57864026E-08
      30      5.49995821E-08      5.50128890E-08
      31      3.15960285E-08      3.16036691E-08
      32      1.81552554E-08      1.81596488E-08
      33      1.04340898E-08      1.04366089E-08
      34      5.99761085E-09      5.99905547E-09
      35      3.44800285E-09      3.44883168E-09
      36      1.98248632E-09      1.98295857E-09
      37      1.13994285E-09      1.14021630E-09
      38      6.55517679E-10      6.55671842E-10
      39      3.77000218E-10      3.77089507E-10

  TOTAL ELASTIC CROSS SECTION = 1.573129E-16 cm**2
               FROM DCS TABLE = 1.573101E-16  (REL. DIF. = 1.79E-05)

  1ST TRANSPORT CROSS SECTION = 6.199683E-17 cm**2
               FROM DCS TABLE = 6.199695E-17  (REL. DIF. = 1.91E-06)

  2ND TRANSPORT CROSS SECTION = 7.682133E-17 cm**2
