    
 E (eV)=   160.000000000000     
       0      8.68556933E-02      0.00000000E+00
       1     -1.44249348E+00     -1.44050530E+00
       2      7.51027248E-01      7.51387049E-01
       3      3.27553021E-01      3.27662738E-01
       4      1.48369584E-01      1.48411905E-01
       5      6.96820642E-02      6.97003251E-02
       6      3.36134685E-02      3.36218386E-02
       7      1.65343925E-02      1.65383713E-02
       8      8.25350844E-03      8.25544598E-03
       9      4.16702700E-03      4.16798691E-03
      10      2.12287924E-03      2.12336102E-03
      11      1.08935594E-03      1.08960021E-03
      12      5.62299575E-04      5.62424434E-04
      13      2.91641943E-04      2.91706185E-04
      14      1.51858502E-04      1.51891733E-04
      15      7.93284606E-05      7.93457260E-05
      16      4.15499362E-05      4.15589389E-05
      17      2.18101962E-05      2.18149044E-05
      18      1.14691276E-05      1.14715959E-05
      19      6.04013853E-06      6.04143517E-06
      20      3.18491611E-06      3.18559838E-06
      21      1.68109681E-06      1.68145630E-06
      22      8.88089189E-07      8.88278828E-07
      23      4.69492280E-07      4.69592411E-07
      24      2.48346448E-07      2.48399364E-07
      25      1.31432787E-07      1.31460765E-07
      26      6.95875675E-08      6.96023725E-08
      27      3.68563822E-08      3.68642168E-08
      28      1.95264362E-08      1.95305853E-08
      29      1.03477228E-08      1.03499156E-08
      30      5.48479458E-09      5.48595813E-09
      31      2.90771040E-09      2.90832985E-09
      32      1.54170275E-09      1.54203061E-09
      33      8.17544517E-10      8.17718213E-10
      34      4.33592368E-10      4.33686221E-10

  TOTAL ELASTIC CROSS SECTION = 1.879540E-16 cm**2
               FROM DCS TABLE = 1.879508E-16  (REL. DIF. = 1.72E-05)

  1ST TRANSPORT CROSS SECTION = 8.958482E-17 cm**2
               FROM DCS TABLE = 8.958507E-17  (REL. DIF. = 2.80E-06)

  2ND TRANSPORT CROSS SECTION = 9.650719E-17 cm**2
