    
 E (eV)=   90.0000000000000     
       0      4.82487229E-01      0.00000000E+00
       1     -1.28028342E+00     -1.27833951E+00
       2      6.35091616E-01      6.35336028E-01
       3      2.10986778E-01      2.11039188E-01
       4      7.66862086E-02      7.67023109E-02
       5      2.94567531E-02      2.94624741E-02
       6      1.16977826E-02      1.16999561E-02
       7      4.74860675E-03      4.74946379E-03
       8      1.95794257E-03      1.95828865E-03
       9      8.16678795E-04      8.16820909E-04
      10      3.43645827E-04      3.43704913E-04
      11      1.45578861E-04      1.45603659E-04
      12      6.19941920E-05      6.20046762E-05
      13      2.65072053E-05      2.65116628E-05
      14      1.13696949E-05      1.13715984E-05
      15      4.88884343E-06      4.88965910E-06
      16      2.10622387E-06      2.10657432E-06
      17      9.08792958E-07      9.08943846E-07
      18      3.92598368E-07      3.92663439E-07
      19      1.69764580E-07      1.69792677E-07
      20      7.34643481E-08      7.34764971E-08
      21      3.18105197E-08      3.18157774E-08
      22      1.37808530E-08      1.37831278E-08
      23      5.97245022E-09      5.97343868E-09
      24      2.58922732E-09      2.58965099E-09
      25      1.12278306E-09      1.12296487E-09
      26      4.86938904E-10      4.87021201E-10
      27      2.11191956E-10      2.11226353E-10

  TOTAL ELASTIC CROSS SECTION = 2.712782E-16 cm**2
               FROM DCS TABLE = 2.712735E-16  (REL. DIF. = 1.74E-05)

  1ST TRANSPORT CROSS SECTION = 1.771147E-16 cm**2
               FROM DCS TABLE = 1.771147E-16  (REL. DIF. = 2.31E-07)

  2ND TRANSPORT CROSS SECTION = 1.416621E-16 cm**2
