    
 E (eV)=   88.0000000000000     
       0      6.56775759E-01      0.00000000E+00
       1      2.72508293E-01      2.72566304E-01
       2      1.23545195E-01      1.23565021E-01
       3      5.77752593E-02      5.77837396E-02
       4      2.74052964E-02      2.74091780E-02
       5      1.30869970E-02      1.30888228E-02
       6      6.26710826E-03      6.26797744E-03
       7      3.00339049E-03      3.00380635E-03
       8      1.43879083E-03      1.43899014E-03
       9      6.88630535E-04      6.88726067E-04
      10      3.29208038E-04      3.29253792E-04
      11      1.57186082E-04      1.57207972E-04
      12      7.49581106E-05      7.49685696E-05
      13      3.57029475E-05      3.57079386E-05
      14      1.69863004E-05      1.69886792E-05
      15      8.07298384E-06      8.07411626E-06
      16      3.83302134E-06      3.83355983E-06
      17      1.81823580E-06      1.81849161E-06
      18      8.61765168E-07      8.61886573E-07
      19      4.08115687E-07      4.08173252E-07
      20      1.93133151E-07      1.93160425E-07
      21      9.13336646E-08      9.13465740E-08
      22      4.31643840E-08      4.31704893E-08
      23      2.03872658E-08      2.03901524E-08
      24      9.62377905E-09      9.62514280E-09
      25      4.54044652E-09      4.54108759E-09
      26      2.14110062E-09      2.14140128E-09
      27      1.00918855E-09      1.00932906E-09
      28      4.75420606E-10      4.75489146E-10
      29      2.23863994E-10      2.23892551E-10

  TOTAL ELASTIC CROSS SECTION = 3.801384E-17 cm**2
               FROM DCS TABLE = 3.801301E-17  (REL. DIF. = 2.18E-05)

  1ST TRANSPORT CROSS SECTION = 1.102369E-17 cm**2
               FROM DCS TABLE = 1.102357E-17  (REL. DIF. = 1.10E-05)

  2ND TRANSPORT CROSS SECTION = 2.028990E-17 cm**2
