    
 E (eV)=   126.000000000000     
       0      2.50708700E-01      0.00000000E+00
       1     -1.37573465E+00     -1.37377156E+00
       2      7.09975774E-01      7.10286207E-01
       3      2.78503834E-01      2.78586389E-01
       4      1.15552678E-01      1.15581680E-01
       5      5.01383842E-02      5.01499610E-02
       6      2.24207595E-02      2.24256897E-02
       7      1.02384915E-02      1.02406714E-02
       8      4.74760717E-03      4.74859481E-03
       9      2.22721741E-03      2.22767266E-03
      10      1.05433424E-03      1.05454681E-03
      11      5.02684502E-04      5.02784751E-04
      12      2.41036401E-04      2.41084052E-04
      13      1.16103791E-04      1.16126584E-04
      14      5.61302273E-05      5.61411840E-05
      15      2.72159595E-05      2.72212479E-05
      16      1.32275545E-05      1.32301153E-05
      17      6.44120237E-06      6.44244564E-06
      18      3.14143339E-06      3.14203827E-06
      19      1.53403721E-06      1.53433200E-06
      20      7.49876502E-07      7.50020374E-07
      21      3.66866502E-07      3.66936792E-07
      22      1.79607903E-07      1.79642282E-07
      23      8.79809822E-08      8.79978075E-08
      24      4.31176571E-08      4.31258969E-08
      25      2.11392942E-08      2.11433262E-08
      26      1.03672908E-08      1.03692670E-08
      27      5.08571476E-09      5.08668648E-09
      28      2.49539133E-09      2.49586289E-09
      29      1.22463109E-09      1.22486478E-09
      30      6.01094361E-10      6.01210834E-10
      31      2.95047867E-10      2.95100180E-10

  TOTAL ELASTIC CROSS SECTION = 2.187711E-16 cm**2
               FROM DCS TABLE = 2.187674E-16  (REL. DIF. = 1.69E-05)

  1ST TRANSPORT CROSS SECTION = 1.204540E-16 cm**2
               FROM DCS TABLE = 1.204543E-16  (REL. DIF. = 2.75E-06)

  2ND TRANSPORT CROSS SECTION = 1.142577E-16 cm**2
