    
 E (eV)=   224.000000000000     
       0     -1.42675516E-01      0.00000000E+00
       1     -1.53569887E+00     -1.53365667E+00
       2      7.91882157E-01      7.92315932E-01
       3      3.93240541E-01      3.93396311E-01
       4      1.99596054E-01      1.99664164E-01
       5      1.03839628E-01      1.03872235E-01
       6      5.51675464E-02      5.51839855E-02
       7      2.98009669E-02      2.98095329E-02
       8      1.63113839E-02      1.63159499E-02
       9      9.02263378E-03      9.02510822E-03
      10      5.03395067E-03      5.03530877E-03
      11      2.82856006E-03      2.82931298E-03
      12      1.59877632E-03      1.59919716E-03
      13      9.08154578E-04      9.08391398E-04
      14      5.18011810E-04      5.18145828E-04
      15      2.96512613E-04      2.96588815E-04
      16      1.70228609E-04      1.70272110E-04
      17      9.79733966E-05      9.79983134E-05
      18      5.65069843E-05      5.65212970E-05
      19      3.26492479E-05      3.26574892E-05
      20      1.88930664E-05      1.88978215E-05
      21      1.09468691E-05      1.09496174E-05
      22      6.34967436E-06      6.35126512E-06
      23      3.68651698E-06      3.68743889E-06
      24      2.14202560E-06      2.14256044E-06
      25      1.24545053E-06      1.24576110E-06
      26      7.24568381E-07      7.24748858E-07
      27      4.21742634E-07      4.21847579E-07
      28      2.45584297E-07      2.45645361E-07
      29      1.43058326E-07      1.43093869E-07
      30      8.33610294E-08      8.33817271E-08
      31      4.85882878E-08      4.86003488E-08
      32      2.83272079E-08      2.83342324E-08
      33      1.65182994E-08      1.65223938E-08
      34      9.63395357E-09      9.63634072E-09
      35      5.61964123E-09      5.62103488E-09
      36      3.27849054E-09      3.27929995E-09
      37      1.91290264E-09      1.91337839E-09
      38      1.11620023E-09      1.11647508E-09
      39      6.51346188E-10      6.51504537E-10
      40      3.80121860E-10      3.80214638E-10

  TOTAL ELASTIC CROSS SECTION = 1.519286E-16 cm**2
               FROM DCS TABLE = 1.519259E-16  (REL. DIF. = 1.81E-05)

  1ST TRANSPORT CROSS SECTION = 5.756319E-17 cm**2
               FROM DCS TABLE = 5.756329E-17  (REL. DIF. = 1.69E-06)

  2ND TRANSPORT CROSS SECTION = 7.316446E-17 cm**2
