    
 E (eV)=   80.0000000000000     
       0      5.63854210E-01      0.00000000E+00
       1     -1.24632459E+00     -1.24438350E+00
       2      6.04507555E-01      6.04729829E-01
       3      1.88783585E-01      1.88827627E-01
       4      6.53538816E-02      6.53667891E-02
       5      2.39782369E-02      2.39826291E-02
       6      9.10047671E-03      9.10207444E-03
       7      3.53092783E-03      3.53153067E-03
       8      1.39141431E-03      1.39164716E-03
       9      5.54605363E-04      5.54696798E-04
      10      2.22968771E-04      2.23005114E-04
      11      9.02287552E-05      9.02433340E-05
      12      3.66962313E-05      3.67021207E-05
      13      1.49820220E-05      1.49844140E-05
      14      6.13492520E-06      6.13590074E-06
      15      2.51794520E-06      2.51834435E-06
      16      1.03528181E-06      1.03544552E-06
      17      4.26260942E-07      4.26328225E-07
      18      1.75697775E-07      1.75725469E-07
      19      7.24819468E-08      7.24933591E-08
      20      2.99218083E-08      2.99265134E-08
      21      1.23588692E-08      1.23608078E-08
      22      5.10689659E-09      5.10769322E-09
      23      2.11097545E-09      2.11130486E-09
      24      8.72785068E-10      8.72920179E-10
      25      3.60923903E-10      3.60980329E-10

  TOTAL ELASTIC CROSS SECTION = 2.924916E-16 cm**2
               FROM DCS TABLE = 2.924863E-16  (REL. DIF. = 1.81E-05)

  1ST TRANSPORT CROSS SECTION = 2.005990E-16 cm**2
               FROM DCS TABLE = 2.005985E-16  (REL. DIF. = 2.51E-06)

  2ND TRANSPORT CROSS SECTION = 1.526866E-16 cm**2
