    
 E (eV)=   156.000000000000     
       0     -3.82642047E-01      0.00000000E+00
       1      1.43515850E+00      1.43624605E+00
       2      7.46037923E-01      7.46277729E-01
       3      4.02732189E-01      4.02828356E-01
       4      2.19949226E-01      2.19995775E-01
       5      1.21413191E-01      1.21437301E-01
       6      6.77408767E-02      6.77538094E-02
       7      3.81560147E-02      3.81631071E-02
       8      2.16663796E-02      2.16703290E-02
       9      1.23875742E-02      1.23897983E-02
      10      7.12422546E-03      7.12548884E-03
      11      4.11817751E-03      4.11890022E-03
      12      2.39120533E-03      2.39162118E-03
      13      1.39394255E-03      1.39418306E-03
      14      8.15437552E-04      8.15577266E-04
      15      4.78495201E-04      4.78576680E-04
      16      2.81543616E-04      2.81591297E-04
      17      1.66054109E-04      1.66082097E-04
      18      9.81425144E-05      9.81589874E-05
      19      5.81096774E-05      5.81193957E-05
      20      3.44600081E-05      3.44657533E-05
      21      2.04626101E-05      2.04660124E-05
      22      1.21646365E-05      1.21666545E-05
      23      7.23857886E-06      7.23977740E-06
      24      4.31078476E-06      4.31149737E-06
      25      2.56891287E-06      2.56933696E-06
      26      1.53172616E-06      1.53197875E-06
      27      9.13707500E-07      9.13858046E-07
      28      5.45241804E-07      5.45331571E-07
      29      3.25457178E-07      3.25510726E-07
      30      1.94309124E-07      1.94341087E-07
      31      1.16028042E-07      1.16047115E-07
      32      6.92918670E-08      6.93032563E-08
      33      4.13840789E-08      4.13908844E-08
      34      2.47173763E-08      2.47214397E-08
      35      1.47630640E-08      1.47654931E-08
      36      8.81743202E-09      8.81888301E-09
      37      5.26613555E-09      5.26700472E-09
      38      3.14503125E-09      3.14555094E-09
      39      1.87815650E-09      1.87846343E-09
      40      1.12147877E-09      1.12166503E-09
      41      6.69556349E-10      6.69667264E-10
      42      3.99717403E-10      3.99780882E-10

  TOTAL ELASTIC CROSS SECTION = 2.193470E-16 cm**2
               FROM DCS TABLE = 2.193427E-16  (REL. DIF. = 1.96E-05)

  1ST TRANSPORT CROSS SECTION = 7.047297E-17 cm**2
               FROM DCS TABLE = 7.047301E-17  (REL. DIF. = 6.03E-07)

  2ND TRANSPORT CROSS SECTION = 9.806891E-17 cm**2
