    
 E (eV)=   56.0000000000000     
       0      2.98507537E-01      0.00000000E+00
       1     -1.45940830E+00     -1.45842222E+00
       2      6.07280272E-01      6.07407527E-01
       3      2.15990830E-01      2.16022063E-01
       4      8.12347092E-02      8.12449378E-02
       5      3.17639437E-02      3.17677022E-02
       6      1.27247668E-02      1.27262224E-02
       7      5.18152171E-03      5.18210154E-03
       8      2.13538534E-03      2.13562047E-03
       9      8.88285150E-04      8.88381730E-04
      10      3.72286131E-04      3.72326196E-04
      11      1.56971737E-04      1.56988490E-04
      12      6.65074630E-05      6.65145135E-05
      13      2.82873021E-05      2.82902848E-05
      14      1.20676582E-05      1.20689253E-05
      15      5.16017373E-06      5.16071381E-06
      16      2.21039019E-06      2.21062097E-06
      17      9.48062441E-07      9.48161247E-07
      18      4.07012661E-07      4.07055028E-07
      19      1.74845595E-07      1.74863779E-07
      20      7.51410669E-08      7.51488804E-08
      21      3.22996312E-08      3.23029886E-08
      22      1.38852540E-08      1.38867007E-08
      23      5.96900769E-09      5.96962714E-09
      24      2.56571804E-09      2.56598197E-09
      25      1.10262614E-09      1.10274396E-09
      26      4.73743199E-10      4.73790104E-10
      27      2.03472649E-10      2.03492780E-10

  TOTAL ELASTIC CROSS SECTION = 4.336190E-16 cm**2
               FROM DCS TABLE = 4.336108E-16  (REL. DIF. = 1.89E-05)

  1ST TRANSPORT CROSS SECTION = 2.596116E-16 cm**2
               FROM DCS TABLE = 2.596116E-16  (REL. DIF. = 2.01E-07)

  2ND TRANSPORT CROSS SECTION = 2.271083E-16 cm**2
