    
 E (eV)=   130.000000000000     
       0     -2.62414641E-01      0.00000000E+00
       1      1.47932900E+00      1.48038984E+00
       2      7.33271430E-01      7.33488625E-01
       3      3.73463318E-01      3.73544990E-01
       4      1.92681446E-01      1.92718648E-01
       5      1.00850750E-01      1.00868989E-01
       6      5.34972346E-02      5.35065326E-02
       7      2.86965436E-02      2.87014005E-02
       8      1.55340677E-02      1.55366469E-02
       9      8.47252693E-03      8.47391286E-03
      10      4.65051070E-03      4.65126226E-03
      11      2.56658600E-03      2.56699656E-03
      12      1.42319298E-03      1.42341864E-03
      13      7.92428975E-04      7.92553665E-04
      14      4.42808261E-04      4.42877474E-04
      15      2.48213727E-04      2.48252300E-04
      16      1.39510715E-04      1.39532286E-04
      17      7.85953128E-05      7.86074131E-05
      18      4.43655554E-05      4.43723606E-05
      19      2.50855984E-05      2.50894342E-05
      20      1.42041927E-05      1.42063590E-05
      21      8.05231274E-06      8.05353807E-06
      22      4.56928399E-06      4.56997805E-06
      23      2.59491064E-06      2.59530421E-06
      24      1.47461063E-06      1.47483402E-06
      25      8.38409871E-07      8.38536757E-07
      26      4.76882324E-07      4.76954442E-07
      27      2.71332017E-07      2.71373031E-07
      28      1.54415557E-07      1.54438884E-07
      29      8.78925335E-08      8.79058118E-08
      30      5.00334035E-08      5.00409602E-08
      31      2.84835583E-08      2.84878617E-08
      32      1.62157664E-08      1.62182144E-08
      33      9.23153545E-09      9.23292992E-09
      34      5.25529177E-09      5.25608377E-09
      35      2.99152946E-09      2.99198288E-09
      36      1.70271322E-09      1.70296993E-09
      37      9.69030319E-10      9.69179600E-10
      38      5.51457122E-10      5.51539436E-10

  TOTAL ELASTIC CROSS SECTION = 2.471621E-16 cm**2
               FROM DCS TABLE = 2.471574E-16  (REL. DIF. = 1.90E-05)

  1ST TRANSPORT CROSS SECTION = 9.044343E-17 cm**2
               FROM DCS TABLE = 9.044353E-17  (REL. DIF. = 1.14E-06)

  2ND TRANSPORT CROSS SECTION = 1.171601E-16 cm**2
