    
 E (eV)=   206.000000000000     
       0     -8.56921621E-02      0.00000000E+00
       1     -1.51255695E+00     -1.51053038E+00
       2      7.83503404E-01      7.83918190E-01
       3      3.77530491E-01      3.77673979E-01
       4      1.86483564E-01      1.86544435E-01
       5      9.46694579E-02      9.46978729E-02
       6      4.91515785E-02      4.91655799E-02
       7      2.59679847E-02      2.59751226E-02
       8      1.39073731E-02      1.39110973E-02
       9      7.52911065E-03      7.53108663E-03
      10      4.11184429E-03      4.11290623E-03
      11      2.26172981E-03      2.26230633E-03
      12      1.25146757E-03      1.25178312E-03
      13      6.95892522E-04      6.96066410E-04
      14      3.88558088E-04      3.88654446E-04
      15      2.17705637E-04      2.17759283E-04
      16      1.22332306E-04      1.22362289E-04
      17      6.89078096E-05      6.89246227E-05
      18      3.88940217E-05      3.89034756E-05
      19      2.19909231E-05      2.19962513E-05
      20      1.24518109E-05      1.24548197E-05
      21      7.05913754E-06      7.06083937E-06
      22      4.00607070E-06      4.00703463E-06
      23      2.27543618E-06      2.27598279E-06
      24      1.29339831E-06      1.29370858E-06
      25      7.35653443E-07      7.35829709E-07
      26      4.18646201E-07      4.18746410E-07
      27      2.38352700E-07      2.38409703E-07
      28      1.35757323E-07      1.35789768E-07
      29      7.73485848E-08      7.73670551E-08
      30      4.40826252E-08      4.40931467E-08
      31      2.51299285E-08      2.51359241E-08
      32      1.43287362E-08      1.43321522E-08
      33      8.17153247E-09      8.17348172E-09
      34      4.66090711E-09      4.66201798E-09
      35      2.65888935E-09      2.65952065E-09
      36      1.51695563E-09      1.51731209E-09
      37      8.65507592E-10      8.65713376E-10
      38      4.93876599E-10      4.93993791E-10

  TOTAL ELASTIC CROSS SECTION = 1.601940E-16 cm**2
               FROM DCS TABLE = 1.601911E-16  (REL. DIF. = 1.78E-05)

  1ST TRANSPORT CROSS SECTION = 6.442507E-17 cm**2
               FROM DCS TABLE = 6.442520E-17  (REL. DIF. = 2.03E-06)

  2ND TRANSPORT CROSS SECTION = 7.875688E-17 cm**2
