    
 E (eV)=   54.0000000000000     
       0      7.58600884E-01      0.00000000E+00
       1      2.71878345E-01      2.71923438E-01
       2      1.03112102E-01      1.03125067E-01
       3      4.01754940E-02      4.01801672E-02
       4      1.58488795E-02      1.58506754E-02
       5      6.28100782E-03      6.28171383E-03
       6      2.49088650E-03      2.49116618E-03
       7      9.86703508E-04      9.86814481E-04
       8      3.90129375E-04      3.90173369E-04
       9      1.53931510E-04      1.53948919E-04
      10      6.06113828E-05      6.06182569E-05
      11      2.38200149E-05      2.38227235E-05
      12      9.34454703E-06      9.34561216E-06
      13      3.65991564E-06      3.66033372E-06
      14      1.43134530E-06      1.43150913E-06
      15      5.59031342E-07      5.59095440E-07
      16      2.18071046E-07      2.18096094E-07
      17      8.49719579E-08      8.49817316E-08
      18      3.30756945E-08      3.30795046E-08
      19      1.28627776E-08      1.28642614E-08
      20      4.99788309E-09      4.99845796E-09
      21      1.94036768E-09      1.94059088E-09
      22      7.52724023E-10      7.52812525E-10
      23      2.91793272E-10      2.91824697E-10

  TOTAL ELASTIC CROSS SECTION = 6.708247E-17 cm**2
               FROM DCS TABLE = 6.708131E-17  (REL. DIF. = 1.74E-05)

  1ST TRANSPORT CROSS SECTION = 2.570990E-17 cm**2
               FROM DCS TABLE = 2.570969E-17  (REL. DIF. = 8.45E-06)

  2ND TRANSPORT CROSS SECTION = 4.350628E-17 cm**2
