    
 E (eV)=   158.000000000000     
       0     -3.91016458E-01      0.00000000E+00
       1      1.43206476E+00      1.43315433E+00
       2      7.46754410E-01      7.46995851E-01
       3      4.04660397E-01      4.04757621E-01
       4      2.21844930E-01      2.21892182E-01
       5      1.22899723E-01      1.22924288E-01
       6      6.88043302E-02      6.88175526E-02
       7      3.88827502E-02      3.88900254E-02
       8      2.21501493E-02      2.21542135E-02
       9      1.27043058E-02      1.27066017E-02
      10      7.32927517E-03      7.33058343E-03
      11      4.24986937E-03      4.25062006E-03
      12      2.47528948E-03      2.47572277E-03
      13      1.44739325E-03      1.44764461E-03
      14      8.49299737E-04      8.49446197E-04
      15      4.99889987E-04      4.99975660E-04
      16      2.95031705E-04      2.95081992E-04
      17      1.74541920E-04      1.74571527E-04
      18      1.03475253E-04      1.03492732E-04
      19      6.14553837E-05      6.14657268E-05
      20      3.65563310E-05      3.65624642E-05
      21      2.17744934E-05      2.17781367E-05
      22      1.29846515E-05      1.29868191E-05
      23      7.75055967E-06      7.75185096E-06
      24      4.63008704E-06      4.63085718E-06
      25      2.76783162E-06      2.76829137E-06
      26      1.65551519E-06      1.65578987E-06
      27      9.90660967E-07      9.90825183E-07
      28      5.93030082E-07      5.93128315E-07
      29      3.55103379E-07      3.55162165E-07
      30      2.12682035E-07      2.12717229E-07
      31      1.27403243E-07      1.27424318E-07
      32      7.63278001E-08      7.63404234E-08
      33      4.57319126E-08      4.57394764E-08
      34      2.74016113E-08      2.74061462E-08
      35      1.64187757E-08      1.64214902E-08
      36      9.83784115E-09      9.83946882E-09
      37      5.89445236E-09      5.89542707E-09
      38      3.53159347E-09      3.53217766E-09
      39      2.11578846E-09      2.11614004E-09
      40      1.26747607E-09      1.26768813E-09
      41      7.59172945E-10      7.59299903E-10
      42      4.54670864E-10      4.54744109E-10

  TOTAL ELASTIC CROSS SECTION = 2.175172E-16 cm**2
               FROM DCS TABLE = 2.175129E-16  (REL. DIF. = 1.96E-05)

  1ST TRANSPORT CROSS SECTION = 6.923739E-17 cm**2
               FROM DCS TABLE = 6.923743E-17  (REL. DIF. = 5.62E-07)

  2ND TRANSPORT CROSS SECTION = 9.680698E-17 cm**2
