    
 E (eV)=   64.0000000000000     
       0      7.18225165E-01      0.00000000E+00
       1     -1.18099410E+00     -1.17905381E+00
       2      5.41462114E-01      5.41644163E-01
       3      1.49874666E-01      1.49905699E-01
       4      4.71414510E-02      4.71497639E-02
       5      1.57749470E-02      1.57775427E-02
       6      5.46236002E-03      5.46322459E-03
       7      1.93321532E-03      1.93351354E-03
       8      6.94680035E-04      6.94785236E-04
       9      2.52397334E-04      2.52435037E-04
      10      9.24557279E-05      9.24693975E-05
      11      3.40747801E-05      3.40797792E-05
      12      1.26159763E-05      1.26178165E-05
      13      4.68712263E-06      4.68780328E-06
      14      1.74591828E-06      1.74617097E-06
      15      6.51629829E-07      6.51723905E-07
      16      2.43575472E-07      2.43610566E-07
      17      9.11524724E-08      9.11655854E-08
      18      3.41420803E-08      3.41469877E-08
      19      1.27970997E-08      1.27989413E-08
      20      4.79917613E-09      4.79986368E-09
      21      1.80050718E-09      1.80076618E-09
      22      6.75683423E-10      6.75780417E-10
      23      2.53627954E-10      2.53668335E-10

  TOTAL ELASTIC CROSS SECTION = 3.370804E-16 cm**2
               FROM DCS TABLE = 3.370734E-16  (REL. DIF. = 2.10E-05)

  1ST TRANSPORT CROSS SECTION = 2.495384E-16 cm**2
               FROM DCS TABLE = 2.495361E-16  (REL. DIF. = 9.13E-06)

  2ND TRANSPORT CROSS SECTION = 1.776891E-16 cm**2
