    
 E (eV)=   110.000000000000     
       0     -1.51761950E-01      0.00000000E+00
       1      1.51963713E+00      1.52067702E+00
       2      7.17263158E-01      7.17460803E-01
       3      3.44245194E-01      3.44314646E-01
       4      1.67928752E-01      1.67958544E-01
       5      8.34600869E-02      8.34739404E-02
       6      4.21463159E-02      4.21530408E-02
       7      2.15528112E-02      2.15561619E-02
       8      1.11318981E-02      1.11335965E-02
       9      5.79618229E-03      5.79705388E-03
      10      3.03834797E-03      3.03879948E-03
      11      1.60182010E-03      1.60205577E-03
      12      8.48626282E-04      8.48750081E-04
      13      4.51489251E-04      4.51554634E-04
      14      2.41072229E-04      2.41106921E-04
      15      1.29117979E-04      1.29136460E-04
      16      6.93366501E-05      6.93465293E-05
      17      3.73160663E-05      3.73213628E-05
      18      2.01199857E-05      2.01228322E-05
      19      1.08647646E-05      1.08662977E-05
      20      5.87427584E-06      5.87510291E-06
      21      3.17926691E-06      3.17971375E-06
      22      1.72206908E-06      1.72231076E-06
      23      9.33363268E-07      9.33494122E-07
      24      5.06133059E-07      5.06203953E-07
      25      2.74561629E-07      2.74600066E-07
      26      1.48981430E-07      1.49002278E-07
      27      8.08547335E-08      8.08660434E-08
      28      4.38863317E-08      4.38924664E-08
      29      2.38219741E-08      2.38253037E-08
      30      1.29309940E-08      1.29328011E-08
      31      7.01901934E-09      7.02000291E-09
      32      3.80973807E-09      3.81027101E-09
      33      2.06760705E-09      2.06789724E-09
      34      1.12199288E-09      1.12215333E-09
      35      6.08809202E-10      6.08891549E-10
      36      3.30292749E-10      3.30337291E-10

  TOTAL ELASTIC CROSS SECTION = 2.756711E-16 cm**2
               FROM DCS TABLE = 2.756659E-16  (REL. DIF. = 1.87E-05)

  1ST TRANSPORT CROSS SECTION = 1.129778E-16 cm**2
               FROM DCS TABLE = 1.129780E-16  (REL. DIF. = 1.56E-06)

  2ND TRANSPORT CROSS SECTION = 1.362197E-16 cm**2
