    
 E (eV)=   184.000000000000     
       0      5.29032445E-01      0.00000000E+00
       1      2.60858202E-01      2.60941744E-01
       2      1.44511819E-01      1.44546241E-01
       3      8.31941843E-02      8.32120210E-02
       4      4.87370548E-02      4.87470101E-02
       5      2.88122958E-02      2.88180366E-02
       6      1.71187392E-02      1.71221047E-02
       7      1.01990818E-02      1.02010726E-02
       8      6.08512003E-03      6.08630342E-03
       9      3.63283110E-03      3.63353644E-03
      10      2.16906747E-03      2.16948844E-03
      11      1.29485093E-03      1.29510231E-03
      12      7.72689488E-04      7.72839610E-04
      13      4.60873779E-04      4.60963409E-04
      14      2.74742303E-04      2.74795794E-04
      15      1.63690752E-04      1.63722660E-04
      16      9.74709268E-05      9.74899488E-05
      17      5.80070938E-05      5.80184275E-05
      18      3.45023135E-05      3.45090624E-05
      19      2.05108845E-05      2.05149010E-05
      20      1.21870507E-05      1.21894397E-05
      21      7.23769594E-06      7.23911617E-06
      22      4.29634417E-06      4.29718804E-06
      23      2.54920154E-06      2.54970271E-06
      24      1.51190570E-06      1.51220320E-06
      25      8.96333023E-07      8.96509544E-07
      26      5.31185872E-07      5.31290567E-07
      27      3.14676202E-07      3.14738268E-07
      28      1.86349787E-07      1.86386570E-07
      29      1.10318601E-07      1.10340390E-07
      30      6.52874419E-08      6.53003456E-08
      31      3.86258056E-08      3.86334496E-08
      32      2.28454353E-08      2.28499541E-08
      33      1.35082767E-08      1.35109491E-08
      34      7.98511373E-09      7.98669817E-09
      35      4.71900405E-09      4.71994010E-09
      36      2.78816335E-09      2.78871224E-09
      37      1.64695825E-09      1.64728681E-09
      38      9.72596316E-10      9.72788846E-10
      39      5.74201513E-10      5.74309636E-10

  TOTAL ELASTIC CROSS SECTION = 1.673547E-17 cm**2
               FROM DCS TABLE = 1.673501E-17  (REL. DIF. = 2.73E-05)

  1ST TRANSPORT CROSS SECTION = 3.031736E-18 cm**2
               FROM DCS TABLE = 3.031695E-18  (REL. DIF. = 1.38E-05)

  2ND TRANSPORT CROSS SECTION = 6.171039E-18 cm**2
