    
 E (eV)=   126.000000000000     
       0     -2.41745029E-01      0.00000000E+00
       1      1.48688092E+00      1.48793759E+00
       2      7.30597766E-01      7.30811224E-01
       3      3.68155443E-01      3.68234751E-01
       4      1.88014371E-01      1.88050104E-01
       5      9.74808304E-02      9.74981785E-02
       6      5.12469446E-02      5.12557098E-02
       7      2.72509918E-02      2.72555310E-02
       8      1.46260044E-02      1.46283945E-02
       9      7.91020992E-03      7.91148354E-03
      10      4.30569090E-03      4.30637583E-03
      11      2.35661334E-03      2.35698442E-03
      12      1.29599221E-03      1.29619450E-03
      13      7.15672799E-04      7.15783664E-04
      14      3.96633529E-04      3.96694567E-04
      15      2.20504937E-04      2.20538677E-04
      16      1.22917658E-04      1.22936373E-04
      17      6.86767705E-05      6.86871828E-05
      18      3.84464002E-05      3.84522082E-05
      19      2.15585346E-05      2.15617815E-05
      20      1.21055313E-05      1.21073498E-05
      21      6.80530376E-06      6.80632392E-06
      22      3.82931960E-06      3.82989264E-06
      23      2.15640193E-06      2.15672418E-06
      24      1.21508372E-06      1.21526510E-06
      25      6.85007102E-07      6.85109251E-07
      26      3.86321487E-07      3.86379057E-07
      27      2.17935173E-07      2.17967632E-07
      28      1.22969213E-07      1.22987522E-07
      29      6.93949831E-08      6.94053155E-08
      30      3.91650712E-08      3.91709060E-08
      31      2.21048894E-08      2.21081784E-08
      32      1.24760972E-08      1.24779535E-08
      33      7.04140766E-09      7.04245636E-09
      34      3.97393157E-09      3.97452520E-09
      35      2.24254458E-09      2.24287802E-09
      36      1.26533940E-09      1.26552774E-09
      37      7.13915759E-10      7.14022487E-10
      38      4.02757429E-10      4.02818816E-10

  TOTAL ELASTIC CROSS SECTION = 2.522595E-16 cm**2
               FROM DCS TABLE = 2.522547E-16  (REL. DIF. = 1.89E-05)

  1ST TRANSPORT CROSS SECTION = 9.432974E-17 cm**2
               FROM DCS TABLE = 9.432986E-17  (REL. DIF. = 1.23E-06)

  2ND TRANSPORT CROSS SECTION = 1.206175E-16 cm**2
