    
 E (eV)=   50.0000000000000     
       0      7.76235250E-01      0.00000000E+00
       1      2.71112347E-01      2.71155642E-01
       2      9.95863834E-02      9.95984489E-02
       3      3.75651359E-02      3.75693549E-02
       4      1.43424670E-02      1.43440389E-02
       5      5.49884477E-03      5.49944325E-03
       6      2.10880156E-03      2.10903100E-03
       7      8.07541262E-04      8.07629312E-04
       8      3.08585235E-04      3.08618981E-04
       9      1.17653084E-04      1.17665990E-04
      10      4.47590656E-05      4.47639898E-05
      11      1.69932407E-05      1.69951153E-05
      12      6.43970926E-06      6.44042139E-06
      13      2.43627606E-06      2.43654607E-06
      14      9.20292704E-07      9.20394904E-07
      15      3.47157431E-07      3.47196053E-07
      16      1.30792375E-07      1.30806950E-07
      17      4.92199861E-08      4.92254732E-08
      18      1.85031862E-08      1.85052580E-08
      19      6.94921020E-09      6.94998794E-09
      20      2.60757136E-09      2.60786077E-09
      21      9.77600069E-10      9.77712262E-10
      22      3.66236039E-10      3.66277285E-10

  TOTAL ELASTIC CROSS SECTION = 7.349548E-17 cm**2
               FROM DCS TABLE = 7.349425E-17  (REL. DIF. = 1.67E-05)

  1ST TRANSPORT CROSS SECTION = 2.935646E-17 cm**2
               FROM DCS TABLE = 2.935622E-17  (REL. DIF. = 8.02E-06)

  2ND TRANSPORT CROSS SECTION = 4.895942E-17 cm**2
