    
 E (eV)=   196.000000000000     
       0     -5.17874024E-02      0.00000000E+00
       1     -1.49879308E+00     -1.49677509E+00
       2      7.77974161E-01      7.78377860E-01
       3      3.67963831E-01      3.68100273E-01
       4      1.78779971E-01      1.78836804E-01
       5      8.94202131E-02      8.94463428E-02
       6      4.57816718E-02      4.57943700E-02
       7      2.38625794E-02      2.38689674E-02
       8      1.26111645E-02      1.26144543E-02
       9      6.73819122E-03      6.73991431E-03
      10      3.63209353E-03      3.63300772E-03
      11      1.97194744E-03      1.97243742E-03
      12      1.07698578E-03      1.07725054E-03
      13      5.91100611E-04      5.91244646E-04
      14      3.25755247E-04      3.25834040E-04
      15      1.80137862E-04      1.80181164E-04
      16      9.98982385E-05      9.99221284E-05
      17      5.55324666E-05      5.55456892E-05
      18      3.09316894E-05      3.09390276E-05
      19      1.72578806E-05      1.72619623E-05
      20      9.64232158E-06      9.64459622E-06
      21      5.39372607E-06      5.39499570E-06
      22      3.02014896E-06      3.02085857E-06
      23      1.69251552E-06      1.69291258E-06
      24      9.49173382E-07      9.49395763E-07
      25      5.32623220E-07      5.32747866E-07
      26      2.99031639E-07      2.99101555E-07
      27      1.67959150E-07      1.67998385E-07
      28      9.43738947E-08      9.43959304E-08
      29      5.30443431E-08      5.30567167E-08
      30      2.98225928E-08      2.98295469E-08
      31      1.67707815E-08      1.67746935E-08
      32      9.43295207E-09      9.43515309E-09
      33      5.30664138E-09      5.30787597E-09
      34      2.98578355E-09      2.98647763E-09
      35      1.68012788E-09      1.68051643E-09
      36      9.45499065E-10      9.45718801E-10
      37      5.32160838E-10      5.32282914E-10

  TOTAL ELASTIC CROSS SECTION = 1.653118E-16 cm**2
               FROM DCS TABLE = 1.653089E-16  (REL. DIF. = 1.77E-05)

  1ST TRANSPORT CROSS SECTION = 6.883030E-17 cm**2
               FROM DCS TABLE = 6.883045E-17  (REL. DIF. = 2.21E-06)

  2ND TRANSPORT CROSS SECTION = 8.215517E-17 cm**2
