    
 E (eV)=   74.0000000000000     
       0      6.17762647E-01      0.00000000E+00
       1     -1.22365652E+00     -1.22171634E+00
       2      5.83174699E-01      5.83382640E-01
       3      1.74681195E-01      1.74720284E-01
       4      5.85120784E-02      5.85231811E-02
       5      2.08049822E-02      2.08086509E-02
       6      7.65401807E-03      7.65531330E-03
       7      2.87859067E-03      2.87906476E-03
       8      1.09945363E-03      1.09963121E-03
       9      4.24701812E-04      4.24769420E-04
      10      1.65449331E-04      1.65475381E-04
      11      6.48669952E-05      6.48771231E-05
      12      2.55561167E-05      2.55600813E-05
      13      1.01059754E-05      1.01075355E-05
      14      4.00771125E-06      4.00832760E-06
      15      1.59280927E-06      1.59305352E-06
      16      6.34108620E-07      6.34205640E-07
      17      2.52773475E-07      2.52812080E-07
      18      1.00865296E-07      1.00880680E-07
      19      4.02807796E-08      4.02869203E-08
      20      1.60962752E-08      1.60987250E-08
      21      6.43529734E-09      6.43627534E-09
      22      2.57383275E-09      2.57422729E-09
      23      1.02971923E-09      1.02987600E-09
      24      4.12029196E-10      4.12096824E-10
      25      1.64898131E-10      1.64923334E-10

  TOTAL ELASTIC CROSS SECTION = 3.074006E-16 cm**2
               FROM DCS TABLE = 3.073948E-16  (REL. DIF. = 1.89E-05)

  1ST TRANSPORT CROSS SECTION = 2.170902E-16 cm**2
               FROM DCS TABLE = 2.170892E-16  (REL. DIF. = 4.46E-06)

  2ND TRANSPORT CROSS SECTION = 1.606958E-16 cm**2
