    
 E (eV)=   84.0000000000000     
       0      5.30136612E-01      0.00000000E+00
       1     -1.26043182E+00     -1.25848978E+00
       2      6.17427660E-01      6.17659037E-01
       3      1.97858447E-01      1.97905824E-01
       4      6.99022602E-02      6.99164194E-02
       5      2.61447074E-02      2.61496132E-02
       6      1.01131973E-02      1.01150147E-02
       7      3.99911746E-03      3.99981602E-03
       8      1.60619572E-03      1.60647063E-03
       9      6.52558233E-04      6.52668233E-04
      10      2.67427395E-04      2.67471953E-04
      11      1.10324169E-04      1.10342386E-04
      12      4.57455810E-05      4.57530825E-05
      13      1.90430711E-05      1.90461770E-05
      14      7.95149743E-06      7.95278893E-06
      15      3.32804965E-06      3.32858843E-06
      16      1.39551044E-06      1.39573579E-06
      17      5.86009391E-07      5.86103831E-07
      18      2.46359844E-07      2.46399486E-07
      19      1.03663390E-07      1.03680050E-07
      20      4.36505955E-08      4.36576026E-08
      21      1.83907799E-08      1.83937271E-08
      22      7.75188956E-09      7.75313124E-09
      23      3.26869067E-09      3.26921675E-09
      24      1.37868007E-09      1.37889935E-09
      25      5.81599438E-10      5.81688478E-10
      26      2.45390053E-10      2.45429472E-10

  TOTAL ELASTIC CROSS SECTION = 2.835157E-16 cm**2
               FROM DCS TABLE = 2.835107E-16  (REL. DIF. = 1.78E-05)

  1ST TRANSPORT CROSS SECTION = 1.906539E-16 cm**2
               FROM DCS TABLE = 1.906536E-16  (REL. DIF. = 1.47E-06)

  2ND TRANSPORT CROSS SECTION = 1.479826E-16 cm**2
