    
 E (eV)=   80.0000000000000     
       0      6.75399199E-01      0.00000000E+00
       1      2.72943850E-01      2.72999121E-01
       2      1.19885027E-01      1.19903351E-01
       3      5.42657297E-02      5.42733319E-02
       4      2.49060514E-02      2.49094241E-02
       5      1.15038574E-02      1.15053939E-02
       6      5.32656684E-03      5.32727473E-03
       7      2.46732234E-03      2.46764993E-03
       8      1.14215532E-03      1.14230711E-03
       9      5.28116825E-04      5.28187133E-04
      10      2.43867325E-04      2.43899858E-04
      11      1.12454393E-04      1.12469427E-04
      12      5.17860159E-05      5.17929534E-05
      13      2.38172405E-05      2.38204374E-05
      14      1.09407947E-05      1.09422659E-05
      15      5.02020588E-06      5.02088209E-06
      16      2.30114999E-06      2.30146045E-06
      17      1.05378571E-06      1.05392808E-06
      18      4.82141221E-07      4.82206451E-07
      19      2.20413693E-07      2.20443547E-07
      20      1.00686363E-07      1.00700017E-07
      21      4.59614381E-08      4.59676767E-08
      22      2.09666063E-08      2.09694545E-08
      23      9.55852452E-09      9.55982479E-09
      24      4.35511862E-09      4.35571296E-09
      25      1.98324847E-09      1.98351421E-09
      26      9.02665215E-10      9.02789632E-10
      27      4.10608800E-10      4.10664478E-10

  TOTAL ELASTIC CROSS SECTION = 4.240221E-17 cm**2
               FROM DCS TABLE = 4.240132E-17  (REL. DIF. = 2.10E-05)

  1ST TRANSPORT CROSS SECTION = 1.301248E-17 cm**2
               FROM DCS TABLE = 1.301234E-17  (REL. DIF. = 1.05E-05)

  2ND TRANSPORT CROSS SECTION = 2.358732E-17 cm**2
