    
 E (eV)=   178.000000000000     
       0      1.39530760E-02      0.00000000E+00
       1     -1.47210597E+00     -1.47010316E+00
       2      7.66074330E-01      7.66456940E-01
       3      3.49023192E-01      3.49146542E-01
       4      1.64114405E-01      1.64163963E-01
       5      7.97063238E-02      7.97284392E-02
       6      3.96915242E-02      3.97019817E-02
       7      2.01386291E-02      2.01437530E-02
       8      1.03647955E-02      1.03673665E-02
       9      5.39437594E-03      5.39568827E-03
      10      2.83267149E-03      2.83335007E-03
      11      1.49827873E-03      1.49863319E-03
      12      7.97187036E-04      7.97373712E-04
      13      4.26230485E-04      4.26329454E-04
      14      2.28811177E-04      2.28863934E-04
      15      1.23241590E-04      1.23269841E-04
      16      6.65636597E-05      6.65788445E-05
      17      3.60340470E-05      3.60422341E-05
      18      1.95441457E-05      1.95485714E-05
      19      1.06171860E-05      1.06195835E-05
      20      5.77532951E-06      5.77663058E-06
      21      3.14502588E-06      3.14573301E-06
      22      1.71424826E-06      1.71463305E-06
      23      9.35105610E-07      9.35315223E-07
      24      5.10424669E-07      5.10538953E-07
      25      2.78767603E-07      2.78829954E-07
      26      1.52319523E-07      1.52353562E-07
      27      8.32608369E-08      8.32794314E-08
      28      4.55273658E-08      4.55375278E-08
      29      2.49016664E-08      2.49072241E-08
      30      1.36235293E-08      1.36265691E-08
      31      7.45492594E-09      7.45658903E-09
      32      4.08014274E-09      4.08105308E-09
      33      2.23343078E-09      2.23392815E-09
      34      1.22268486E-09      1.22295412E-09
      35      6.69425206E-10      6.69575184E-10
      36      3.66566650E-10      3.66647127E-10

  TOTAL ELASTIC CROSS SECTION = 1.756902E-16 cm**2
               FROM DCS TABLE = 1.756871E-16  (REL. DIF. = 1.74E-05)

  1ST TRANSPORT CROSS SECTION = 7.810208E-17 cm**2
               FROM DCS TABLE = 7.810228E-17  (REL. DIF. = 2.54E-06)

  2ND TRANSPORT CROSS SECTION = 8.887652E-17 cm**2
