    
 E (eV)=   206.000000000000     
       0      5.11655180E-01      0.00000000E+00
       1      2.57919905E-01      2.58008136E-01
       2      1.46443591E-01      1.46480752E-01
       3      8.64936058E-02      8.65133094E-02
       4      5.20120019E-02      5.20232678E-02
       5      3.15739147E-02      3.15805755E-02
       6      1.92686763E-02      1.92726825E-02
       7      1.17944797E-02      1.17969121E-02
       8      7.23137702E-03      7.23286185E-03
       9      4.43728012E-03      4.43818925E-03
      10      2.72357572E-03      2.72413328E-03
      11      1.67165160E-03      1.67199381E-03
      12      1.02576107E-03      1.02597116E-03
      13      6.29195877E-04      6.29324846E-04
      14      3.85773581E-04      3.85852731E-04
      15      2.36411521E-04      2.36460078E-04
      16      1.44806019E-04      1.44835793E-04
      17      8.86512743E-05      8.86695224E-05
      18      5.42458269E-05      5.42570051E-05
      19      3.31768974E-05      3.31837412E-05
      20      2.02814917E-05      2.02856797E-05
      21      1.23927059E-05      1.23952675E-05
      22      7.56906712E-06      7.57063312E-06
      23      4.62100524E-06      4.62196216E-06
      24      2.82004673E-06      2.82063122E-06
      25      1.72032126E-06      1.72067812E-06
      26      1.04906781E-06      1.04928560E-06
      27      6.39507130E-07      6.39639991E-07
      28      3.89710260E-07      3.89791285E-07
      29      2.37410078E-07      2.37459470E-07
      30      1.44585048E-07      1.44615151E-07
      31      8.80279562E-08      8.80462892E-08
      32      5.35791707E-08      5.35903382E-08
      33      3.26027319E-08      3.26095325E-08
      34      1.98335199E-08      1.98376607E-08
      35      1.20625613E-08      1.20650764E-08
      36      7.33456622E-09      7.33609745E-09
      37      4.45867359E-09      4.45960438E-09
      38      2.70984022E-09      2.71040567E-09
      39      1.64662690E-09      1.64697011E-09
      40      1.00032348E-09      1.00053554E-09
      41      6.07580414E-10      6.07707372E-10
      42      3.68930685E-10      3.69008116E-10

  TOTAL ELASTIC CROSS SECTION = 1.481174E-17 cm**2
               FROM DCS TABLE = 1.481133E-17  (REL. DIF. = 2.81E-05)

  1ST TRANSPORT CROSS SECTION = 2.485342E-18 cm**2
               FROM DCS TABLE = 2.485307E-18  (REL. DIF. = 1.40E-05)

  2ND TRANSPORT CROSS SECTION = 5.124407E-18 cm**2
