    
 E (eV)=   50.0000000000000     
       0      8.89042173E-01      0.00000000E+00
       1     -1.10694870E+00     -1.10500385E+00
       2      4.66327493E-01      4.66468521E-01
       3      1.12597899E-01      1.12618352E-01
       4      3.16614271E-02      3.16663782E-02
       5      9.48647247E-03      9.48786733E-03
       6      2.93913410E-03      2.93955152E-03
       7      9.30074631E-04      9.30203671E-04
       8      2.98648684E-04      2.98689428E-04
       9      9.69055839E-05      9.69186421E-05
      10      3.16838860E-05      3.16881168E-05
      11      1.04169335E-05      1.04183153E-05
      12      3.43882316E-06      3.43927706E-06
      13      1.13862714E-06      1.13877688E-06
      14      3.77846734E-07      3.77896288E-07
      15      1.25592859E-07      1.25609298E-07
      16      4.17973494E-08      4.18028093E-08
      17      1.39230482E-08      1.39248585E-08
      18      4.64110339E-09      4.64170925E-09
      19      1.54784781E-09      1.54805100E-09
      20      5.16424820E-10      5.16492094E-10
      21      1.72359300E-10      1.72383017E-10

  TOTAL ELASTIC CROSS SECTION = 3.935691E-16 cm**2
               FROM DCS TABLE = 3.935586E-16  (REL. DIF. = 2.68E-05)

  1ST TRANSPORT CROSS SECTION = 3.082490E-16 cm**2
               FROM DCS TABLE = 3.082427E-16  (REL. DIF. = 2.04E-05)

  2ND TRANSPORT CROSS SECTION = 2.153926E-16 cm**2
