    
 E (eV)=   202.000000000000     
       0      5.14635695E-01      0.00000000E+00
       1      2.58449316E-01      2.58536716E-01
       2      1.46133398E-01      1.46170073E-01
       3      8.59365073E-02      8.59558780E-02
       4      5.14484325E-02      5.14594629E-02
       5      3.10917629E-02      3.10982570E-02
       6      1.88884339E-02      1.88923230E-02
       7      1.15088409E-02      1.15111917E-02
       8      7.02370261E-03      7.02513121E-03
       9      4.28982621E-03      4.29069692E-03
      10      2.62076003E-03      2.62129157E-03
      11      1.60098557E-03      1.60131030E-03
      12      9.77759725E-04      9.77958150E-04
      13      5.96908683E-04      5.97029919E-04
      14      3.64236619E-04      3.64310671E-04
      15      2.22148235E-04      2.22193448E-04
      16      1.35418755E-04      1.35446347E-04
      17      8.25069888E-05      8.25238186E-05
      18      5.02437234E-05      5.02539833E-05
      19      3.05814203E-05      3.05876718E-05
      20      1.86048109E-05      1.86086181E-05
      21      1.13133815E-05      1.13156989E-05
      22      6.87649763E-06      6.87790753E-06
      23      4.17789989E-06      4.17875727E-06
      24      2.53730516E-06      2.53782632E-06
      25      1.54034909E-06      1.54066573E-06
      26      9.34770246E-07      9.34962556E-07
      27      5.67070611E-07      5.67187360E-07
      28      3.43892550E-07      3.43963403E-07
      29      2.08481778E-07      2.08524762E-07
      30      1.26351240E-07      1.26377313E-07
      31      7.65531283E-08      7.65689318E-08
      32      4.63685421E-08      4.63781163E-08
      33      2.80779627E-08      2.80837672E-08
      34      1.69979199E-08      1.70014356E-08
      35      1.02876979E-08      1.02898250E-08
      36      6.22491142E-09      6.22620026E-09
      37      3.76570466E-09      3.76648346E-09
      38      2.27755441E-09      2.27802457E-09
      39      1.37719464E-09      1.37747995E-09
      40      8.32591182E-10      8.32762087E-10
      41      5.03198974E-10      5.03308493E-10

  TOTAL ELASTIC CROSS SECTION = 1.512823E-17 cm**2
               FROM DCS TABLE = 1.512780E-17  (REL. DIF. = 2.80E-05)

  1ST TRANSPORT CROSS SECTION = 2.572640E-18 cm**2
               FROM DCS TABLE = 2.572604E-18  (REL. DIF. = 1.40E-05)

  2ND TRANSPORT CROSS SECTION = 5.292795E-18 cm**2
