    
 E (eV)=   200.000000000000     
       0     -6.55571262E-02      0.00000000E+00
       1     -1.50438273E+00     -1.50236132E+00
       2      7.80269180E-01      7.80677363E-01
       3      3.71867345E-01      3.72006625E-01
       4      1.81898456E-01      1.81956905E-01
       5      9.15329185E-02      9.15599580E-02
       6      4.71314354E-02      4.71446501E-02
       7      2.47021596E-02      2.47088437E-02
       8      1.31258968E-02      1.31293574E-02
       9      7.05099126E-03      7.05281341E-03
      10      3.82106787E-03      3.82203972E-03
      11      2.08563762E-03      2.08616124E-03
      12      1.14516747E-03      1.14545191E-03
      13      6.31886460E-04      6.32042011E-04
      14      3.50100754E-04      3.50186296E-04
      15      1.94642403E-04      1.94689664E-04
      16      1.08524749E-04      1.08550962E-04
      17      6.06547007E-05      6.06692865E-05
      18      3.39684488E-05      3.39765870E-05
      19      1.90555681E-05      1.90601193E-05
      20      1.07049787E-05      1.07075288E-05
      21      6.02101537E-06      6.02244645E-06
      22      3.38994156E-06      3.39074578E-06
      23      1.91022836E-06      1.91068081E-06
      24      1.07718977E-06      1.07744457E-06
      25      6.07806747E-07      6.07950361E-07
      26      3.43135397E-07      3.43216389E-07
      27      1.93802286E-07      1.93847991E-07
      28      1.09500812E-07      1.09526622E-07
      29      6.18895947E-08      6.19041761E-08
      30      3.49896595E-08      3.49978985E-08
      31      1.97863919E-08      1.97910462E-08
      32      1.11913374E-08      1.11939694E-08
      33      6.33104124E-09      6.33253024E-09
      34      3.58210442E-09      3.58294570E-09
      35      2.02700686E-09      2.02748191E-09
      36      1.14711112E-09      1.14737620E-09
      37      6.49222774E-10      6.49377635E-10
      38      3.67490196E-10      3.67573207E-10

  TOTAL ELASTIC CROSS SECTION = 1.632147E-16 cm**2
               FROM DCS TABLE = 1.632118E-16  (REL. DIF. = 1.77E-05)

  1ST TRANSPORT CROSS SECTION = 6.701126E-17 cm**2
               FROM DCS TABLE = 6.701140E-17  (REL. DIF. = 2.14E-06)

  2ND TRANSPORT CROSS SECTION = 8.076905E-17 cm**2
