    
 E (eV)=   116.000000000000     
       0      6.05756318E-01      0.00000000E+00
       1      2.69797316E-01      2.69863944E-01
       2      1.33016907E-01      1.33041564E-01
       3      6.78380652E-02      6.78494996E-02
       4      3.51323000E-02      3.51379867E-02
       5      1.83341108E-02      1.83370233E-02
       6      9.60362443E-03      9.60513676E-03
       7      5.03848392E-03      5.03927448E-03
       8      2.64441519E-03      2.64482970E-03
       9      1.38749649E-03      1.38771406E-03
      10      7.27526531E-04      7.27640743E-04
      11      3.81154856E-04      3.81214780E-04
      12      1.99506238E-04      1.99537653E-04
      13      1.04329409E-04      1.04345864E-04
      14      5.45079196E-05      5.45165303E-05
      15      2.84531308E-05      2.84576325E-05
      16      1.48400975E-05      1.48424488E-05
      17      7.73392029E-06      7.73514734E-06
      18      4.02753133E-06      4.02817115E-06
      19      2.09591594E-06      2.09624930E-06
      20      1.08999103E-06      1.09016459E-06
      21      5.66504505E-07      5.66594811E-07
      22      2.94259962E-07      2.94306916E-07
      23      1.52764122E-07      1.52788521E-07
      24      7.92661394E-08      7.92788092E-08
      25      4.11094997E-08      4.11160793E-08
      26      2.13106921E-08      2.13141070E-08
      27      1.10424333E-08      1.10442066E-08
      28      5.71943396E-09      5.72035196E-09
      29      2.96117663E-09      2.96165447E-09
      30      1.53253454E-09      1.53278706E-09
      31      7.92895029E-10      7.93023791E-10
      32      4.10086840E-10      4.10151610E-10

  TOTAL ELASTIC CROSS SECTION = 2.781708E-17 cm**2
               FROM DCS TABLE = 2.781641E-17  (REL. DIF. = 2.40E-05)

  1ST TRANSPORT CROSS SECTION = 6.807359E-18 cm**2
               FROM DCS TABLE = 6.807276E-18  (REL. DIF. = 1.23E-05)

  2ND TRANSPORT CROSS SECTION = 1.305709E-17 cm**2
