    
 E (eV)=   84.0000000000000     
       0      2.75668676E-02      0.00000000E+00
       1     -1.55710763E+00     -1.55609492E+00
       2      6.82185014E-01      6.82353071E-01
       3      2.93744694E-01      2.93796667E-01
       4      1.29946206E-01      1.29966301E-01
       5      5.90399892E-02      5.90485309E-02
       6      2.73629284E-02      2.73667393E-02
       7      1.28672406E-02      1.28689890E-02
       8      6.11788427E-03      6.11870090E-03
       9      2.93442997E-03      2.93481628E-03
      10      1.41764354E-03      1.41782807E-03
      11      6.88990716E-04      6.89079561E-04
      12      3.36545382E-04      3.36588437E-04
      13      1.65083347E-04      1.65104326E-04
      14      8.12617178E-05      8.12719877E-05
      15      4.01167742E-05      4.01218210E-05
      16      1.98515031E-05      1.98539911E-05
      17      9.84217077E-06      9.84340057E-06
      18      4.88709436E-06      4.88770354E-06
      19      2.42958167E-06      2.42988394E-06
      20      1.20896872E-06      1.20911892E-06
      21      6.02009621E-07      6.02084323E-07
      22      2.99927355E-07      2.99964545E-07
      23      1.49481362E-07      1.49499890E-07
      24      7.45182098E-08      7.45274444E-08
      25      3.71534440E-08      3.71580435E-08
      26      1.85252065E-08      1.85275015E-08
      27      9.23686352E-09      9.23800615E-09
      28      4.60529157E-09      4.60586498E-09
      29      2.29589990E-09      2.29618381E-09
      30      1.14445746E-09      1.14460067E-09
      31      5.70390518E-10      5.70460621E-10
      32      2.84184129E-10      2.84218907E-10

  TOTAL ELASTIC CROSS SECTION = 3.292754E-16 cm**2
               FROM DCS TABLE = 3.292694E-16  (REL. DIF. = 1.85E-05)

  1ST TRANSPORT CROSS SECTION = 1.596883E-16 cm**2
               FROM DCS TABLE = 1.596886E-16  (REL. DIF. = 1.88E-06)

  2ND TRANSPORT CROSS SECTION = 1.697367E-16 cm**2
