    
 E (eV)=   80.0000000000000     
       0      6.00897203E-02      0.00000000E+00
       1     -1.54538444E+00     -1.54437582E+00
       2      6.74581565E-01      6.74744495E-01
       3      2.84353184E-01      2.84402303E-01
       4      1.23473951E-01      1.23492576E-01
       5      5.51500261E-02      5.51578108E-02
       6      2.51437224E-02      2.51471404E-02
       7      1.16344794E-02      1.16360228E-02
       8      5.44410221E-03      5.44481184E-03
       9      2.57013070E-03      2.57046115E-03
      10      1.22216992E-03      1.22232532E-03
      11      5.84688062E-04      5.84761714E-04
      12      2.81126745E-04      2.81161883E-04
      13      1.35737780E-04      1.35754636E-04
      14      6.57666494E-05      6.57747723E-05
      15      3.19554904E-05      3.19594198E-05
      16      1.55627543E-05      1.55646611E-05
      17      7.59328012E-06      7.59420780E-06
      18      3.71027472E-06      3.71072698E-06
      19      1.81499535E-06      1.81521620E-06
      20      8.88629699E-07      8.88737678E-07
      21      4.35357215E-07      4.35410064E-07
      22      2.13388827E-07      2.13414707E-07
      23      1.04624753E-07      1.04637437E-07
      24      5.13076914E-08      5.13139087E-08
      25      2.51637426E-08      2.51667952E-08
      26      1.23417968E-08      1.23432931E-08
      27      6.05292650E-09      6.05365826E-09
      28      2.96833374E-09      2.96869299E-09
      29      1.45550566E-09      1.45568563E-09
      30      7.13590152E-10      7.13673509E-10
      31      3.49739809E-10      3.49782488E-10

  TOTAL ELASTIC CROSS SECTION = 3.401586E-16 cm**2
               FROM DCS TABLE = 3.401523E-16  (REL. DIF. = 1.85E-05)

  1ST TRANSPORT CROSS SECTION = 1.696946E-16 cm**2
               FROM DCS TABLE = 1.696949E-16  (REL. DIF. = 1.86E-06)

  2ND TRANSPORT CROSS SECTION = 1.761443E-16 cm**2
