    
 E (eV)=   156.000000000000     
       0      1.04189763E-01      0.00000000E+00
       1     -1.43544701E+00     -1.43346199E+00
       2      7.47159496E-01      7.47513955E-01
       3      3.22396127E-01      3.22502741E-01
       4      1.44719140E-01      1.44759864E-01
       5      6.74176128E-02      6.74350429E-02
       6      3.22707523E-02      3.22786817E-02
       7      1.57545185E-02      1.57582601E-02
       8      7.80573601E-03      7.80754479E-03
       9      3.91180613E-03      3.91269574E-03
      10      1.97814481E-03      1.97858806E-03
      11      1.00758839E-03      1.00781149E-03
      12      5.16244713E-04      5.16357921E-04
      13      2.65768294E-04      2.65826115E-04
      14      1.37355662E-04      1.37385352E-04
      15      7.12161997E-05      7.12315114E-05
      16      3.70211829E-05      3.70291076E-05
      17      1.92866949E-05      1.92908086E-05
      18      1.00655080E-05      1.00676485E-05
      19      5.26076464E-06      5.26188060E-06
      20      2.75287887E-06      2.75346165E-06
      21      1.44198374E-06      1.44228848E-06
      22      7.55953487E-07      7.56113019E-07
      23      3.96580087E-07      3.96663680E-07
      24      2.08170067E-07      2.08213905E-07
      25      1.09324292E-07      1.09347297E-07
      26      5.74370731E-08      5.74491483E-08
      27      3.01867637E-08      3.01931033E-08
      28      1.58696597E-08      1.58729933E-08
      29      8.34499462E-09      8.34674484E-09
      30      4.38909116E-09      4.39001265E-09
      31      2.30883152E-09      2.30931215E-09
      32      1.21470671E-09      1.21496272E-09
      33      6.39170817E-10      6.39307119E-10
      34      3.36360424E-10      3.36429281E-10

  TOTAL ELASTIC CROSS SECTION = 1.909942E-16 cm**2
               FROM DCS TABLE = 1.909909E-16  (REL. DIF. = 1.72E-05)

  1ST TRANSPORT CROSS SECTION = 9.251090E-17 cm**2
               FROM DCS TABLE = 9.251116E-17  (REL. DIF. = 2.84E-06)

  2ND TRANSPORT CROSS SECTION = 9.834609E-17 cm**2
