    
 E (eV)=   118.000000000000     
       0     -1.98311915E-01      0.00000000E+00
       1      1.50271481E+00      1.50376311E+00
       2      7.24508653E-01      7.24714388E-01
       3      3.56768714E-01      3.56843176E-01
       4      1.78263386E-01      1.78296158E-01
       5      9.05771141E-02      9.05927000E-02
       6      4.67125371E-02      4.67202626E-02
       7      2.43814392E-02      2.43853670E-02
       8      1.28487073E-02      1.28507383E-02
       9      6.82452735E-03      6.82559038E-03
      10      3.64874490E-03      3.64930649E-03
      11      1.96178217E-03      1.96208108E-03
      12      1.05988037E-03      1.06004047E-03
      13      5.75013224E-04      5.75099437E-04
      14      3.13088311E-04      3.13134950E-04
      15      1.71003600E-04      1.71028932E-04
      16      9.36479143E-05      9.36617212E-05
      17      5.14010301E-05      5.14085777E-05
      18      2.82665329E-05      2.82706693E-05
      19      1.55691482E-05      1.55714200E-05
      20      8.58678201E-06      8.58803201E-06
      21      4.74096418E-06      4.74165299E-06
      22      2.61990281E-06      2.62028286E-06
      23      1.44880615E-06      1.44901604E-06
      24      8.01636679E-07      8.01752708E-07
      25      4.43744177E-07      4.43808349E-07
      26      2.45713773E-07      2.45749289E-07
      27      1.36091084E-07      1.36110743E-07
      28      7.53878029E-08      7.53986857E-08
      29      4.17654564E-08      4.17714861E-08
      30      2.31395488E-08      2.31428882E-08
      31      1.28202287E-08      1.28220772E-08
      32      7.10277003E-09      7.10379965E-09
      33      3.93492115E-09      3.93548549E-09
      34      2.17971063E-09      2.18002454E-09
      35      1.20732568E-09      1.20750147E-09
      36      6.68648806E-10      6.68749954E-10
      37      3.70287534E-10      3.70341339E-10

  TOTAL ELASTIC CROSS SECTION = 2.633032E-16 cm**2
               FROM DCS TABLE = 2.632983E-16  (REL. DIF. = 1.88E-05)

  1ST TRANSPORT CROSS SECTION = 1.029691E-16 cm**2
               FROM DCS TABLE = 1.029693E-16  (REL. DIF. = 1.40E-06)

  2ND TRANSPORT CROSS SECTION = 1.280393E-16 cm**2
