    
 E (eV)=   96.0000000000000     
       0      6.40247407E-01      0.00000000E+00
       1      2.71883230E-01      2.71943845E-01
       2      1.26718617E-01      1.26739887E-01
       3      6.09744362E-02      6.09837801E-02
       4      2.97701227E-02      2.97745181E-02
       5      1.46372531E-02      1.46393793E-02
       6      7.21928488E-03      7.22032643E-03
       7      3.56426455E-03      3.56477762E-03
       8      1.75951572E-03      1.75976901E-03
       9      8.67973085E-04      8.68098174E-04
      10      4.27744758E-04      4.27806504E-04
      11      2.10561072E-04      2.10591523E-04
      12      1.03532449E-04      1.03547449E-04
      13      5.08500303E-05      5.08574110E-05
      14      2.49484759E-05      2.49521033E-05
      15      1.22281592E-05      1.22299400E-05
      16      5.98783460E-06      5.98870794E-06
      17      2.92952386E-06      2.92995173E-06
      18      1.43208354E-06      1.43229298E-06
      19      6.99531917E-07      6.99634351E-07
      20      3.41457493E-07      3.41507552E-07
      21      1.66562022E-07      1.66586466E-07
      22      8.11977081E-08      8.12096354E-08
      23      3.95600800E-08      3.95658971E-08
      24      1.92633797E-08      1.92662098E-08
      25      9.37522238E-09      9.37660148E-09
      26      4.56055338E-09      4.56122584E-09
      27      2.21743332E-09      2.21776049E-09
      28      1.07771008E-09      1.07786873E-09
      29      5.23553643E-10      5.23632082E-10
      30      2.54196933E-10      2.54233839E-10

  TOTAL ELASTIC CROSS SECTION = 3.442878E-17 cm**2
               FROM DCS TABLE = 3.442800E-17  (REL. DIF. = 2.25E-05)

  1ST TRANSPORT CROSS SECTION = 9.472742E-18 cm**2
               FROM DCS TABLE = 9.472634E-18  (REL. DIF. = 1.14E-05)

  2ND TRANSPORT CROSS SECTION = 1.767178E-17 cm**2
