    
 E (eV)=   140.000000000000     
       0      5.73301216E-01      0.00000000E+00
       1      2.66783071E-01      2.66856186E-01
       2      1.38389153E-01      1.38417524E-01
       3      7.44018925E-02      7.44157060E-02
       4      4.06530677E-02      4.06602926E-02
       5      2.23966569E-02      2.24005536E-02
       6      1.23917687E-02      1.23939019E-02
       7      6.87058758E-03      6.87176437E-03
       8      3.81256341E-03      3.81321509E-03
       9      2.11584061E-03      2.11620213E-03
      10      1.17383337E-03      1.17403404E-03
      11      6.50854498E-04      6.50965881E-04
      12      3.60629328E-04      3.60691124E-04
      13      1.99670282E-04      1.99704544E-04
      14      1.10467502E-04      1.10486484E-04
      15      6.10700492E-05      6.10805580E-05
      16      3.37368467E-05      3.37426600E-05
      17      1.86241371E-05      1.86273504E-05
      18      1.02744291E-05      1.02762040E-05
      19      5.66453064E-06      5.66551034E-06
      20      3.12111325E-06      3.12165365E-06
      21      1.71873389E-06      1.71903180E-06
      22      9.45964221E-07      9.46128345E-07
      23      5.20379883E-07      5.20470252E-07
      24      2.86126372E-07      2.86176108E-07
      25      1.57252653E-07      1.57280009E-07
      26      8.63875316E-08      8.64025733E-08
      27      4.74380947E-08      4.74463622E-08
      28      2.60396277E-08      2.60441690E-08
      29      1.42883211E-08      1.42908124E-08
      30      7.83748485E-09      7.83885151E-09
      31      4.29761832E-09      4.29837240E-09
      32      2.35576289E-09      2.35617794E-09
      33      1.29093547E-09      1.29116078E-09
      34      7.07201612E-10      7.07322989E-10
      35      3.87326079E-10      3.87400391E-10

  TOTAL ELASTIC CROSS SECTION = 2.256984E-17 cm**2
               FROM DCS TABLE = 2.256927E-17  (REL. DIF. = 2.54E-05)

  1ST TRANSPORT CROSS SECTION = 4.898153E-18 cm**2
               FROM DCS TABLE = 4.898090E-18  (REL. DIF. = 1.30E-05)

  2ND TRANSPORT CROSS SECTION = 9.638607E-18 cm**2
