    
 E (eV)=   116.000000000000     
       0     -1.86983237E-01      0.00000000E+00
       1      1.50683746E+00      1.50788366E+00
       2      7.22814371E-01      7.23018121E-01
       3      3.53749834E-01      3.53823058E-01
       4      1.75735739E-01      1.75767768E-01
       5      8.88175307E-02      8.88326804E-02
       6      4.55732728E-02      4.55807443E-02
       7      2.36698322E-02      2.36736123E-02
       8      1.24134053E-02      1.24153506E-02
       9      6.56180543E-03      6.56281878E-03
      10      3.49164287E-03      3.49217569E-03
      11      1.86846039E-03      1.86874267E-03
      12      1.00471748E-03      1.00486797E-03
      13      5.42528599E-04      5.42609254E-04
      14      2.94015353E-04      2.94058783E-04
      15      1.59832418E-04      1.59855898E-04
      16      8.71184732E-05      8.71312107E-05
      17      4.75916786E-05      4.75986091E-05
      18      2.60478717E-05      2.60516521E-05
      19      1.42790010E-05      1.42810675E-05
      20      7.83770841E-06      7.83884010E-06
      21      4.30668776E-06      4.30730842E-06
      22      2.36849468E-06      2.36883549E-06
      23      1.30346917E-06      1.30365651E-06
      24      7.17735554E-07      7.17838606E-07
      25      3.95375242E-07      3.95431966E-07
      26      2.17866411E-07      2.17897654E-07
      27      1.20079466E-07      1.20096679E-07
      28      6.61932406E-08      6.62027220E-08
      29      3.64920598E-08      3.64972887E-08
      30      2.01187053E-08      2.01215886E-08
      31      1.10918042E-08      1.10933942E-08
      32      6.11494220E-09      6.11581765E-09
      33      3.37094189E-09      3.37142461E-09
      34      1.85811730E-09      1.85838377E-09
      35      1.02408842E-09      1.02423212E-09
      36      5.64378977E-10      5.64457803E-10
      37      3.10993873E-10      3.11037679E-10

  TOTAL ELASTIC CROSS SECTION = 2.662610E-16 cm**2
               FROM DCS TABLE = 2.662560E-16  (REL. DIF. = 1.88E-05)

  1ST TRANSPORT CROSS SECTION = 1.053317E-16 cm**2
               FROM DCS TABLE = 1.053319E-16  (REL. DIF. = 1.44E-06)

  2ND TRANSPORT CROSS SECTION = 1.300091E-16 cm**2
