    
 E (eV)=   230.000000000000     
       0     -1.60630360E-01      0.00000000E+00
       1     -1.54299454E+00     -1.54094709E+00
       2      7.94288220E-01      7.94728077E-01
       3      3.98084880E-01      3.98244633E-01
       4      2.03761287E-01      2.03831796E-01
       5      1.06815333E-01      1.06849355E-01
       6      5.71543470E-02      5.71716226E-02
       7      3.10869308E-02      3.10959939E-02
       8      1.71299492E-02      1.71348122E-02
       9      9.53847586E-03      9.54112852E-03
      10      5.35689802E-03      5.35836339E-03
      11      3.02982202E-03      3.03063967E-03
      12      1.72378148E-03      1.72424146E-03
      13      9.85592827E-04      9.85853346E-04
      14      5.65880420E-04      5.66028805E-04
      15      3.26048241E-04      3.26133159E-04
      16      1.88422578E-04      1.88471371E-04
      17      1.09163939E-04      1.09192070E-04
      18      6.33801350E-05      6.33964001E-05
      19      3.68649455E-05      3.68743728E-05
      20      2.14754071E-05      2.14808824E-05
      21      1.25266850E-05      1.25298707E-05
      22      7.31498064E-06      7.31683687E-06
      23      4.27563955E-06      4.27672252E-06
      24      2.50114944E-06      2.50178195E-06
      25      1.46412446E-06      1.46449422E-06
      26      8.57577207E-07      8.57793531E-07
      27      5.02561253E-07      5.02687897E-07
      28      2.94641858E-07      2.94716043E-07
      29      1.72807879E-07      1.72851355E-07
      30      1.01385091E-07      1.01410582E-07
      31      5.94985961E-08      5.95135486E-08
      32      3.49257269E-08      3.49344982E-08
      33      2.05058271E-08      2.05109754E-08
      34      1.20417112E-08      1.20447367E-08
      35      7.07239093E-09      7.07416868E-09
      36      4.15440762E-09      4.15544914E-09
      37      2.44065412E-09      2.44126519E-09
      38      1.43399458E-09      1.43435244E-09
      39      8.42573461E-10      8.42784826E-10
      40      4.95096655E-10      4.95220823E-10

  TOTAL ELASTIC CROSS SECTION = 1.494074E-16 cm**2
               FROM DCS TABLE = 1.494047E-16  (REL. DIF. = 1.82E-05)

  1ST TRANSPORT CROSS SECTION = 5.553549E-17 cm**2
               FROM DCS TABLE = 5.553558E-17  (REL. DIF. = 1.58E-06)

  2ND TRANSPORT CROSS SECTION = 7.143602E-17 cm**2
