    
 E (eV)=   162.000000000000     
       0      5.49254474E-01      0.00000000E+00
       1      2.63835851E-01      2.63914379E-01
       2      1.41912552E-01      1.41944055E-01
       3      7.92274751E-02      7.92433516E-02
       4      4.49831034E-02      4.49917107E-02
       5      2.57633565E-02      2.57681732E-02
       6      1.48247545E-02      1.48274929E-02
       7      8.55145168E-03      8.55302153E-03
       8      4.93850903E-03      4.93941300E-03
       9      2.85310745E-03      2.85362915E-03
      10      1.64817724E-03      1.64847864E-03
      11      9.51772176E-04      9.51946338E-04
      12      5.49334063E-04      5.49434685E-04
      13      3.16867500E-04      3.16925610E-04
      14      1.82658428E-04      1.82691968E-04
      15      1.05224808E-04      1.05244155E-04
      16      6.05781547E-05      6.05893068E-05
      17      3.48530577E-05      3.48594819E-05
      18      2.00402264E-05      2.00439247E-05
      19      1.15162860E-05      1.15184137E-05
      20      6.61427123E-06      6.61549456E-06
      21      3.79684581E-06      3.79754877E-06
      22      2.17844549E-06      2.17884921E-06
      23      1.24929262E-06      1.24952436E-06
      24      7.16119979E-07      7.16252930E-07
      25      4.10318734E-07      4.10394973E-07
      26      2.35006695E-07      2.35050401E-07
      27      1.34546090E-07      1.34571131E-07
      28      7.70019556E-08      7.70162935E-08
      29      4.40535036E-08      4.40617120E-08
      30      2.51949969E-08      2.51996967E-08
      31      1.44048802E-08      1.44075641E-08
      32      8.23323143E-09      8.23476898E-09
      33      4.70441962E-09      4.70529905E-09
      34      2.68734059E-09      2.68784703E-09
      35      1.53466284E-09      1.53494954E-09
      36      8.76137917E-10      8.76301150E-10
      37      5.00078029E-10      5.00171504E-10

  TOTAL ELASTIC CROSS SECTION = 1.922529E-17 cm**2
               FROM DCS TABLE = 1.922479E-17  (REL. DIF. = 2.65E-05)

  1ST TRANSPORT CROSS SECTION = 3.791879E-18 cm**2
               FROM DCS TABLE = 3.791828E-18  (REL. DIF. = 1.35E-05)

  2ND TRANSPORT CROSS SECTION = 7.601305E-18 cm**2
