    
 E (eV)=   64.0000000000000     
       0      7.21293070E-01      0.00000000E+00
       1      2.72915197E-01      2.72964476E-01
       2      1.10651698E-01      1.10666819E-01
       3      4.61439679E-02      4.61497768E-02
       4      1.94954418E-02      1.94978243E-02
       5      8.28147450E-03      8.28247587E-03
       6      3.52319133E-03      3.52361617E-03
       7      1.49822006E-03      1.49840083E-03
       8      6.36266909E-04      6.36343826E-04
       9      2.69759527E-04      2.69792217E-04
      10      1.14170628E-04      1.14184499E-04
      11      4.82384514E-05      4.82443262E-05
      12      2.03487636E-05      2.03512475E-05
      13      8.57117308E-06      8.57222149E-06
      14      3.60538904E-06      3.60583089E-06
      15      1.51468641E-06      1.51487237E-06
      16      6.35619119E-07      6.35697285E-07
      17      2.66449754E-07      2.66482569E-07
      18      1.11587204E-07      1.11600968E-07
      19      4.66902700E-08      4.66960362E-08
      20      1.95200129E-08      1.95224230E-08
      21      8.15457584E-09      8.15558034E-09
      22      3.40421016E-09      3.40463149E-09
      23      1.42015742E-09      1.42033401E-09
      24      5.92076614E-10      5.92145220E-10
      25      2.46672131E-10      2.46697010E-10

  TOTAL ELASTIC CROSS SECTION = 5.492882E-17 cm**2
               FROM DCS TABLE = 5.492778E-17  (REL. DIF. = 1.90E-05)

  1ST TRANSPORT CROSS SECTION = 1.916684E-17 cm**2
               FROM DCS TABLE = 1.916666E-17  (REL. DIF. = 9.38E-06)

  2ND TRANSPORT CROSS SECTION = 3.345097E-17 cm**2
