    
 E (eV)=   114.000000000000     
       0     -1.75453462E-01      0.00000000E+00
       1      1.51103036E+00      1.51207446E+00
       2      7.21044558E-01      7.21246297E-01
       3      3.50657812E-01      3.50729790E-01
       4      1.73171091E-01      1.73202375E-01
       5      8.70447242E-02      8.70594397E-02
       6      4.44322797E-02      4.44394997E-02
       7      2.29610181E-02      2.29646529E-02
       8      1.19820506E-02      1.19839119E-02
       9      6.30276968E-03      6.30373456E-03
      10      3.33750578E-03      3.33801066E-03
      11      1.77734355E-03      1.77760974E-03
      12      9.51116586E-04      9.51257814E-04
      13      5.11114497E-04      5.11189831E-04
      14      2.75658700E-04      2.75699072E-04
      15      1.49131875E-04      1.49153596E-04
      16      8.08938487E-05      8.09055763E-05
      17      4.39774545E-05      4.39838050E-05
      18      2.39529085E-05      2.39563559E-05
      19      1.30666198E-05      1.30684952E-05
      20      7.13717115E-06      7.13819319E-06
      21      3.90251063E-06      3.90306844E-06
      22      2.13564512E-06      2.13594993E-06
      23      1.16951550E-06      1.16968221E-06
      24      6.40783346E-07      6.40874608E-07
      25      3.51229624E-07      3.51279613E-07
      26      1.92575386E-07      1.92602776E-07
      27      1.05609386E-07      1.05624408E-07
      28      5.79249447E-08      5.79331798E-08
      29      3.17733851E-08      3.17779046E-08
      30      1.74290686E-08      1.74315487E-08
      31      9.56054371E-09      9.56189991E-09
      32      5.24413514E-09      5.24488434E-09
      33      2.87629656E-09      2.87670744E-09
      34      1.57740457E-09      1.57762849E-09
      35      8.64975343E-10      8.65100209E-10
      36      4.74280921E-10      4.74346678E-10

  TOTAL ELASTIC CROSS SECTION = 2.693053E-16 cm**2
               FROM DCS TABLE = 2.693002E-16  (REL. DIF. = 1.87E-05)

  1ST TRANSPORT CROSS SECTION = 1.077841E-16 cm**2
               FROM DCS TABLE = 1.077842E-16  (REL. DIF. = 1.48E-06)

  2ND TRANSPORT CROSS SECTION = 1.320278E-16 cm**2
