    
 E (eV)=   136.000000000000     
       0     -2.92227298E-01      0.00000000E+00
       1      1.46841621E+00      1.46948329E+00
       2      7.36876734E-01      7.37099393E-01
       3      3.80984131E-01      3.81069279E-01
       4      1.99433324E-01      1.99472717E-01
       5      1.05802188E-01      1.05821770E-01
       6      5.68469528E-02      5.68570648E-02
       7      3.08738488E-02      3.08791965E-02
       8      1.69170832E-02      1.69199574E-02
       9      9.33819061E-03      9.33975358E-03
      10      5.18693930E-03      5.18779694E-03
      11      2.89662409E-03      2.89709813E-03
      12      1.62518054E-03      1.62544416E-03
      13      9.15554936E-04      9.15702303E-04
      14      5.17629050E-04      5.17711806E-04
      15      2.93566853E-04      2.93613511E-04
      16      1.66944528E-04      1.66970925E-04
      17      9.51599765E-05      9.51749566E-05
      18      5.43512775E-05      5.43598009E-05
      19      3.10963919E-05      3.11012526E-05
      20      1.78172598E-05      1.78200371E-05
      21      1.02211972E-05      1.02227868E-05
      22      5.86954295E-06      5.87045401E-06
      23      3.37342888E-06      3.37395167E-06
      24      1.94015753E-06      1.94045780E-06
      25      1.11646021E-06      1.11663282E-06
      26      6.42748543E-07      6.42847833E-07
      27      3.70159239E-07      3.70216385E-07
      28      2.13230920E-07      2.13263826E-07
      29      1.22855737E-07      1.22874689E-07
      30      7.07943863E-08      7.08052998E-08
      31      4.07980678E-08      4.08043581E-08
      32      2.35125207E-08      2.35161472E-08
      33      1.35507226E-08      1.35528138E-08
      34      7.80936159E-09      7.81056284E-09
      35      4.50040947E-09      4.50110207E-09
      36      2.59335370E-09      2.59375410E-09
      37      1.49424611E-09      1.49447631E-09
      38      8.60853380E-10      8.60985222E-10
      39      4.95915607E-10      4.95993735E-10

  TOTAL ELASTIC CROSS SECTION = 2.399808E-16 cm**2
               FROM DCS TABLE = 2.399762E-16  (REL. DIF. = 1.91E-05)

  1ST TRANSPORT CROSS SECTION = 8.508254E-17 cm**2
               FROM DCS TABLE = 8.508263E-17  (REL. DIF. = 1.02E-06)

  2ND TRANSPORT CROSS SECTION = 1.122612E-16 cm**2
