    
 E (eV)=   58.0000000000000     
       0      7.86363308E-01      0.00000000E+00
       1     -1.15170556E+00     -1.14976402E+00
       2      5.11986426E-01      5.12151609E-01
       3      1.34236832E-01      1.34263207E-01
       4      4.04097710E-02      4.04165586E-02
       5      1.29542119E-02      1.29562482E-02
       6      4.29651876E-03      4.29716950E-03
       7      1.45617002E-03      1.45638518E-03
       8      5.00979881E-04      5.01052596E-04
       9      1.74233440E-04      1.74258399E-04
      10      6.10798127E-05      6.10884771E-05
      11      2.15388000E-05      2.15418332E-05
      12      7.62863722E-06      7.62970565E-06
      13      2.71076325E-06      2.71114135E-06
      14      9.65605202E-07      9.65739475E-07
      15      3.44594294E-07      3.44642102E-07
      16      1.23146477E-07      1.23163529E-07
      17      4.40551185E-08      4.40612167E-08
      18      1.57733174E-08      1.57754994E-08
      19      5.65093099E-09      5.65170752E-09
      20      2.02542657E-09      2.02570146E-09
      21      7.26217756E-10      7.26315970E-10
      22      2.60454863E-10      2.60491742E-10

  TOTAL ELASTIC CROSS SECTION = 3.586739E-16 cm**2
               FROM DCS TABLE = 3.586657E-16  (REL. DIF. = 2.29E-05)

  1ST TRANSPORT CROSS SECTION = 2.725670E-16 cm**2
               FROM DCS TABLE = 2.725635E-16  (REL. DIF. = 1.31E-05)

  2ND TRANSPORT CROSS SECTION = 1.911890E-16 cm**2
