    
 E (eV)=   216.000000000000     
       0     -1.17951858E-01      0.00000000E+00
       1     -1.52565620E+00     -1.52362098E+00
       2      7.88386366E-01      7.88811846E-01
       3      3.86484760E-01      3.86635133E-01
       4      1.93884756E-01      1.93949655E-01
       5      9.98087732E-02      9.98395058E-02
       6      5.25031820E-02      5.25185239E-02
       7      2.80919353E-02      2.80998546E-02
       8      1.52327050E-02      1.52368876E-02
       9      8.34840942E-03      8.35065555E-03
      10      4.61521058E-03      4.61643227E-03
      11      2.56965258E-03      2.57032380E-03
      12      1.43922280E-03      1.43959462E-03
      13      8.10083229E-04      8.10290587E-04
      14      4.57859879E-04      4.57976171E-04
      15      2.59686569E-04      2.59752096E-04
      16      1.47720424E-04      1.47757493E-04
      17      8.42374102E-05      8.42584504E-05
      18      4.81365041E-05      4.81484799E-05
      19      2.75554791E-05      2.75623117E-05
      20      1.57974435E-05      1.58013495E-05
      21      9.06800418E-06      9.07024094E-06
      22      5.21073901E-06      5.21202170E-06
      23      2.99695129E-06      2.99768775E-06
      24      1.72501970E-06      1.72544298E-06
      25      9.93557744E-07      9.93801234E-07
      26      5.72578815E-07      5.72718988E-07
      27      3.30130396E-07      3.30211136E-07
      28      1.90420806E-07      1.90467340E-07
      29      1.09874465E-07      1.09901302E-07
      30      6.34177952E-08      6.34332799E-08
      31      3.66134025E-08      3.66223342E-08
      32      2.11430776E-08      2.11482360E-08
      33      1.22118595E-08      1.22148352E-08
      34      7.05452010E-09      7.05624234E-09
      35      4.07585598E-09      4.07684982E-09
      36      2.35520971E-09      2.35578102E-09
      37      1.36106534E-09      1.36139669E-09
      38      7.86591777E-10      7.86785005E-10
      39      4.54636683E-10      4.54748992E-10

  TOTAL ELASTIC CROSS SECTION = 1.554645E-16 cm**2
               FROM DCS TABLE = 1.554617E-16  (REL. DIF. = 1.80E-05)

  1ST TRANSPORT CROSS SECTION = 6.045924E-17 cm**2
               FROM DCS TABLE = 6.045935E-17  (REL. DIF. = 1.84E-06)

  2ND TRANSPORT CROSS SECTION = 7.557156E-17 cm**2
