    
 E (eV)=   214.000000000000     
       0     -1.11624103E-01      0.00000000E+00
       1     -1.52308643E+00     -1.52105294E+00
       2      7.87457403E-01      7.87880774E-01
       3      3.84740461E-01      3.84889470E-01
       4      1.92428135E-01      1.92492229E-01
       5      9.87898215E-02      9.88200883E-02
       6      5.18346045E-02      5.18496754E-02
       7      2.76659178E-02      2.76736784E-02
       8      1.49654953E-02      1.49695843E-02
       9      8.18239867E-03      8.18458941E-03
      10      4.51271674E-03      4.51390552E-03
      11      2.50665168E-03      2.50730331E-03
      12      1.40062425E-03      1.40098437E-03
      13      7.86496177E-04      7.86696546E-04
      14      4.43476990E-04      4.43589100E-04
      15      2.50932486E-04      2.50995510E-04
      16      1.42401227E-04      1.42436796E-04
      17      8.10103664E-05      8.10305077E-05
      18      4.61816106E-05      4.61930476E-05
      19      2.63729070E-05      2.63794167E-05
      20      1.50830458E-05      1.50867583E-05
      21      8.63700217E-06      8.63912305E-06
      22      4.95104421E-06      4.95225752E-06
      23      2.84066909E-06      2.84136404E-06
      24      1.63108296E-06      1.63148142E-06
      25      9.37160356E-07      9.37389010E-07
      26      5.38756907E-07      5.38888216E-07
      27      3.09868957E-07      3.09944408E-07
      28      1.78295475E-07      1.78338855E-07
      29      1.02625319E-07      1.02650273E-07
      30      5.90880231E-08      5.91023805E-08
      31      3.40296837E-08      3.40379541E-08
      32      1.96026391E-08      1.96073999E-08
      33      1.12941863E-08      1.12969255E-08
      34      6.50828681E-09      6.50986388E-09
      35      3.75097659E-09      3.75188439E-09
      36      2.16211503E-09      2.16263751E-09
      37      1.24637028E-09      1.24667442E-09
      38      7.18523233E-10      7.18696929E-10
      39      4.14270883E-10      4.14371334E-10

  TOTAL ELASTIC CROSS SECTION = 1.563817E-16 cm**2
               FROM DCS TABLE = 1.563789E-16  (REL. DIF. = 1.79E-05)

  1ST TRANSPORT CROSS SECTION = 6.122022E-17 cm**2
               FROM DCS TABLE = 6.122033E-17  (REL. DIF. = 1.88E-06)

  2ND TRANSPORT CROSS SECTION = 7.619248E-17 cm**2
