    
 E (eV)=   178.000000000000     
       0      5.34231588E-01      0.00000000E+00
       1      2.61668505E-01      2.61750714E-01
       2      1.43878046E-01      1.43911691E-01
       3      8.21854741E-02      8.22027858E-02
       4      4.77644683E-02      4.77740596E-02
       5      2.80105821E-02      2.80160709E-02
       6      1.65073679E-02      1.65105608E-02
       7      9.75430326E-03      9.75617692E-03
       8      5.77170533E-03      5.77281014E-03
       9      3.41707168E-03      3.41772481E-03
      10      2.02317393E-03      2.02356052E-03
      11      1.19759997E-03      1.19782891E-03
      12      7.08618192E-04      7.08753763E-04
      13      4.19073832E-04      4.19154092E-04
      14      2.47698532E-04      2.47746026E-04
      15      1.46319195E-04      1.46347284E-04
      16      8.63819320E-05      8.63985348E-05
      17      5.09673689E-05      5.09771766E-05
      18      3.00549673E-05      3.00607575E-05
      19      1.77134786E-05      1.77168949E-05
      20      1.04343330E-05      1.04363476E-05
      21      6.14339990E-06      6.14458723E-06
      22      3.61531511E-06      3.61601452E-06
      23      2.12660367E-06      2.12701546E-06
      24      1.25037255E-06      1.25061488E-06
      25      7.34875563E-07      7.35018101E-07
      26      4.31735904E-07      4.31819714E-07
      27      2.53548210E-07      2.53597465E-07
      28      1.48849968E-07      1.48878906E-07
      29      8.73553997E-08      8.73723940E-08
      30      5.12495377E-08      5.12595116E-08
      31      3.00577396E-08      3.00635950E-08
      32      1.76236122E-08      1.76270501E-08
      33      1.03301997E-08      1.03322134E-08
      34      6.05345082E-09      6.05463455E-09
      35      3.54641605E-09      3.54710785E-09
      36      2.07715614E-09      2.07756422E-09
      37      1.21628253E-09      1.21651831E-09
      38      7.11994641E-10      7.12128575E-10
      39      4.16704020E-10      4.16782846E-10

  TOTAL ELASTIC CROSS SECTION = 1.734896E-17 cm**2
               FROM DCS TABLE = 1.734849E-17  (REL. DIF. = 2.71E-05)

  1ST TRANSPORT CROSS SECTION = 3.213677E-18 cm**2
               FROM DCS TABLE = 3.213632E-18  (REL. DIF. = 1.37E-05)

  2ND TRANSPORT CROSS SECTION = 6.515929E-18 cm**2
