    
 E (eV)=   52.0000000000000     
       0      7.67189007E-01      0.00000000E+00
       1      2.71526052E-01      2.71570256E-01
       2      1.01390500E-01      1.01403019E-01
       3      3.88871447E-02      3.88915907E-02
       4      1.50986021E-02      1.51002851E-02
       5      5.88805685E-03      5.88870826E-03
       6      2.29728723E-03      2.29754120E-03
       7      8.95152153E-04      8.95251304E-04
       8      3.48108673E-04      3.48147339E-04
       9      1.35079923E-04      1.35094972E-04
      10      5.23053155E-05      5.23111594E-05
      11      2.02134508E-05      2.02157152E-05
      12      7.79734808E-06      7.79822370E-06
      13      3.00287276E-06      3.00321072E-06
      14      1.15472068E-06      1.15485090E-06
      15      4.43431721E-07      4.43481819E-07
      16      1.70074610E-07      1.70093857E-07
      17      6.51570891E-08      6.51644757E-08
      18      2.49364438E-08      2.49392766E-08
      19      9.53445962E-09      9.53554156E-09
      20      3.64230741E-09      3.64272507E-09
      21      1.39024940E-09      1.39040660E-09
      22      5.30221772E-10      5.30282526E-10
      23      2.02084272E-10      2.02110290E-10

  TOTAL ELASTIC CROSS SECTION = 7.015018E-17 cm**2
               FROM DCS TABLE = 7.014899E-17  (REL. DIF. = 1.70E-05)

  1ST TRANSPORT CROSS SECTION = 2.743866E-17 cm**2
               FROM DCS TABLE = 2.743844E-17  (REL. DIF. = 8.24E-06)

  2ND TRANSPORT CROSS SECTION = 4.610358E-17 cm**2
