    
 E (eV)=   134.000000000000     
       0     -2.82442347E-01      0.00000000E+00
       1      1.47200068E+00      1.47306568E+00
       2      7.35725903E-01      7.35946759E-01
       3      3.78533739E-01      3.78617738E-01
       4      1.97215169E-01      1.97253833E-01
       5      1.04165526E-01      1.04184659E-01
       6      5.57340469E-02      5.57438858E-02
       7      3.01471279E-02      3.01523102E-02
       8      1.64534756E-02      1.64562500E-02
       9      9.04680079E-03      9.04830362E-03
      10      5.00564222E-03      5.00646368E-03
      11      2.78463828E-03      2.78509059E-03
      12      1.55637572E-03      1.55662630E-03
      13      8.73451184E-04      8.73590730E-04
      14      4.91945393E-04      4.92023461E-04
      15      2.77939133E-04      2.77982982E-04
      16      1.57455494E-04      1.57480209E-04
      17      8.94087301E-05      8.94227022E-05
      18      5.08711076E-05      5.08790273E-05
      19      2.89936115E-05      2.89981108E-05
      20      1.65484988E-05      1.65510599E-05
      21      9.45668750E-06      9.45814770E-06
      22      5.40947637E-06      5.41031006E-06
      23      3.09692229E-06      3.09739883E-06
      24      1.77418071E-06      1.77445337E-06
      25      1.01695268E-06      1.01710881E-06
      26      5.83163113E-07      5.83252579E-07
      27      3.34521615E-07      3.34572899E-07
      28      1.91941057E-07      1.91970467E-07
      29      1.10151640E-07      1.10168515E-07
      30      6.32220393E-08      6.32317244E-08
      31      3.62894178E-08      3.62949695E-08
      32      2.08308179E-08      2.08340106E-08
      33      1.19573144E-08      1.19591508E-08
      34      6.86355142E-09      6.86459918E-09
      35      3.93954188E-09      3.94014389E-09
      36      2.26104842E-09      2.26139372E-09
      37      1.29753591E-09      1.29773053E-09
      38      7.44528780E-10      7.44636904E-10
      39      4.27191343E-10      4.27253427E-10

  TOTAL ELASTIC CROSS SECTION = 2.423161E-16 cm**2
               FROM DCS TABLE = 2.423114E-16  (REL. DIF. = 1.91E-05)

  1ST TRANSPORT CROSS SECTION = 8.681085E-17 cm**2
               FROM DCS TABLE = 8.681094E-17  (REL. DIF. = 1.06E-06)

  2ND TRANSPORT CROSS SECTION = 1.138575E-16 cm**2
