    
 E (eV)=   62.0000000000000     
       0      7.28101820E-01      0.00000000E+00
       1      2.72789076E-01      2.72837549E-01
       2      1.09272061E-01      1.09286760E-01
       3      4.50103524E-02      4.50159346E-02
       4      1.87813324E-02      1.87835950E-02
       5      7.87831289E-03      7.87925243E-03
       6      3.30925266E-03      3.30964635E-03
       7      1.38925658E-03      1.38942198E-03
       8      5.82392637E-04      5.82462121E-04
       9      2.43719265E-04      2.43748416E-04
      10      1.01807302E-04      1.01819511E-04
      11      4.24531854E-05      4.24582888E-05
      12      1.76739069E-05      1.76760365E-05
      13      7.34684274E-06      7.34772983E-06
      14      3.04978453E-06      3.05015350E-06
      15      1.26441193E-06      1.26456517E-06
      16      5.23606684E-07      5.23670247E-07
      17      2.16601051E-07      2.16627384E-07
      18      8.95142088E-08      8.95251035E-08
      19      3.69600247E-08      3.69645318E-08
      20      1.52479063E-08      1.52497674E-08
      21      6.28570615E-09      6.28647487E-09
      22      2.58933139E-09      2.58964556E-09
      23      1.06588830E-09      1.06602158E-09
      24      4.38482257E-10      4.38533072E-10
      25      1.80260145E-10      1.80285893E-10

  TOTAL ELASTIC CROSS SECTION = 5.700904E-17 cm**2
               FROM DCS TABLE = 5.700797E-17  (REL. DIF. = 1.87E-05)

  1ST TRANSPORT CROSS SECTION = 2.024987E-17 cm**2
               FROM DCS TABLE = 2.024968E-17  (REL. DIF. = 9.20E-06)

  2ND TRANSPORT CROSS SECTION = 3.514247E-17 cm**2
