    
 E (eV)=   208.000000000000     
       0     -9.22706516E-02      0.00000000E+00
       1     -1.51522786E+00     -1.51319956E+00
       2      7.84528914E-01      7.84945869E-01
       3      3.79368688E-01      3.79513565E-01
       4      1.87987612E-01      1.88049290E-01
       5      9.57061992E-02      9.57350752E-02
       6      4.98235544E-02      4.98378209E-02
       7      2.63914652E-02      2.63987569E-02
       8      1.41702356E-02      1.41740495E-02
       9      7.69078029E-03      7.69280893E-03
      10      4.21067421E-03      4.21176714E-03
      11      2.32188627E-03      2.32248108E-03
      12      1.28796612E-03      1.28829249E-03
      13      7.17980561E-04      7.18160850E-04
      14      4.01896627E-04      4.01996780E-04
      15      2.25745425E-04      2.25801321E-04
      16      1.27170027E-04      1.27201346E-04
      17      7.18141511E-05      7.18317569E-05
      18      4.06374212E-05      4.06473457E-05
      19      2.30352056E-05      2.30408131E-05
      20      1.30764537E-05      1.30796283E-05
      21      7.43226539E-06      7.43406554E-06
      22      4.22866531E-06      4.22968752E-06
      23      2.40805987E-06      2.40864102E-06
      24      1.37231988E-06      1.37265060E-06
      25      7.82562598E-07      7.82750965E-07
      26      4.46496209E-07      4.46603567E-07
      27      2.54869184E-07      2.54930414E-07
      28      1.45542184E-07      1.45577127E-07
      29      8.31395805E-08      8.31595290E-08
      30      4.75065980E-08      4.75179907E-08
      31      2.71525109E-08      2.71590169E-08
      32      1.55224570E-08      1.55261725E-08
      33      8.87545375E-09      8.87758418E-09
      34      5.07565695E-09      5.07687120E-09
      35      2.90307851E-09      2.90377120E-09
      36      1.66061953E-09      1.66101506E-09
      37      9.49968420E-10      9.50195132E-10
      38      5.43489435E-10      5.43619184E-10

  TOTAL ELASTIC CROSS SECTION = 1.592186E-16 cm**2
               FROM DCS TABLE = 1.592158E-16  (REL. DIF. = 1.79E-05)

  1ST TRANSPORT CROSS SECTION = 6.359878E-17 cm**2
               FROM DCS TABLE = 6.359891E-17  (REL. DIF. = 1.99E-06)

  2ND TRANSPORT CROSS SECTION = 7.810339E-17 cm**2
