    
 E (eV)=   152.000000000000     
       0     -3.65554675E-01      0.00000000E+00
       1      1.44146374E+00      1.44254723E+00
       2      7.44507421E-01      7.44743916E-01
       3      3.98751013E-01      3.98845042E-01
       4      2.16076562E-01      2.16121700E-01
       5      1.18399929E-01      1.18423130E-01
       6      6.55990768E-02      6.56114340E-02
       7      3.67007559E-02      3.67074870E-02
       8      2.07028211E-02      2.07065448E-02
       9      1.17599359E-02      1.17620193E-02
      10      6.71990837E-03      6.72108429E-03
      11      3.85976584E-03      3.86043426E-03
      12      2.22699891E-03      2.22738112E-03
      13      1.29005206E-03      1.29027173E-03
      14      7.49928561E-04      7.50055369E-04
      15      4.37297850E-04      4.37371343E-04
      16      2.55691581E-04      2.55734321E-04
      17      1.49861125E-04      1.49886057E-04
      18      8.80157769E-05      8.80303602E-05
      19      5.17856485E-05      5.17941983E-05
      20      3.05159069E-05      3.05209298E-05
      21      1.80058391E-05      1.80087951E-05
      22      1.06361356E-05      1.06378778E-05
      23      6.28870423E-06      6.28973244E-06
      24      3.72115766E-06      3.72176514E-06
      25      2.20331141E-06      2.20367063E-06
      26      1.30527992E-06      1.30549251E-06
      27      7.73601618E-07      7.73727512E-07
      28      4.58647455E-07      4.58722043E-07
      29      2.71991956E-07      2.72036164E-07
      30      1.61332093E-07      1.61358307E-07
      31      9.57082625E-08      9.57238128E-08
      32      5.67834099E-08      5.67926290E-08
      33      3.36914951E-08      3.36969669E-08
      34      1.99908946E-08      1.99941389E-08
      35      1.18615857E-08      1.18635120E-08
      36      7.03786039E-09      7.03900244E-09
      37      4.17563937E-09      4.17631837E-09
      38      2.47732975E-09      2.47773016E-09
      39      1.46962246E-09      1.46986173E-09
      40      8.71701349E-10      8.71845049E-10
      41      5.16987215E-10      5.17072319E-10

  TOTAL ELASTIC CROSS SECTION = 2.231216E-16 cm**2
               FROM DCS TABLE = 2.231173E-16  (REL. DIF. = 1.95E-05)

  1ST TRANSPORT CROSS SECTION = 7.305360E-17 cm**2
               FROM DCS TABLE = 7.305365E-17  (REL. DIF. = 6.84E-07)

  2ND TRANSPORT CROSS SECTION = 1.006720E-16 cm**2
