    
 E (eV)=   124.000000000000     
       0     -2.31156846E-01      0.00000000E+00
       1      1.49074519E+00      1.49179977E+00
       2      7.29172443E-01      7.29384002E-01
       3      3.65408005E-01      3.65486116E-01
       4      1.85629518E-01      1.85664513E-01
       5      9.57752857E-02      9.57921909E-02
       6      5.01172369E-02      5.01257387E-02
       7      2.65305914E-02      2.65349747E-02
       8      1.41765934E-02      1.41788913E-02
       9      7.63377272E-03      7.63499192E-03
      10      4.13728479E-03      4.13793764E-03
      11      2.25472597E-03      2.25507816E-03
      12      1.23466299E-03      1.23485417E-03
      13      6.78899755E-04      6.79004086E-04
      14      3.74651380E-04      3.74708578E-04
      15      2.07396902E-04      2.07428386E-04
      16      1.15117552E-04      1.15134942E-04
      17      6.40436695E-05      6.40533036E-05
      18      3.56989728E-05      3.57043239E-05
      19      1.99318142E-05      1.99347930E-05
      20      1.11437772E-05      1.11454384E-05
      21      6.23749592E-06      6.23842383E-06
      22      3.49455439E-06      3.49507337E-06
      23      1.95929905E-06      1.95958962E-06
      24      1.09918727E-06      1.09935010E-06
      25      6.16948678E-07      6.17039998E-07
      26      3.46406241E-07      3.46457476E-07
      27      1.94554703E-07      1.94583464E-07
      28      1.09290801E-07      1.09306952E-07
      29      6.14021923E-08      6.14112643E-08
      30      3.44999992E-08      3.45050963E-08
      31      1.93851238E-08      1.93879870E-08
      32      1.08922178E-08      1.08938244E-08
      33      6.12001659E-09      6.12092093E-09
      34      3.43845447E-09      3.43896021E-09
      35      1.93164366E-09      1.93192548E-09
      36      1.08502706E-09      1.08518820E-09
      37      6.09439448E-10      6.09523854E-10
      38      3.42272341E-10      3.42325751E-10

  TOTAL ELASTIC CROSS SECTION = 2.549095E-16 cm**2
               FROM DCS TABLE = 2.549047E-16  (REL. DIF. = 1.89E-05)

  1ST TRANSPORT CROSS SECTION = 9.637590E-17 cm**2
               FROM DCS TABLE = 9.637602E-17  (REL. DIF. = 1.27E-06)

  2ND TRANSPORT CROSS SECTION = 1.224075E-16 cm**2
