    
 E (eV)=   88.0000000000000     
       0     -3.42208757E-03      0.00000000E+00
       1     -1.56828503E+00     -1.56726820E+00
       2      6.89072839E-01      6.89245845E-01
       3      3.02652740E-01      3.02707524E-01
       4      1.36247922E-01      1.36269497E-01
       5      6.29035572E-02      6.29128749E-02
       6      2.96058181E-02      2.96100383E-02
       7      1.41337233E-02      1.41356884E-02
       8      6.82116526E-03      6.82209675E-03
       9      3.32064940E-03      3.32109657E-03
      10      1.62809656E-03      1.62831333E-03
      11      8.03017610E-04      8.03123509E-04
      12      3.98061283E-04      3.98113358E-04
      13      1.98157211E-04      1.98182959E-04
      14      9.89934485E-05      9.90062384E-05
      15      4.95997664E-05      4.96061444E-05
      16      2.49117035E-05      2.49148944E-05
      17      1.25366873E-05      1.25382880E-05
      18      6.31903600E-06      6.31984078E-06
      19      3.18908414E-06      3.18948948E-06
      20      1.61105072E-06      1.61125516E-06
      21      8.14481374E-07      8.14584606E-07
      22      4.12002163E-07      4.12054330E-07
      23      2.08495469E-07      2.08521847E-07
      24      1.05539975E-07      1.05553323E-07
      25      5.34336790E-08      5.34404364E-08
      26      2.70554589E-08      2.70588786E-08
      27      1.36995968E-08      1.37013310E-08
      28      6.93660798E-09      6.93748692E-09
      29      3.51196827E-09      3.51241332E-09
      30      1.77792841E-09      1.77815024E-09
      31      8.99964242E-10      9.00080026E-10
      32      4.55469830E-10      4.55524346E-10

  TOTAL ELASTIC CROSS SECTION = 3.192631E-16 cm**2
               FROM DCS TABLE = 3.192572E-16  (REL. DIF. = 1.85E-05)

  1ST TRANSPORT CROSS SECTION = 1.506164E-16 cm**2
               FROM DCS TABLE = 1.506167E-16  (REL. DIF. = 1.87E-06)

  2ND TRANSPORT CROSS SECTION = 1.637263E-16 cm**2
