    
 E (eV)=   86.0000000000000     
       0      5.13881366E-01      0.00000000E+00
       1     -1.26721479E+00     -1.26527218E+00
       2      6.23533637E-01      6.23769439E-01
       3      2.02298652E-01      2.02347703E-01
       4      7.21695834E-02      7.21843818E-02
       5      2.72410669E-02      2.72462387E-02
       6      1.06330015E-02      1.06349341E-02
       7      4.24279188E-03      4.24354128E-03
       8      1.71953792E-03      1.71983547E-03
       9      7.04968575E-04      7.05088700E-04
      10      2.91547110E-04      2.91596207E-04
      11      1.21378883E-04      1.21399138E-04
      12      5.07936228E-05      5.08020398E-05
      13      2.13403796E-05      2.13438966E-05
      14      8.99364174E-06      8.99511762E-06
      15      3.79938075E-06      3.80000216E-06
      16      1.60807246E-06      1.60833479E-06
      17      6.81613348E-07      6.81724315E-07
      18      2.89250613E-07      2.89297625E-07
      19      1.22859582E-07      1.22879527E-07
      20      5.22228364E-08      5.22313035E-08
      21      2.22107618E-08      2.22143613E-08
      22      9.45080937E-09      9.45233636E-09
      23      4.02287683E-09      4.02352836E-09
      24      1.71291715E-09      1.71319481E-09
      25      7.29490457E-10      7.29612190E-10
      26      3.10698525E-10      3.10751356E-10

  TOTAL ELASTIC CROSS SECTION = 2.792827E-16 cm**2
               FROM DCS TABLE = 2.792777E-16  (REL. DIF. = 1.76E-05)

  1ST TRANSPORT CROSS SECTION = 1.859661E-16 cm**2
               FROM DCS TABLE = 1.859659E-16  (REL. DIF. = 1.02E-06)

  2ND TRANSPORT CROSS SECTION = 1.457866E-16 cm**2
