    
 E (eV)=   100.000000000000     
       0     -8.84679855E-02      0.00000000E+00
       1      1.54257831E+00      1.54360768E+00
       2      7.06194757E-01      7.06381688E-01
       3      3.26764478E-01      3.26827428E-01
       4      1.54140726E-01      1.54166777E-01
       5      7.42810503E-02      7.42927933E-02
       6      3.64243636E-02      3.64299009E-02
       7      1.81005825E-02      1.81032646E-02
       8      9.08862372E-03      9.08994584E-03
       9      4.60181014E-03      4.60247006E-03
      10      2.34618081E-03      2.34651336E-03
      11      1.20317089E-03      1.20333977E-03
      12      6.20082120E-04      6.20168434E-04
      13      3.20929037E-04      3.20973393E-04
      14      1.66698028E-04      1.66720929E-04
      15      8.68501887E-05      8.68620591E-05
      16      4.53645157E-05      4.53706894E-05
      17      2.37454204E-05      2.37486404E-05
      18      1.24508438E-05      1.24525273E-05
      19      6.53781597E-06      6.53869783E-06
      20      3.43685721E-06      3.43731990E-06
      21      1.80835299E-06      1.80859607E-06
      22      9.52164351E-07      9.52292191E-07
      23      5.01620849E-07      5.01688138E-07
      24      2.64371204E-07      2.64406641E-07
      25      1.39372837E-07      1.39391514E-07
      26      7.34897147E-08      7.34995597E-08
      27      3.87547622E-08      3.87599518E-08
      28      2.04384088E-08      2.04411424E-08
      29      1.07788340E-08      1.07802783E-08
      30      5.68432368E-09      5.68508473E-09
      31      2.99741908E-09      2.99782088E-09
      32      1.58040484E-09      1.58062039E-09
      33      8.33203465E-10      8.33316704E-10
      34      4.39213961E-10      4.39271824E-10

  TOTAL ELASTIC CROSS SECTION = 2.934464E-16 cm**2
               FROM DCS TABLE = 2.934410E-16  (REL. DIF. = 1.86E-05)

  1ST TRANSPORT CROSS SECTION = 1.279184E-16 cm**2
               FROM DCS TABLE = 1.279187E-16  (REL. DIF. = 1.74E-06)

  2ND TRANSPORT CROSS SECTION = 1.476970E-16 cm**2
