    
 E (eV)=   94.0000000000000     
       0      4.52474141E-01      0.00000000E+00
       1     -1.29274055E+00     -1.29079511E+00
       2      6.45843030E-01      6.46095750E-01
       3      2.19422163E-01      2.19477941E-01
       4      8.11738349E-02      8.11912726E-02
       5      3.16990359E-02      3.17053287E-02
       6      1.27939419E-02      1.27963701E-02
       7      5.27811639E-03      5.27908904E-03
       8      2.21170098E-03      2.21210002E-03
       9      9.37577112E-04      9.37743603E-04
      10      4.00977491E-04      4.01047829E-04
      11      1.72659060E-04      1.72689061E-04
      12      7.47403862E-05      7.47532767E-05
      13      3.24872334E-05      3.24928039E-05
      14      1.41667996E-05      1.41692177E-05
      15      6.19342026E-06      6.19447360E-06
      16      2.71303205E-06      2.71349215E-06
      17      1.19031774E-06      1.19051916E-06
      18      5.22892995E-07      5.22981318E-07
      19      2.29929136E-07      2.29967918E-07
      20      1.01185879E-07      1.01202924E-07
      21      4.45576924E-08      4.45651934E-08
      22      1.96312368E-08      1.96345391E-08
      23      8.65269089E-09      8.65414115E-09
      24      3.81506683E-09      3.81570651E-09
      25      1.68257489E-09      1.68285335E-09
      26      7.42217016E-10      7.42340884E-10
      27      3.27425620E-10      3.27477248E-10

  TOTAL ELASTIC CROSS SECTION = 2.638334E-16 cm**2
               FROM DCS TABLE = 2.638288E-16  (REL. DIF. = 1.72E-05)

  1ST TRANSPORT CROSS SECTION = 1.689079E-16 cm**2
               FROM DCS TABLE = 1.689079E-16  (REL. DIF. = 4.25E-07)

  2ND TRANSPORT CROSS SECTION = 1.378452E-16 cm**2
