    
 E (eV)=   138.000000000000     
       0      5.75724380E-01      0.00000000E+00
       1      2.67045514E-01      2.67118113E-01
       2      1.38010777E-01      1.38038850E-01
       3      7.39120753E-02      7.39256957E-02
       4      4.02269342E-02      4.02340321E-02
       5      2.20739120E-02      2.20777255E-02
       6      1.21642243E-02      1.21663040E-02
       7      6.71713239E-03      6.71827513E-03
       8      3.71220146E-03      3.71283175E-03
       9      2.05167823E-03      2.05202648E-03
      10      1.13353230E-03      1.13372482E-03
      11      6.25898006E-04      6.26004419E-04
      12      3.45354790E-04      3.45413584E-04
      13      1.90412962E-04      1.90445423E-04
      14      1.04903779E-04      1.04921688E-04
      15      5.77502837E-05      5.77601571E-05
      16      3.17684476E-05      3.17738864E-05
      17      1.74634587E-05      1.74664524E-05
      18      9.59338285E-06      9.59502943E-06
      19      5.26666531E-06      5.26757033E-06
      20      2.88959555E-06      2.89009264E-06
      21      1.58449246E-06      1.58476533E-06
      22      8.68377835E-07      8.68527523E-07
      23      4.75669883E-07      4.75751958E-07
      24      2.60431184E-07      2.60476158E-07
      25      1.42521969E-07      1.42546605E-07
      26      7.79619718E-08      7.79754580E-08
      27      4.26290835E-08      4.26364609E-08
      28      2.33001818E-08      2.33042181E-08
      29      1.27306676E-08      1.27328718E-08
      30      6.95331766E-09      6.95452376E-09
      31      3.79652114E-09      3.79718244E-09
      32      2.07222917E-09      2.07258982E-09
      33      1.13069093E-09      1.13088625E-09
      34      6.16780714E-10      6.16883257E-10
      35      3.36363669E-10      3.36418291E-10

  TOTAL ELASTIC CROSS SECTION = 2.293151E-17 cm**2
               FROM DCS TABLE = 2.293093E-17  (REL. DIF. = 2.53E-05)

  1ST TRANSPORT CROSS SECTION = 5.023216E-18 cm**2
               FROM DCS TABLE = 5.023151E-18  (REL. DIF. = 1.29E-05)

  2ND TRANSPORT CROSS SECTION = 9.866048E-18 cm**2
