    
 E (eV)=   98.0000000000000     
       0      4.23727112E-01      0.00000000E+00
       1     -1.30464091E+00     -1.30269377E+00
       2      6.55859014E-01      6.56119760E-01
       3      2.27609867E-01      2.27669018E-01
       4      8.56272858E-02      8.56460884E-02
       5      3.39634712E-02      3.39703576E-02
       6      1.39189794E-02      1.39216759E-02
       7      5.83021412E-03      5.83131034E-03
       8      2.48045656E-03      2.48091305E-03
       9      1.06763732E-03      1.06783066E-03
      10      4.63627297E-04      4.63710215E-04
      11      2.02720052E-04      2.02755958E-04
      12      8.91147696E-05      8.91304338E-05
      13      3.93389918E-05      3.93458653E-05
      14      1.74231409E-05      1.74261708E-05
      15      7.73669520E-06      7.73803562E-06
      16      3.44249745E-06      3.44309212E-06
      17      1.53425028E-06      1.53451470E-06
      18      6.84666340E-07      6.84784116E-07
      19      3.05850281E-07      3.05902814E-07
      20      1.36740466E-07      1.36763925E-07
      21      6.11749637E-08      6.11854502E-08
      22      2.73831528E-08      2.73878440E-08
      23      1.22625448E-08      1.22646438E-08
      24      5.49325894E-09      5.49419508E-09
      25      2.46154113E-09      2.46196559E-09
      26      1.10328065E-09      1.10347245E-09
      27      4.94566461E-10      4.94653212E-10
      28      2.21702170E-10      2.21740624E-10

  TOTAL ELASTIC CROSS SECTION = 2.568895E-16 cm**2
               FROM DCS TABLE = 2.568851E-16  (REL. DIF. = 1.71E-05)

  1ST TRANSPORT CROSS SECTION = 1.612858E-16 cm**2
               FROM DCS TABLE = 1.612860E-16  (REL. DIF. = 9.67E-07)

  2ND TRANSPORT CROSS SECTION = 1.342884E-16 cm**2
