    
 E (eV)=   132.000000000000     
       0     -2.72506316E-01      0.00000000E+00
       1      1.47563774E+00      1.47670066E+00
       2      7.34524876E-01      7.34743911E-01
       3      3.76027350E-01      3.76110190E-01
       4      1.94964715E-01      1.95002650E-01
       5      1.02515044E-01      1.02533729E-01
       6      5.46174176E-02      5.46269850E-02
       7      2.94213003E-02      2.94263190E-02
       8      1.59924248E-02      1.59951007E-02
       9      8.75821588E-03      8.75965969E-03
      10      4.82681471E-03      4.82760081E-03
      11      2.67461617E-03      2.67504732E-03
      12      1.48904245E-03      1.48928037E-03
      13      8.32408131E-04      8.32540119E-04
      14      4.67005592E-04      4.67079147E-04
      15      2.62822525E-04      2.62863679E-04
      16      1.48312142E-04      1.48335248E-04
      17      8.38883403E-05      8.39013529E-05
      18      4.75435158E-05      4.75508631E-05
      19      2.69907940E-05      2.69949519E-05
      20      1.53447384E-05      1.53470959E-05
      21      8.73416677E-06      8.73550567E-06
      22      4.97637561E-06      4.97713704E-06
      23      2.83764270E-06      2.83807623E-06
      24      1.61915683E-06      1.61940390E-06
      25      9.24378605E-07      9.24519515E-07
      26      5.27949038E-07      5.28029454E-07
      27      3.01629679E-07      3.01675597E-07
      28      1.72369756E-07      1.72395977E-07
      29      9.85197201E-08      9.85347095E-08
      30      5.63165615E-08      5.63251270E-08
      31      3.21943235E-08      3.21992210E-08
      32      1.84049521E-08      1.84077486E-08
      33      1.05217050E-08      1.05233091E-08
      34      6.01485133E-09      6.01576764E-09
      35      3.43829542E-09      3.43881930E-09
      36      1.96525694E-09      1.96555550E-09
      37      1.12315644E-09      1.12332665E-09
      38      6.41831980E-10      6.41931733E-10
      39      3.66769602E-10      3.66824013E-10

  TOTAL ELASTIC CROSS SECTION = 2.447090E-16 cm**2
               FROM DCS TABLE = 2.447043E-16  (REL. DIF. = 1.90E-05)

  1ST TRANSPORT CROSS SECTION = 8.859690E-17 cm**2
               FROM DCS TABLE = 8.859700E-17  (REL. DIF. = 1.10E-06)

  2ND TRANSPORT CROSS SECTION = 1.154901E-16 cm**2
