    
 E (eV)=   112.000000000000     
       0     -1.63715519E-01      0.00000000E+00
       1      1.51529603E+00      1.51633803E+00
       2      7.19195478E-01      7.19395183E-01
       3      3.47490382E-01      3.47561103E-01
       4      1.70568930E-01      1.70599469E-01
       5      8.52588501E-02      8.52731334E-02
       6      4.32898554E-02      4.32968265E-02
       7      2.22552550E-02      2.22587465E-02
       8      1.15548208E-02      1.15565998E-02
       9      6.04752614E-03      6.04844376E-03
      10      3.18638906E-03      3.18686684E-03
      11      1.68845570E-03      1.68870636E-03
      12      8.99084279E-04      8.99216613E-04
      13      4.80768947E-04      4.80839191E-04
      14      2.58012963E-04      2.58050423E-04
      15      1.38895874E-04      1.38915930E-04
      16      7.49684922E-05      7.49792677E-05
      17      4.05538050E-05      4.05596112E-05
      18      2.19781335E-05      2.19812699E-05
      19      1.19294111E-05      1.19311088E-05
      20      6.48331238E-06      6.48423302E-06
      21      3.52713351E-06      3.52763347E-06
      22      1.92046289E-06      1.92073472E-06
      23      1.04634344E-06      1.04649137E-06
      24      5.70379315E-07      5.70459883E-07
      25      3.11043611E-07      3.11087516E-07
      26      1.69668887E-07      1.69692825E-07
      27      9.25698932E-08      9.25829490E-08
      28      5.05118600E-08      5.05189833E-08
      29      2.75642745E-08      2.75681639E-08
      30      1.50421139E-08      1.50442364E-08
      31      8.20853595E-09      8.20969393E-09
      32      4.47918978E-09      4.47982039E-09
      33      2.44398294E-09      2.44432893E-09
      34      1.33334376E-09      1.33353490E-09
      35      7.27357306E-10      7.27459152E-10
      36      3.96738577E-10      3.96798737E-10

  TOTAL ELASTIC CROSS SECTION = 2.724404E-16 cm**2
               FROM DCS TABLE = 2.724353E-16  (REL. DIF. = 1.87E-05)

  1ST TRANSPORT CROSS SECTION = 1.103310E-16 cm**2
               FROM DCS TABLE = 1.103312E-16  (REL. DIF. = 1.52E-06)

  2ND TRANSPORT CROSS SECTION = 1.340974E-16 cm**2
