    
 E (eV)=   68.0000000000000     
       0      6.76266112E-01      0.00000000E+00
       1     -1.19888328E+00     -1.19694330E+00
       2      5.59166469E-01      5.59359193E-01
       3      1.59990460E-01      1.60024678E-01
       4      5.16760734E-02      5.16854672E-02
       5      1.77427429E-02      1.77457471E-02
       6      6.30378273E-03      6.30480845E-03
       7      2.28935189E-03      2.28971473E-03
       8      8.44260049E-04      8.44391354E-04
       9      3.14837555E-04      3.14885838E-04
      10      1.18385963E-04      1.18403928E-04
      11      4.47938958E-05      4.48006389E-05
      12      1.70285821E-05      1.70311300E-05
      13      6.49656725E-06      6.49753482E-06
      14      2.48521705E-06      2.48558589E-06
      15      9.52667385E-07      9.52808392E-07
      16      3.65767827E-07      3.65821854E-07
      17      1.40604441E-07      1.40625172E-07
      18      5.41005785E-08      5.41085469E-08
      19      2.08316140E-08      2.08346784E-08
      20      8.02589857E-09      8.02707642E-09
      21      3.09356640E-09      3.09402140E-09
      22      1.19279820E-09      1.19297115E-09
      23      4.60014721E-10      4.60080207E-10
      24      1.77451528E-10      1.77473075E-10

  TOTAL ELASTIC CROSS SECTION = 3.243782E-16 cm**2
               FROM DCS TABLE = 3.243717E-16  (REL. DIF. = 2.00E-05)

  1ST TRANSPORT CROSS SECTION = 2.357392E-16 cm**2
               FROM DCS TABLE = 2.357375E-16  (REL. DIF. = 7.01E-06)

  2ND TRANSPORT CROSS SECTION = 1.702178E-16 cm**2
