    
 E (eV)=   146.000000000000     
       0      5.66288900E-01      0.00000000E+00
       1      2.65988439E-01      2.66063075E-01
       2      1.39461091E-01      1.39490340E-01
       3      7.58167838E-02      7.58311707E-02
       4      4.18974905E-02      4.19050955E-02
       5      2.33479385E-02      2.33520850E-02
       6      1.30683175E-02      1.30706130E-02
       7      7.33073602E-03      7.33201677E-03
       8      4.11604119E-03      4.11675865E-03
       9      2.31148366E-03      2.31188634E-03
      10      1.29774841E-03      1.29797458E-03
      11      7.28232563E-04      7.28359599E-04
      12      4.08386106E-04      4.08457432E-04
      13      2.28857432E-04      2.28897457E-04
      14      1.28157119E-04      1.28179564E-04
      15      7.17142725E-05      7.17268491E-05
      16      4.01015801E-05      4.01086222E-05
      17      2.24089648E-05      2.24129050E-05
      18      1.25141010E-05      1.25163041E-05
      19      6.98407450E-06      6.98530546E-06
      20      3.89550006E-06      3.89618740E-06
      21      2.17158169E-06      2.17196526E-06
      22      1.20993097E-06      1.21014489E-06
      23      6.73796359E-07      6.73915602E-07
      24      3.75052391E-07      3.75118825E-07
      25      2.08670527E-07      2.08707517E-07
      26      1.16050242E-07      1.16070833E-07
      27      6.45144054E-08      6.45258610E-08
      28      3.58510344E-08      3.58574000E-08
      29      1.99153584E-08      1.99189029E-08
      30      1.10591885E-08      1.10611551E-08
      31      6.13927500E-09      6.14036947E-09
      32      3.40701761E-09      3.40762868E-09
      33      1.89011989E-09      1.89045681E-09
      34      1.04829632E-09      1.04848396E-09
      35      5.81235846E-10      5.81338389E-10
      36      3.22195124E-10      3.22255099E-10

  TOTAL ELASTIC CROSS SECTION = 2.154923E-17 cm**2
               FROM DCS TABLE = 2.154867E-17  (REL. DIF. = 2.57E-05)

  1ST TRANSPORT CROSS SECTION = 4.550797E-18 cm**2
               FROM DCS TABLE = 4.550738E-18  (REL. DIF. = 1.31E-05)

  2ND TRANSPORT CROSS SECTION = 9.003984E-18 cm**2
