    
 E (eV)=   104.000000000000     
       0     -1.14526540E-01      0.00000000E+00
       1      1.53314188E+00      1.53417546E+00
       2      7.10923063E-01      7.11114366E-01
       3      3.34018277E-01      3.34083860E-01
       4      1.59775223E-01      1.59802771E-01
       5      7.79886359E-02      7.80012147E-02
       6      3.87124621E-02      3.87184654E-02
       7      1.94682511E-02      1.94711933E-02
       8      9.89087146E-03      9.89233872E-03
       9      5.06664361E-03      5.06738448E-03
      10      2.61322527E-03      2.61360293E-03
      11      1.35564513E-03      1.35583912E-03
      12      7.06740944E-04      7.06841231E-04
      13      3.70006702E-04      3.70058829E-04
      14      1.94412731E-04      1.94439953E-04
      15      1.02463308E-04      1.02477580E-04
      16      5.41416089E-05      5.41491171E-05
      17      2.86700747E-05      2.86740359E-05
      18      1.52089912E-05      1.52110862E-05
      19      8.07990749E-06      8.08101768E-06
      20      4.29760785E-06      4.29819715E-06
      21      2.28801670E-06      2.28832993E-06
      22      1.21903680E-06      1.21920348E-06
      23      6.49870212E-07      6.49958979E-07
      24      3.46599054E-07      3.46646361E-07
      25      1.84913268E-07      1.84938494E-07
      26      9.86749230E-08      9.86883790E-08
      27      5.26633371E-08      5.26705205E-08
      28      2.81088780E-08      2.81127100E-08
      29      1.50034248E-08      1.50054696E-08
      30      8.00812791E-09      8.00921892E-09
      31      4.27411288E-09      4.27469535E-09
      32      2.28095020E-09      2.28126062E-09
      33      1.21713426E-09      1.21730308E-09
      34      6.49416262E-10      6.49505547E-10
      35      3.46433693E-10      3.46482214E-10

  TOTAL ELASTIC CROSS SECTION = 2.859882E-16 cm**2
               FROM DCS TABLE = 2.859829E-16  (REL. DIF. = 1.86E-05)

  1ST TRANSPORT CROSS SECTION = 1.215746E-16 cm**2
               FROM DCS TABLE = 1.215748E-16  (REL. DIF. = 1.67E-06)

  2ND TRANSPORT CROSS SECTION = 1.429237E-16 cm**2
