    
 E (eV)=   160.000000000000     
       0     -3.99281757E-01      0.00000000E+00
       1      1.42900897E+00      1.43010056E+00
       2      7.47440016E-01      7.47683078E-01
       3      4.06548482E-01      4.06646756E-01
       4      2.23714152E-01      2.23762104E-01
       5      1.24372956E-01      1.24397976E-01
       6      6.98627221E-02      6.98762354E-02
       7      3.96087469E-02      3.96162062E-02
       8      2.26351185E-02      2.26392987E-02
       9      1.30228843E-02      1.30252531E-02
      10      7.53618944E-03      7.53754334E-03
      11      4.38318065E-03      4.38395990E-03
      12      2.56067375E-03      2.56112488E-03
      13      1.50183821E-03      1.50210070E-03
      14      8.83897585E-04      8.84050989E-04
      15      5.21816242E-04      5.21906244E-04
      16      3.08896864E-04      3.08949850E-04
      17      1.83293486E-04      1.83324775E-04
      18      1.08990385E-04      1.09008912E-04
      19      6.49260280E-05      6.49370238E-05
      20      3.87375522E-05      3.87440919E-05
      21      2.31436696E-05      2.31475660E-05
      22      1.38430965E-05      1.38454216E-05
      23      8.28817946E-06      8.28956881E-06
      24      4.96641201E-06      4.96724314E-06
      25      2.97800268E-06      2.97850035E-06
      26      1.78671226E-06      1.78701051E-06
      27      1.07247342E-06      1.07265227E-06
      28      6.43994378E-07      6.44101697E-07
      29      3.86818871E-07      3.86883291E-07
      30      2.32399105E-07      2.32437791E-07
      31      1.39649068E-07      1.39672309E-07
      32      8.39261380E-08      8.39400999E-08
      33      5.04421491E-08      5.04505389E-08
      34      3.03188066E-08      3.03238458E-08
      35      1.82238846E-08      1.82269192E-08
      36      1.09538656E-08      1.09556850E-08
      37      6.58384160E-09      6.58493942E-09
      38      3.95708113E-09      3.95773742E-09
      39      2.37821150E-09      2.37860703E-09
      40      1.42920713E-09      1.42944291E-09
      41      8.58778098E-10      8.58919706E-10
      42      5.15954109E-10      5.16039910E-10

  TOTAL ELASTIC CROSS SECTION = 2.157241E-16 cm**2
               FROM DCS TABLE = 2.157199E-16  (REL. DIF. = 1.97E-05)

  1ST TRANSPORT CROSS SECTION = 6.803642E-17 cm**2
               FROM DCS TABLE = 6.803645E-17  (REL. DIF. = 5.21E-07)

  2ND TRANSPORT CROSS SECTION = 9.557048E-17 cm**2
