    
 E (eV)=   90.0000000000000     
       0      6.52464566E-01      0.00000000E+00
       1      2.72367457E-01      2.72426132E-01
       2      1.24380652E-01      1.24400844E-01
       3      5.86026581E-02      5.86113558E-02
       4      2.80089201E-02      2.80129298E-02
       5      1.34779329E-02      1.34798329E-02
       6      6.50440050E-03      6.50531179E-03
       7      3.14153014E-03      3.14196950E-03
       8      1.51685557E-03      1.51706778E-03
       9      7.31766720E-04      7.31869236E-04
      10      3.52626284E-04      3.52675773E-04
      11      1.69719017E-04      1.69742882E-04
      12      8.15865486E-05      8.15980432E-05
      13      3.91738812E-05      3.91794107E-05
      14      1.87884653E-05      1.87911220E-05
      15      9.00186798E-06      9.00314293E-06
      16      4.30874608E-06      4.30935728E-06
      17      2.06051253E-06      2.06080524E-06
      18      9.84539266E-07      9.84679309E-07
      19      4.70055966E-07      4.70122907E-07
      20      2.24258068E-07      2.24290048E-07
      21      1.06917686E-07      1.06932945E-07
      22      5.09417115E-08      5.09489873E-08
      23      2.42570614E-08      2.42605291E-08
      24      1.15440683E-08      1.15457153E-08
      25      5.49094579E-09      5.49172986E-09
      26      2.61046797E-09      2.61084326E-09
      27      1.24048908E-09      1.24066510E-09
      28      5.89194900E-10      5.89278898E-10
      29      2.79716014E-10      2.79756370E-10

  TOTAL ELASTIC CROSS SECTION = 3.705133E-17 cm**2
               FROM DCS TABLE = 3.705051E-17  (REL. DIF. = 2.20E-05)

  1ST TRANSPORT CROSS SECTION = 1.060052E-17 cm**2
               FROM DCS TABLE = 1.060041E-17  (REL. DIF. = 1.11E-05)

  2ND TRANSPORT CROSS SECTION = 1.957989E-17 cm**2
