    
 E (eV)=   108.000000000000     
       0      3.56761757E-01      0.00000000E+00
       1     -1.33225554E+00     -1.33030341E+00
       2      6.78082786E-01      6.78362484E-01
       3      2.47033732E-01      2.47101303E-01
       4      9.65843017E-02      9.66066299E-02
       5      3.96958849E-02      3.97043442E-02
       6      1.68427446E-02      1.68461694E-02
       7      7.30215501E-03      7.30359473E-03
       8      3.21539795E-03      3.21601803E-03
       9      1.43244858E-03      1.43272025E-03
      10      6.43896262E-04      6.44016807E-04
      11      2.91466970E-04      2.91520984E-04
      12      1.32663083E-04      1.32687470E-04
      13      6.06451466E-05      6.06562242E-05
      14      2.78185954E-05      2.78236511E-05
      15      1.27955801E-05      1.27978962E-05
      16      5.89832376E-06      5.89938795E-06
      17      2.72364645E-06      2.72413659E-06
      18      1.25943654E-06      1.25966271E-06
      19      5.83024523E-07      5.83129048E-07
      20      2.70139783E-07      2.70188153E-07
      21      1.25258398E-07      1.25280802E-07
      22      5.81142539E-08      5.81246342E-08
      23      2.69754545E-08      2.69802712E-08
      24      1.25263957E-08      1.25286308E-08
      25      5.81864080E-09      5.81967879E-09
      26      2.70354593E-09      2.70402795E-09
      27      1.25645054E-09      1.25667485E-09
      28      5.84000920E-10      5.84104921E-10
      29      2.71472422E-10      2.71522568E-10

  TOTAL ELASTIC CROSS SECTION = 2.414050E-16 cm**2
               FROM DCS TABLE = 2.414009E-16  (REL. DIF. = 1.69E-05)

  1ST TRANSPORT CROSS SECTION = 1.444527E-16 cm**2
               FROM DCS TABLE = 1.444530E-16  (REL. DIF. = 1.93E-06)

  2ND TRANSPORT CROSS SECTION = 1.263037E-16 cm**2
