    
 E (eV)=   120.000000000000     
       0      2.84249580E-01      0.00000000E+00
       1     -1.36201280E+00     -1.36005360E+00
       2      7.00335913E-01      7.00636529E-01
       3      2.68485367E-01      2.68562963E-01
       4      1.09346108E-01      1.09372845E-01
       5      4.66509204E-02      4.66614204E-02
       6      2.05239273E-02      2.05283292E-02
       7      9.22278647E-03      9.22470257E-03
       8      4.20875335E-03      4.20960798E-03
       9      1.94313278E-03      1.94352058E-03
      10      9.05257062E-04      9.05435306E-04
      11      4.24742028E-04      4.24824772E-04
      12      2.00412402E-04      2.00451113E-04
      13      9.49889964E-05      9.50072195E-05
      14      4.51835330E-05      4.51921539E-05
      15      2.15543768E-05      2.15584713E-05
      16      1.03060722E-05      1.03080231E-05
      17      4.93693911E-06      4.93787095E-06
      18      2.36850117E-06      2.36894719E-06
      19      1.13767090E-06      1.13788473E-06
      20      5.47000720E-07      5.47103379E-07
      21      2.63213544E-07      2.63262880E-07
      22      1.26740089E-07      1.26763819E-07
      23      6.10595847E-08      6.10710040E-08
      24      2.94297764E-08      2.94352791E-08
      25      1.41899081E-08      1.41925589E-08
      26      6.84389555E-09      6.84517211E-09
      27      3.30166096E-09      3.30227552E-09
      28      1.59314044E-09      1.59343970E-09
      29      7.68876349E-10      7.69020177E-10
      30      3.71090922E-10      3.71164252E-10

  TOTAL ELASTIC CROSS SECTION = 2.256877E-16 cm**2
               FROM DCS TABLE = 2.256838E-16  (REL. DIF. = 1.69E-05)

  1ST TRANSPORT CROSS SECTION = 1.276928E-16 cm**2
               FROM DCS TABLE = 1.276932E-16  (REL. DIF. = 2.57E-06)

  2ND TRANSPORT CROSS SECTION = 1.180066E-16 cm**2
