    
 E (eV)=   78.0000000000000     
       0      6.80441053E-01      0.00000000E+00
       1      2.73015085E-01      2.73069646E-01
       2      1.18882254E-01      1.18900192E-01
       3      5.33351321E-02      5.33425126E-02
       4      2.42597896E-02      2.42630362E-02
       5      1.11039548E-02      1.11054209E-02
       6      5.09436712E-03      5.09503659E-03
       7      2.33796604E-03      2.33827304E-03
       8      1.07219614E-03      1.07233709E-03
       9      4.91122437E-04      4.91187115E-04
      10      2.24648586E-04      2.24678234E-04
      11      1.02612649E-04      1.02626220E-04
      12      4.68057133E-05      4.68119168E-05
      13      2.13220892E-05      2.13249207E-05
      14      9.70132551E-06      9.70261619E-06
      15      4.40900938E-06      4.40959696E-06
      16      2.00168712E-06      2.00195430E-06
      17      9.07884714E-07      9.08006066E-07
      18      4.11410904E-07      4.11465971E-07
      19      1.86277266E-07      1.86302232E-07
      20      8.42769113E-08      8.42882207E-08
      21      3.81018273E-08      3.81069454E-08
      22      1.72143888E-08      1.72167027E-08
      23      7.77254263E-09      7.77358899E-09
      24      3.50737126E-09      3.50784352E-09
      25      1.58185005E-09      1.58206533E-09
      26      7.13037435E-10      7.13131264E-10
      27      3.21212238E-10      3.21254894E-10

  TOTAL ELASTIC CROSS SECTION = 4.365653E-17 cm**2
               FROM DCS TABLE = 4.365563E-17  (REL. DIF. = 2.08E-05)

  1ST TRANSPORT CROSS SECTION = 1.359803E-17 cm**2
               FROM DCS TABLE = 1.359789E-17  (REL. DIF. = 1.04E-05)

  2ND TRANSPORT CROSS SECTION = 2.454668E-17 cm**2
