    
 E (eV)=   256.000000000000     
       0     -2.33234974E-01      0.00000000E+00
       1      1.56906731E+00     -1.57045505E+00
       2      8.02899013E-01      8.03363977E-01
       3      4.17096601E-01      4.17273019E-01
       4      2.20705638E-01      2.20786442E-01
       5      1.19238889E-01      1.19279125E-01
       6      6.56290898E-02      6.56501085E-02
       7      3.66787182E-02      3.66900455E-02
       8      2.07542153E-02      2.07604542E-02
       9      1.18625662E-02      1.18660581E-02
      10      6.83697462E-03      6.83895348E-03
      11      3.96791903E-03      3.96905160E-03
      12      2.31630958E-03      2.31696306E-03
      13      1.35886199E-03      1.35924158E-03
      14      8.00526766E-04      8.00748523E-04
      15      4.73289837E-04      4.73420009E-04
      16      2.80672890E-04      2.80749614E-04
      17      1.66878965E-04      1.66924345E-04
      18      9.94410186E-05      9.94679384E-05
      19      5.93679402E-05      5.93839502E-05
      20      3.55010676E-05      3.55106098E-05
      21      2.12584826E-05      2.12641805E-05
      22      1.27449500E-05      1.27483577E-05
      23      7.64866394E-06      7.65070479E-06
      24      4.59422367E-06      4.59544733E-06
      25      2.76162495E-06      2.76235936E-06
      26      1.66110872E-06      1.66154989E-06
      27      9.99709237E-07      9.99974437E-07
      28      6.01947853E-07      6.02107378E-07
      29      3.62598079E-07      3.62694086E-07
      30      2.18499095E-07      2.18556909E-07
      31      1.31707551E-07      1.31742379E-07
      32      7.94129396E-08      7.94339282E-08
      33      4.78934256E-08      4.79060754E-08
      34      2.88902335E-08      2.88978629E-08
      35      1.74303730E-08      1.74349728E-08
      36      1.05179875E-08      1.05207601E-08
      37      6.34770236E-09      6.34938027E-09
      38      3.83135831E-09      3.83236928E-09
      39      2.31281955E-09      2.31342784E-09
      40      1.39628235E-09      1.39665276E-09
      41      8.43005259E-10      8.43231971E-10
      42      5.08967908E-10      5.09101842E-10

  TOTAL ELASTIC CROSS SECTION = 1.395927E-16 cm**2
               FROM DCS TABLE = 1.395901E-16  (REL. DIF. = 1.86E-05)

  1ST TRANSPORT CROSS SECTION = 4.795101E-17 cm**2
               FROM DCS TABLE = 4.795107E-17  (REL. DIF. = 1.12E-06)

  2ND TRANSPORT CROSS SECTION = 6.462899E-17 cm**2
