    
 E (eV)=   58.0000000000000     
       0      2.74997810E-01      0.00000000E+00
       1     -1.46790760E+00     -1.46691986E+00
       2      6.14795677E-01      6.14926308E-01
       3      2.22578938E-01      2.22611697E-01
       4      8.49542301E-02      8.49651171E-02
       5      3.36787442E-02      3.36827977E-02
       6      1.36750886E-02      1.36766790E-02
       7      5.64355862E-03      5.64420054E-03
       8      2.35702815E-03      2.35729192E-03
       9      9.93623046E-04      9.93732830E-04
      10      4.22011775E-04      4.22057923E-04
      11      1.80324516E-04      1.80344069E-04
      12      7.74291396E-05      7.74374782E-05
      13      3.33770012E-05      3.33805761E-05
      14      1.44319534E-05      1.44334925E-05
      15      6.25516833E-06      6.25583317E-06
      16      2.71607952E-06      2.71636747E-06
      17      1.18095855E-06      1.18108352E-06
      18      5.13988613E-07      5.14042929E-07
      19      2.23856474E-07      2.23880107E-07
      20      9.75396340E-08      9.75499274E-08
      21      4.25116077E-08      4.25160917E-08
      22      1.85304125E-08      1.85323664E-08
      23      8.07733002E-09      8.07818175E-09
      24      3.52062850E-09      3.52099834E-09
      25      1.53429283E-09      1.53445623E-09
      26      6.68469818E-10      6.68538968E-10
      27      2.91173902E-10      2.91205991E-10

  TOTAL ELASTIC CROSS SECTION = 4.232000E-16 cm**2
               FROM DCS TABLE = 4.231920E-16  (REL. DIF. = 1.88E-05)

  1ST TRANSPORT CROSS SECTION = 2.493751E-16 cm**2
               FROM DCS TABLE = 2.493752E-16  (REL. DIF. = 5.23E-07)

  2ND TRANSPORT CROSS SECTION = 2.216682E-16 cm**2
