    
 E (eV)=   212.000000000000     
       0      5.07318341E-01      0.00000000E+00
       1      2.57130543E-01      2.57220003E-01
       2      1.46878706E-01      1.46916587E-01
       3      8.72969271E-02      8.73171250E-02
       4      5.28327247E-02      5.28443414E-02
       5      3.22813131E-02      3.22882235E-02
       6      1.98302792E-02      1.98344616E-02
       7      1.22190283E-02      1.22215841E-02
       8      7.54194932E-03      7.54351960E-03
       9      4.65913492E-03      4.66010273E-03
      10      2.87920302E-03      2.87980053E-03
      11      1.77925886E-03      1.77962807E-03
      12      1.09929445E-03      1.09952266E-03
      13      6.78953607E-04      6.79094657E-04
      14      4.19163399E-04      4.19250559E-04
      15      2.58657403E-04      2.58711243E-04
      16      1.59534943E-04      1.59568186E-04
      17      9.83498287E-05      9.83703445E-05
      18      6.06010286E-05      6.06136836E-05
      19      3.73232418E-05      3.73310440E-05
      20      2.29761731E-05      2.29809810E-05
      21      1.41378031E-05      1.41407644E-05
      22      8.69559813E-06      8.69742124E-06
      23      5.34610967E-06      5.34723154E-06
      24      3.28552414E-06      3.28621420E-06
      25      2.01840006E-06      2.01882433E-06
      26      1.23951782E-06      1.23977858E-06
      27      7.60935863E-07      7.61096063E-07
      28      4.66981522E-07      4.67079906E-07
      29      2.86492954E-07      2.86553352E-07
      30      1.75710021E-07      1.75747092E-07
      31      1.07734115E-07      1.07756858E-07
      32      6.60373399E-08      6.60512900E-08
      33      4.04678089E-08      4.04763548E-08
      34      2.47924381E-08      2.47976789E-08
      35      1.51852600E-08      1.51884646E-08
      36      9.29873374E-09      9.30069914E-09
      37      5.69277420E-09      5.69398104E-09
      38      3.48438222E-09      3.48511730E-09
      39      2.13226714E-09      2.13271827E-09
      40      1.30458071E-09      1.30485485E-09
      41      7.97974784E-10      7.98143597E-10
      42      4.88016980E-10      4.88119523E-10

  TOTAL ELASTIC CROSS SECTION = 1.436089E-17 cm**2
               FROM DCS TABLE = 1.436048E-17  (REL. DIF. = 2.83E-05)

  1ST TRANSPORT CROSS SECTION = 2.362802E-18 cm**2
               FROM DCS TABLE = 2.362768E-18  (REL. DIF. = 1.41E-05)

  2ND TRANSPORT CROSS SECTION = 4.887238E-18 cm**2
