    
 E (eV)=   92.0000000000000     
       0      6.48276877E-01      0.00000000E+00
       1      2.72215791E-01      2.72275120E-01
       2      1.25187185E-01      1.25207740E-01
       3      5.94112777E-02      5.94201917E-02
       4      2.86042090E-02      2.86083471E-02
       5      1.38666858E-02      1.38686606E-02
       6      6.74227610E-03      6.74323017E-03
       7      3.28111761E-03      3.28158101E-03
       8      1.59636813E-03      1.59659364E-03
       9      7.76053717E-04      7.76163487E-04
      10      3.76861495E-04      3.76914893E-04
      11      1.82792995E-04      1.82818945E-04
      12      8.85565508E-05      8.85691464E-05
      13      4.28529530E-05      4.28590593E-05
      14      2.07140364E-05      2.07169932E-05
      15      1.00023331E-05      1.00037632E-05
      16      4.82524985E-06      4.82594081E-06
      17      2.32567276E-06      2.32600626E-06
      18      1.11999074E-06      1.12015156E-06
      19      5.38942059E-07      5.39019545E-07
      20      2.59151925E-07      2.59189222E-07
      21      1.24529489E-07      1.24547435E-07
      22      5.98018151E-08      5.98104421E-08
      23      2.87011318E-08      2.87052747E-08
      24      1.37670640E-08      1.37690514E-08
      25      6.60016121E-09      6.60111968E-09
      26      3.16263871E-09      3.16310050E-09
      27      1.51477431E-09      1.51499196E-09
      28      7.25190363E-10      7.25294975E-10
      29      3.46989406E-10      3.47042670E-10

  TOTAL ELASTIC CROSS SECTION = 3.613506E-17 cm**2
               FROM DCS TABLE = 3.613426E-17  (REL. DIF. = 2.22E-05)

  1ST TRANSPORT CROSS SECTION = 1.020225E-17 cm**2
               FROM DCS TABLE = 1.020213E-17  (REL. DIF. = 1.12E-05)

  2ND TRANSPORT CROSS SECTION = 1.890873E-17 cm**2
