    
 E (eV)=   52.0000000000000     
       0      8.61921463E-01      0.00000000E+00
       1     -1.11884819E+00     -1.11690436E+00
       2      4.78494658E-01      4.78641906E-01
       3      1.18084153E-01      1.18106051E-01
       4      3.38161688E-02      3.38215565E-02
       5      1.03182124E-02      1.03197562E-02
       6      3.25614911E-03      3.25661937E-03
       7      1.04965994E-03      1.04980798E-03
       8      3.43387965E-04      3.43435574E-04
       9      1.13529961E-04      1.13545505E-04
      10      3.78250114E-05      3.78301424E-05
      11      1.26735577E-05      1.26752652E-05
      12      4.26404530E-06      4.26461687E-06
      13      1.43905578E-06      1.43924796E-06
      14      4.86768187E-07      4.86833011E-07
      15      1.64931626E-07      1.64953545E-07
      16      5.59549253E-08      5.59623475E-08
      17      1.90015781E-08      1.90040930E-08
      18      6.45735751E-09      6.45821925E-09
      19      2.19561339E-09      2.19590490E-09
      20      7.46837261E-10      7.46939667E-10
      21      2.54122093E-10      2.54153654E-10

  TOTAL ELASTIC CROSS SECTION = 3.840690E-16 cm**2
               FROM DCS TABLE = 3.840592E-16  (REL. DIF. = 2.57E-05)

  1ST TRANSPORT CROSS SECTION = 2.987502E-16 cm**2
               FROM DCS TABLE = 2.987447E-16  (REL. DIF. = 1.83E-05)

  2ND TRANSPORT CROSS SECTION = 2.084982E-16 cm**2
