    
 E (eV)=   146.000000000000     
       0     -3.39032213E-01      0.00000000E+00
       1      1.45123163E+00      1.45230899E+00
       2      7.41947887E-01      7.42179310E-01
       3      3.92449858E-01      3.92540620E-01
       4      2.10057473E-01      2.10100474E-01
       5      1.13778542E-01      1.13800381E-01
       6      6.23504064E-02      6.23619102E-02
       7      3.45151337E-02      3.45213340E-02
       8      1.92689503E-02      1.92723451E-02
       9      1.08341488E-02      1.08360291E-02
      10      6.12861324E-03      6.12966385E-03
      11      3.48500799E-03      3.48559924E-03
      12      1.99082092E-03      1.99115566E-03
      13      1.14184283E-03      1.14203332E-03
      14      6.57228745E-04      6.57337638E-04
      15      3.79468929E-04      3.79531422E-04
      16      2.19693412E-04      2.19729401E-04
      17      1.27493057E-04      1.27513846E-04
      18      7.41390149E-05      7.41510556E-05
      19      4.31890475E-05      4.31960376E-05
      20      2.51974006E-05      2.52014667E-05
      21      1.47195381E-05      1.47219074E-05
      22      8.60798435E-06      8.60936704E-06
      23      5.03849430E-06      5.03930220E-06
      24      2.95137890E-06      2.95185145E-06
      25      1.72987914E-06      1.73015579E-06
      26      1.01443166E-06      1.01459373E-06
      27      5.95117426E-07      5.95212433E-07
      28      3.49235304E-07      3.49291022E-07
      29      2.04992321E-07      2.05025017E-07
      30      1.20346664E-07      1.20365851E-07
      31      7.06617190E-08      7.06729813E-08
      32      4.14924504E-08      4.14990586E-08
      33      2.43653712E-08      2.43692538E-08
      34      1.43080531E-08      1.43103288E-08
      35      8.40192301E-09      8.40326199E-09
      36      4.93359492E-09      4.93438183E-09
      37      2.89685197E-09      2.89731376E-09
      38      1.70080117E-09      1.70107044E-09
      39      9.98443514E-10      9.98602561E-10
      40      5.86058173E-10      5.86153740E-10

  TOTAL ELASTIC CROSS SECTION = 2.290929E-16 cm**2
               FROM DCS TABLE = 2.290885E-16  (REL. DIF. = 1.93E-05)

  1ST TRANSPORT CROSS SECTION = 7.722175E-17 cm**2
               FROM DCS TABLE = 7.722182E-17  (REL. DIF. = 8.08E-07)

  2ND TRANSPORT CROSS SECTION = 1.047864E-16 cm**2
