    
 E (eV)=   104.000000000000     
       0      3.82762006E-01      0.00000000E+00
       1     -1.32155047E+00     -1.31960045E+00
       2      6.69641378E-01      6.69913676E-01
       3      2.39439538E-01      2.39503745E-01
       4      9.22339857E-02      9.22548854E-02
       5      3.73929306E-02      3.74007460E-02
       6      1.56555523E-02      1.56586761E-02
       7      6.69832669E-03      6.69962310E-03
       8      2.91086653E-03      2.91141772E-03
       9      1.27977864E-03      1.28001702E-03
      10      5.67709520E-04      5.67813922E-04
      11      2.53591215E-04      2.53637386E-04
      12      1.13895424E-04      1.13915999E-04
      13      5.13734862E-05      5.13827088E-05
      14      2.32509484E-05      2.32551019E-05
      15      1.05512735E-05      1.05531510E-05
      16      4.79834775E-06      4.79919890E-06
      17      2.18581269E-06      2.18619946E-06
      18      9.97058597E-07      9.97234670E-07
      19      4.55300972E-07      4.55381247E-07
      20      2.08091649E-07      2.08128291E-07
      21      9.51735298E-08      9.51902685E-08
      22      4.35537718E-08      4.35614270E-08
      23      1.99405438E-08      1.99440449E-08
      24      9.13294318E-09      9.13454620E-09
      25      4.18424795E-09      4.18498179E-09
      26      1.91751151E-09      1.91785080E-09
      27      8.78904912E-10      8.79060118E-10
      28      4.02905000E-10      4.02977207E-10

  TOTAL ELASTIC CROSS SECTION = 2.473040E-16 cm**2
               FROM DCS TABLE = 2.472998E-16  (REL. DIF. = 1.69E-05)

  1ST TRANSPORT CROSS SECTION = 1.508342E-16 cm**2
               FROM DCS TABLE = 1.508344E-16  (REL. DIF. = 1.60E-06)

  2ND TRANSPORT CROSS SECTION = 1.293601E-16 cm**2
