    
 E (eV)=   228.000000000000     
       0     -1.54699439E-01      0.00000000E+00
       1     -1.54058434E+00     -1.53853865E+00
       2      7.93505718E-01      7.93943561E-01
       3      3.96490601E-01      3.96649033E-01
       4      2.02383944E-01      2.02453654E-01
       5      1.05827961E-01      1.05861511E-01
       6      5.64932417E-02      5.65102372E-02
       7      3.06579468E-02      3.06668431E-02
       8      1.68562377E-02      1.68610008E-02
       9      9.36559569E-03      9.36818829E-03
      10      5.24842398E-03      5.24985313E-03
      11      2.96207231E-03      2.96286806E-03
      12      1.68161019E-03      1.68205690E-03
      13      9.59412033E-04      9.59664498E-04
      14      5.49661789E-04      5.49805281E-04
      15      3.16019531E-04      3.16101475E-04
      16      1.82231556E-04      1.82278540E-04
      17      1.05347808E-04      1.05374838E-04
      18      6.10312221E-05      6.10468168E-05
      19      3.54210982E-05      3.54301173E-05
      20      2.05890514E-05      2.05942784E-05
      21      1.19832528E-05      1.19862873E-05
      22      6.98220612E-06      6.98397042E-06
      23      4.07210501E-06      4.07313208E-06
      24      2.37680529E-06      2.37740383E-06
      25      1.38824438E-06      1.38859350E-06
      26      8.11321900E-07      8.11525700E-07
      27      4.74394073E-07      4.74513123E-07
      28      2.77506660E-07      2.77576239E-07
      29      1.62393945E-07      1.62434634E-07
      30      9.50618781E-08      9.50856766E-08
      31      5.56626392E-08      5.56765690E-08
      32      3.26006670E-08      3.26088231E-08
      33      1.90977052E-08      1.91024779E-08
      34      1.11895734E-08      1.11923718E-08
      35      6.55716866E-09      6.55880397E-09
      36      3.84305929E-09      3.84402202E-09
      37      2.25265731E-09      2.25321816E-09
      38      1.32054398E-09      1.32087603E-09
      39      7.74155433E-10      7.74346568E-10
      40      4.53872840E-10      4.53983754E-10

  TOTAL ELASTIC CROSS SECTION = 1.502360E-16 cm**2
               FROM DCS TABLE = 1.502332E-16  (REL. DIF. = 1.81E-05)

  1ST TRANSPORT CROSS SECTION = 5.619838E-17 cm**2
               FROM DCS TABLE = 5.619847E-17  (REL. DIF. = 1.62E-06)

  2ND TRANSPORT CROSS SECTION = 7.200509E-17 cm**2
