    
 E (eV)=   252.000000000000     
       0     -2.22573894E-01      0.00000000E+00
       1     -1.56818566E+00     -1.56611889E+00
       2      8.01745592E-01      8.02206815E-01
       3      4.14366053E-01      4.14539968E-01
       4      2.18210878E-01      2.18290111E-01
       5      1.17377259E-01      1.17416533E-01
       6      6.43408463E-02      6.43612777E-02
       7      3.58178750E-02      3.58288430E-02
       8      2.01896694E-02      2.01956875E-02
       9      1.14964625E-02      1.14998184E-02
      10      6.60127453E-03      6.60316931E-03
      11      3.81692841E-03      3.81800889E-03
      12      2.21993315E-03      2.22055431E-03
      13      1.29751451E-03      1.29787402E-03
      14      7.61562370E-04      7.61771629E-04
      15      4.48587366E-04      4.48709754E-04
      16      2.65037234E-04      2.65109107E-04
      17      1.56996568E-04      1.57038922E-04
      18      9.32033213E-05      9.32283540E-05
      19      5.54357597E-05      5.54505924E-05
      20      3.30252834E-05      3.30340912E-05
      21      1.97015121E-05      1.97067519E-05
      22      1.17669212E-05      1.17700432E-05
      23      7.03498562E-06      7.03684835E-06
      24      4.20957755E-06      4.21069021E-06
      25      2.52078588E-06      2.52145116E-06
      26      1.51046490E-06      1.51086302E-06
      27      9.05574887E-07      9.05813302E-07
      28      5.43181135E-07      5.43324002E-07
      29      3.25944589E-07      3.26030243E-07
      30      1.95658112E-07      1.95709493E-07
      31      1.17486177E-07      1.17517005E-07
      32      7.05656282E-08      7.05841348E-08
      33      4.23937282E-08      4.24048405E-08
      34      2.54741231E-08      2.54807996E-08
      35      1.53100339E-08      1.53140411E-08
      36      9.20281608E-09      9.20522499E-09
      37      5.53250214E-09      5.53395173E-09
      38      3.32641514E-09      3.32728584E-09
      39      2.00024614E-09      2.00076204E-09
      40      1.20289888E-09      1.20321069E-09
      41      7.23415317E-10      7.23606452E-10
      42      4.35064858E-10      4.35177865E-10

  TOTAL ELASTIC CROSS SECTION = 1.409970E-16 cm**2
               FROM DCS TABLE = 1.409944E-16  (REL. DIF. = 1.85E-05)

  1ST TRANSPORT CROSS SECTION = 4.900517E-17 cm**2
               FROM DCS TABLE = 4.900523E-17  (REL. DIF. = 1.19E-06)

  2ND TRANSPORT CROSS SECTION = 6.560927E-17 cm**2
