    
 E (eV)=   134.000000000000     
       0      5.80708136E-01      0.00000000E+00
       1      2.67565901E-01      2.67637457E-01
       2      1.37220199E-01      1.37247673E-01
       3      7.29037188E-02      7.29169504E-02
       4      3.93570900E-02      3.93639328E-02
       5      2.14198659E-02      2.14235138E-02
       6      1.17062334E-02      1.17082069E-02
       7      6.41030442E-03      6.41138000E-03
       8      3.51283995E-03      3.51342831E-03
       9      1.92505078E-03      1.92537314E-03
      10      1.05451063E-03      1.05468733E-03
      11      5.77279854E-04      5.77376698E-04
      12      3.15790385E-04      3.15843434E-04
      13      1.72610793E-04      1.72639831E-04
      14      9.42736165E-05      9.42894997E-05
      15      5.14484209E-05      5.14571013E-05
      16      2.80559827E-05      2.80607229E-05
      17      1.52885078E-05      1.52910943E-05
      18      8.32542906E-06      8.32683929E-06
      19      4.53070702E-06      4.53147537E-06
      20      2.46410220E-06      2.46452055E-06
      21      1.33936732E-06      1.33959496E-06
      22      7.27617338E-07      7.27741121E-07
      23      3.95077224E-07      3.95144500E-07
      24      2.14411857E-07      2.14448403E-07
      25      1.16309430E-07      1.16329271E-07
      26      6.30654411E-08      6.30762118E-08
      27      3.41812421E-08      3.41870806E-08
      28      1.85187769E-08      1.85219427E-08
      29      1.00294094E-08      1.00311251E-08
      30      5.42981950E-09      5.43074936E-09
      31      2.93864640E-09      2.93914795E-09
      32      1.58985277E-09      1.59012692E-09
      33      8.59863523E-10      8.60016989E-10
      34      4.64939845E-10      4.65016714E-10

  TOTAL ELASTIC CROSS SECTION = 2.369014E-17 cm**2
               FROM DCS TABLE = 2.368954E-17  (REL. DIF. = 2.51E-05)

  1ST TRANSPORT CROSS SECTION = 5.288822E-18 cm**2
               FROM DCS TABLE = 5.288754E-18  (REL. DIF. = 1.28E-05)

  2ND TRANSPORT CROSS SECTION = 1.034732E-17 cm**2
