    
 E (eV)=   66.0000000000000     
       0      6.96926711E-01      0.00000000E+00
       1     -1.19008795E+00     -1.18814786E+00
       2      5.50495875E-01      5.50683317E-01
       3      1.54964297E-01      1.54996916E-01
       4      4.94053781E-02      4.94142253E-02
       5      1.67508250E-02      1.67536214E-02
       6      5.87692730E-03      5.87787059E-03
       7      2.10753891E-03      2.10786850E-03
       8      7.67415663E-04      7.67533455E-04
       9      2.82558028E-04      2.82600801E-04
      10      1.04896666E-04      1.04912380E-04
      11      3.91826614E-05      3.91884853E-05
      12      1.47042032E-05      1.47063757E-05
      13      5.53746738E-06      5.53828186E-06
      14      2.09090694E-06      2.09121343E-06
      15      7.91109235E-07      7.91224893E-07
      16      2.99784902E-07      2.99828640E-07
      17      1.13736276E-07      1.13752847E-07
      18      4.31903050E-08      4.31965895E-08
      19      1.64128020E-08      1.64151870E-08
      20      6.24052044E-09      6.24142946E-09
      21      2.37380344E-09      2.37414877E-09
      22      9.03228615E-10      9.03358343E-10
      23      3.43755401E-10      3.43803456E-10

  TOTAL ELASTIC CROSS SECTION = 3.305770E-16 cm**2
               FROM DCS TABLE = 3.305703E-16  (REL. DIF. = 2.04E-05)

  1ST TRANSPORT CROSS SECTION = 2.424931E-16 cm**2
               FROM DCS TABLE = 2.424912E-16  (REL. DIF. = 8.02E-06)

  2ND TRANSPORT CROSS SECTION = 1.738235E-16 cm**2
