    
 E (eV)=   120.000000000000     
       0     -2.09446208E-01      0.00000000E+00
       1      1.49866004E+00      1.49971044E+00
       2      7.26130917E-01      7.26338616E-01
       3      3.59716641E-01      3.59792329E-01
       4      1.80754550E-01      1.80788065E-01
       5      9.23233407E-02      9.23393646E-02
       6      4.78497924E-02      4.78577744E-02
       7      2.50955916E-02      2.50996691E-02
       8      1.32877838E-02      1.32899021E-02
       9      7.09083092E-03      7.09194481E-03
      10      3.80875630E-03      3.80934747E-03
      11      2.05728409E-03      2.05760020E-03
      12      1.11659783E-03      1.11676792E-03
      13      6.08569653E-04      6.08661661E-04
      14      3.32882454E-04      3.32932456E-04
      15      1.82651177E-04      1.82678459E-04
      16      1.00487515E-04      1.00502453E-04
      17      5.54099486E-05      5.54181517E-05
      18      3.06123477E-05      3.06168639E-05
      19      1.69396355E-05      1.69421273E-05
      20      9.38624911E-06      9.38762651E-06
      21      5.20664736E-06      5.20740990E-06
      22      2.89077207E-06      2.89119476E-06
      23      1.60613937E-06      1.60637391E-06
      24      8.92897371E-07      8.93027627E-07
      25      4.96608295E-07      4.96680682E-07
      26      2.76295692E-07      2.76335945E-07
      27      1.53759816E-07      1.53782206E-07
      28      8.55831008E-08      8.55955573E-08
      29      4.76411673E-08      4.76481017E-08
      30      2.65217939E-08      2.65256566E-08
      31      1.47648771E-08      1.47670288E-08
      32      8.21959888E-09      8.22079269E-09
      33      4.57565236E-09      4.57631645E-09
      34      2.54692180E-09      2.54729151E-09
      35      1.41755695E-09      1.41776204E-09
      36      7.88871448E-10      7.88986547E-10
      37      4.38980420E-10      4.39043658E-10

  TOTAL ELASTIC CROSS SECTION = 2.604279E-16 cm**2
               FROM DCS TABLE = 2.604230E-16  (REL. DIF. = 1.88E-05)

  1ST TRANSPORT CROSS SECTION = 1.006917E-16 cm**2
               FROM DCS TABLE = 1.006919E-16  (REL. DIF. = 1.36E-06)

  2ND TRANSPORT CROSS SECTION = 1.261168E-16 cm**2
