    
 E (eV)=   164.000000000000     
       0      5.47275925E-01      0.00000000E+00
       1      2.63565013E-01      2.63644012E-01
       2      1.42182389E-01      1.42214165E-01
       3      7.96202321E-02      7.96362909E-02
       4      4.53465688E-02      4.53553001E-02
       5      2.60532271E-02      2.60581277E-02
       6      1.50391987E-02      1.50419934E-02
       7      8.70297653E-03      8.70458362E-03
       8      5.04226885E-03      5.04319718E-03
       9      2.92254023E-03      2.92307771E-03
      10      1.69381973E-03      1.69413124E-03
      11      9.81351444E-04      9.81532040E-04
      12      5.68280308E-04      5.68384991E-04
      13      3.28884591E-04      3.28945246E-04
      14      1.90217161E-04      1.90252286E-04
      15      1.09945127E-04      1.09965455E-04
      16      6.35074815E-05      6.35192385E-05
      17      3.66609258E-05      3.66677211E-05
      18      2.11505258E-05      2.11544508E-05
      19      1.21952016E-05      1.21974673E-05
      20      7.02778211E-06      7.02908919E-06
      21      4.04781379E-06      4.04856741E-06
      22      2.33027348E-06      2.33070775E-06
      23      1.34087470E-06      1.34112482E-06
      24      7.71213688E-07      7.71357674E-07
      25      4.43380068E-07      4.43462917E-07
      26      2.54801384E-07      2.54849036E-07
      27      1.46372743E-07      1.46400138E-07
      28      8.40541609E-08      8.40699003E-08
      29      4.82510451E-08      4.82600864E-08
      30      2.76891919E-08      2.76943818E-08
      31      1.58845411E-08      1.58875214E-08
      32      9.10977380E-09      9.11148659E-09
      33      5.22292629E-09      5.22390500E-09
      34      2.99366125E-09      2.99422210E-09
      35      1.71541744E-09      1.71573762E-09
      36      9.82663002E-10      9.82853439E-10
      37      5.62773860E-10      5.62879194E-10

  TOTAL ELASTIC CROSS SECTION = 1.896914E-17 cm**2
               FROM DCS TABLE = 1.896864E-17  (REL. DIF. = 2.66E-05)

  1ST TRANSPORT CROSS SECTION = 3.711067E-18 cm**2
               FROM DCS TABLE = 3.711017E-18  (REL. DIF. = 1.35E-05)

  2ND TRANSPORT CROSS SECTION = 7.450531E-18 cm**2
