    
 E (eV)=   138.000000000000     
       0     -3.01865533E-01      0.00000000E+00
       1      1.46488282E+00      1.46595196E+00
       2      7.37979472E-01      7.38203917E-01
       3      3.83380114E-01      3.83466402E-01
       4      2.01619696E-01      2.01659814E-01
       5      1.07425029E-01      1.07445061E-01
       6      5.79559759E-02      5.79663630E-02
       7      3.16012927E-02      3.16068075E-02
       8      1.73831144E-02      1.73860899E-02
       9      9.63229603E-03      9.63392026E-03
      10      5.37065246E-03      5.37154709E-03
      11      3.01054513E-03      3.01104148E-03
      12      1.69544422E-03      1.69572127E-03
      13      9.58715751E-04      9.58871203E-04
      14      5.44057582E-04      5.44145203E-04
      15      3.09708713E-04      3.09758297E-04
      16      1.76782811E-04      1.76810968E-04
      17      1.01145455E-04      1.01161492E-04
      18      5.79869024E-05      5.79960615E-05
      19      3.33014396E-05      3.33066823E-05
      20      1.91527912E-05      1.91557980E-05
      21      1.10290144E-05      1.10307417E-05
      22      6.35753472E-06      6.35852848E-06
      23      3.66784739E-06      3.66841978E-06
      24      2.11756871E-06      2.11789873E-06
      25      1.22323513E-06      1.22342557E-06
      26      7.06934350E-07      7.07044314E-07
      27      4.08698097E-07      4.08761629E-07
      28      2.36344059E-07      2.36380777E-07
      29      1.36701935E-07      1.36723166E-07
      30      7.90799640E-08      7.90922392E-08
      31      4.57508252E-08      4.57579265E-08
      32      2.64700000E-08      2.64741088E-08
      33      1.53149028E-08      1.53172800E-08
      34      8.86072915E-09      8.86209819E-09
      35      5.12634510E-09      5.12713774E-09
      36      2.96567947E-09      2.96613708E-09
      37      1.71553323E-09      1.71579831E-09
      38      9.92235108E-10      9.92392062E-10
      39      5.73846448E-10      5.73934342E-10

  TOTAL ELASTIC CROSS SECTION = 2.377010E-16 cm**2
               FROM DCS TABLE = 2.376964E-16  (REL. DIF. = 1.92E-05)

  1ST TRANSPORT CROSS SECTION = 8.340940E-17 cm**2
               FROM DCS TABLE = 8.340948E-17  (REL. DIF. = 9.76E-07)

  2ND TRANSPORT CROSS SECTION = 1.107001E-16 cm**2
