    
 E (eV)=   110.000000000000     
       0      6.15242735E-01      0.00000000E+00
       1      2.70481123E-01      2.70546013E-01
       2      1.31336466E-01      1.31360138E-01
       3      6.59313003E-02      6.59421180E-02
       4      3.36020957E-02      3.36073950E-02
       5      1.72538486E-02      1.72565208E-02
       6      8.89110964E-03      8.89247548E-03
       7      4.58826456E-03      4.58896712E-03
       8      2.36835517E-03      2.36871756E-03
       9      1.22198961E-03      1.22217671E-03
      10      6.30030284E-04      6.30126869E-04
      11      3.24531763E-04      3.24581592E-04
      12      1.67004408E-04      1.67030093E-04
      13      8.58561764E-05      8.58694031E-05
      14      4.40960209E-05      4.41028252E-05
      15      2.26271395E-05      2.26306365E-05
      16      1.16006794E-05      1.16024749E-05
      17      5.94268447E-06      5.94360552E-06
      18      3.04192849E-06      3.04240056E-06
      19      1.55597673E-06      1.55621849E-06
      20      7.95361215E-07      7.95484935E-07
      21      4.06303878E-07      4.06367148E-07
      22      2.07433865E-07      2.07466195E-07
      23      1.05843938E-07      1.05860451E-07
      24      5.39789029E-08      5.39873290E-08
      25      2.75148127E-08      2.75191101E-08
      26      1.40186716E-08      1.40208669E-08
      27      7.13929220E-09      7.14040972E-09
      28      3.63425712E-09      3.63482704E-09
      29      1.84927067E-09      1.84956295E-09
      30      9.40660110E-10      9.40808085E-10
      31      4.78306839E-10      4.78385843E-10

  TOTAL ELASTIC CROSS SECTION = 2.952379E-17 cm**2
               FROM DCS TABLE = 2.952309E-17  (REL. DIF. = 2.36E-05)

  1ST TRANSPORT CROSS SECTION = 7.469425E-18 cm**2
               FROM DCS TABLE = 7.469335E-18  (REL. DIF. = 1.20E-05)

  2ND TRANSPORT CROSS SECTION = 1.421870E-17 cm**2
