    
 E (eV)=   62.0000000000000     
       0      7.40201125E-01      0.00000000E+00
       1     -1.17158124E+00     -1.16964063E+00
       2      5.32046165E-01      5.32222708E-01
       3      1.44722611E-01      1.44752074E-01
       4      4.48861646E-02      4.48939558E-02
       5      1.48161515E-02      1.48185535E-02
       6      5.06049307E-03      5.06128265E-03
       7      1.76648443E-03      1.76675314E-03
       8      6.26042381E-04      6.26135888E-04
       9      2.24318151E-04      2.24351205E-04
      10      8.10297714E-05      8.10415915E-05
      11      2.94473077E-05      2.94515707E-05
      12      1.07499713E-05      1.07515187E-05
      13      3.93768857E-06      3.93825294E-06
      14      1.44605652E-06      1.44626311E-06
      15      5.32070797E-07      5.32146623E-07
      16      1.96061702E-07      1.96089593E-07
      17      7.23276853E-08      7.23379543E-08
      18      2.67049472E-08      2.67087351E-08
      19      9.86664408E-09      9.86804356E-09
      20      3.64729197E-09      3.64780936E-09
      21      1.34875597E-09      1.34894880E-09
      22      4.98900768E-10      4.98970303E-10
      23      1.84594834E-10      1.84623381E-10

  TOTAL ELASTIC CROSS SECTION = 3.439125E-16 cm**2
               FROM DCS TABLE = 3.439051E-16  (REL. DIF. = 2.15E-05)

  1ST TRANSPORT CROSS SECTION = 2.568893E-16 cm**2
               FROM DCS TABLE = 2.568867E-16  (REL. DIF. = 1.03E-05)

  2ND TRANSPORT CROSS SECTION = 1.818465E-16 cm**2
