    
 E (eV)=   82.0000000000000     
       0      5.46787745E-01      0.00000000E+00
       1     -1.25347157E+00     -1.25153004E+00
       2      6.11089454E-01      6.11316323E-01
       3      1.93353544E-01      1.93399251E-01
       4      6.76300504E-02      6.76435791E-02
       5      2.50568680E-02      2.50615140E-02
       6      9.60223843E-03      9.60394423E-03
       7      3.76178344E-03      3.76243315E-03
       8      1.49680996E-03      1.49706331E-03
       9      6.02439441E-04      6.02539882E-04
      10      2.44573701E-04      2.44614010E-04
      11      9.99461624E-05      9.99624895E-05
      12      4.10504116E-05      4.10570718E-05
      13      1.69262258E-05      1.69289575E-05
      14      7.00019231E-06      7.00131743E-06
      15      2.90184054E-06      2.90230545E-06
      16      1.20510841E-06      1.20530100E-06
      17      5.01181702E-07      5.01261644E-07
      18      2.08664306E-07      2.08697538E-07
      19      8.69526297E-08      8.69664605E-08
      20      3.62592596E-08      3.62650202E-08
      21      1.51284663E-08      1.51308674E-08
      22      6.31483543E-09      6.31583645E-09
      23      2.63683918E-09      2.63725816E-09
      24      1.10132982E-09      1.10150391E-09
      25      4.60055635E-10      4.60125142E-10
      26      1.92217317E-10      1.92246765E-10

  TOTAL ELASTIC CROSS SECTION = 2.879152E-16 cm**2
               FROM DCS TABLE = 2.879100E-16  (REL. DIF. = 1.79E-05)

  1ST TRANSPORT CROSS SECTION = 1.955284E-16 cm**2
               FROM DCS TABLE = 1.955280E-16  (REL. DIF. = 1.97E-06)

  2ND TRANSPORT CROSS SECTION = 1.502792E-16 cm**2
