    
 E (eV)=   152.000000000000     
       0      1.21982134E-01      0.00000000E+00
       1     -1.42821127E+00     -1.42622935E+00
       2      7.43072885E-01      7.43421893E-01
       3      3.17087925E-01      3.17191410E-01
       4      1.41012731E-01      1.41051864E-01
       5      6.51414645E-02      6.51580746E-02
       6      3.09327218E-02      3.09402194E-02
       7      1.49835958E-02      1.49871068E-02
       8      7.36652951E-03      7.36821399E-03
       9      3.66337192E-03      3.66419415E-03
      10      1.83832167E-03      1.83872826E-03
      11      9.29189296E-04      9.29392404E-04
      12      4.72419001E-04      4.72521283E-04
      13      2.41332384E-04      2.41384227E-04
      14      1.23762167E-04      1.23788584E-04
      15      6.36702325E-05      6.36837520E-05
      16      3.28406341E-05      3.28475774E-05
      17      1.69750220E-05      1.69785983E-05
      18      8.78957593E-06      8.79142232E-06
      19      4.55774544E-06      4.55870056E-06
      20      2.36617848E-06      2.36667335E-06
      21      1.22962077E-06      1.22987752E-06
      22      6.39511692E-07      6.39645040E-07
      23      3.32828028E-07      3.32897349E-07
      24      1.73315237E-07      1.73351300E-07
      25      9.02940636E-08      9.03128396E-08
      26      4.70601908E-08      4.70699723E-08
      27      2.45354112E-08      2.45405050E-08
      28      1.27954385E-08      1.27980959E-08
      29      6.67454210E-09      6.67592887E-09
      30      3.48234092E-09      3.48306291E-09
      31      1.81713345E-09      1.81751432E-09
      32      9.48354932E-10      9.48551648E-10
      33      4.95007416E-10      4.95107776E-10

  TOTAL ELASTIC CROSS SECTION = 1.941665E-16 cm**2
               FROM DCS TABLE = 1.941632E-16  (REL. DIF. = 1.71E-05)

  1ST TRANSPORT CROSS SECTION = 9.559519E-17 cm**2
               FROM DCS TABLE = 9.559546E-17  (REL. DIF. = 2.88E-06)

  2ND TRANSPORT CROSS SECTION = 1.002430E-16 cm**2
