    
 E (eV)=   164.000000000000     
       0      6.99572614E-02      0.00000000E+00
       1     -1.44936046E+00     -1.44736908E+00
       2      7.54690156E-01      7.55055193E-01
       3      3.32563861E-01      3.32676653E-01
       4      1.51964387E-01      1.52008310E-01
       5      7.19339603E-02      7.19530618E-02
       6      3.49599963E-02      3.49688158E-02
       7      1.73225982E-02      1.73268206E-02
       8      8.70947648E-03      8.71154721E-03
       9      4.42884210E-03      4.42987523E-03
      10      2.27244159E-03      2.27296378E-03
      11      1.17446798E-03      1.17473461E-03
      12      6.10588047E-04      6.10725299E-04
      13      3.18968731E-04      3.19039851E-04
      14      1.67288150E-04      1.67325200E-04
      15      8.80226363E-05      8.80420241E-05
      16      4.64394007E-05      4.64495829E-05
      17      2.45548978E-05      2.45602613E-05
      18      1.30071492E-05      1.30099815E-05
      19      6.90052206E-06      6.90202076E-06
      20      3.66543603E-06      3.66623040E-06
      21      1.94904288E-06      1.94946451E-06
      22      1.03727478E-06      1.03749883E-06
      23      5.52434765E-07      5.52553948E-07
      24      2.94395971E-07      2.94459417E-07
      25      1.56965493E-07      1.56999295E-07
      26      8.37265905E-08      8.37446066E-08
      27      4.46766208E-08      4.46862247E-08
      28      2.38467890E-08      2.38519105E-08
      29      1.27318963E-08      1.27346323E-08
      30      6.79915108E-09      6.80060971E-09
      31      3.63159170E-09      3.63237228E-09
      32      1.93999640E-09      1.94041425E-09
      33      1.03647802E-09      1.03669985E-09
      34      5.53838772E-10      5.53956688E-10
      35      2.95966855E-10      2.96029966E-10

  TOTAL ELASTIC CROSS SECTION = 1.850371E-16 cm**2
               FROM DCS TABLE = 1.850339E-16  (REL. DIF. = 1.73E-05)

  1ST TRANSPORT CROSS SECTION = 8.680598E-17 cm**2
               FROM DCS TABLE = 8.680622E-17  (REL. DIF. = 2.75E-06)

  2ND TRANSPORT CROSS SECTION = 9.472331E-17 cm**2
