    
 E (eV)=   56.0000000000000     
       0      8.10649471E-01      0.00000000E+00
       1     -1.14118997E+00     -1.13924779E+00
       2      5.01299355E-01      5.01458681E-01
       3      1.28906734E-01      1.28931594E-01
       4      3.81932141E-02      3.81995205E-02
       5      1.20533898E-02      1.20552544E-02
       6      3.93524035E-03      3.93582724E-03
       7      1.31274495E-03      1.31293601E-03
       8      4.44493612E-04      4.44557176E-04
       9      1.52131207E-04      1.52152682E-04
      10      5.24796459E-05      5.24869831E-05
      11      1.82090465E-05      1.82115741E-05
      12      6.34532427E-06      6.34620040E-06
      13      2.21825605E-06      2.21856112E-06
      14      7.77335875E-07      7.77442461E-07
      15      2.72888734E-07      2.72926070E-07
      16      9.59291743E-08      9.59422789E-08
      17      3.37568410E-08      3.37614471E-08
      18      1.18881250E-08      1.18897479E-08
      19      4.18912099E-09      4.18969229E-09
      20      1.47679412E-09      1.47699451E-09
      21      5.20798648E-10      5.20869318E-10
      22      1.83711310E-10      1.83739342E-10

  TOTAL ELASTIC CROSS SECTION = 3.666671E-16 cm**2
               FROM DCS TABLE = 3.666584E-16  (REL. DIF. = 2.37E-05)

  1ST TRANSPORT CROSS SECTION = 2.809240E-16 cm**2
               FROM DCS TABLE = 2.809199E-16  (REL. DIF. = 1.47E-05)

  2ND TRANSPORT CROSS SECTION = 1.964641E-16 cm**2
