    
 E (eV)=   202.000000000000     
       0     -7.23367088E-02      0.00000000E+00
       1     -1.50713493E+00     -1.50511180E+00
       2      7.81374263E-01      7.81784664E-01
       3      3.73780242E-01      3.73920931E-01
       4      1.83439081E-01      1.83498338E-01
       5      9.25827942E-02      9.26102908E-02
       6      4.78054692E-02      4.78189446E-02
       7      2.51232872E-02      2.51301212E-02
       8      1.33851715E-02      1.33887190E-02
       9      7.20919580E-03      7.21106854E-03
      10      3.91702960E-03      3.91803100E-03
      11      2.14359975E-03      2.14414068E-03
      12      1.18006598E-03      1.18036057E-03
      13      6.52845104E-04      6.53006624E-04
      14      3.62660694E-04      3.62749748E-04
      15      2.02155011E-04      2.02204340E-04
      16      1.13010595E-04      1.13038026E-04
      17      6.33289145E-05      6.33442180E-05
      18      3.55602185E-05      3.55687796E-05
      19      2.00016372E-05      2.00064374E-05
      20      1.12664738E-05      1.12691705E-05
      21      6.35380509E-06      6.35532251E-06
      22      3.58691793E-06      3.58777294E-06
      23      2.02666723E-06      2.02714955E-06
      24      1.14593479E-06      1.14620713E-06
      25      6.48344853E-07      6.48498764E-07
      26      3.67012630E-07      3.67099666E-07
      27      2.07850578E-07      2.07899827E-07
      28      1.17757417E-07      1.17785299E-07
      29      6.67372525E-08      6.67530484E-08
      30      3.78330947E-08      3.78420501E-08
      31      2.14526711E-08      2.14577467E-08
      32      1.21669279E-08      1.21698028E-08
      33      6.90173373E-09      6.90336270E-09
      34      3.91567510E-09      3.91659938E-09
      35      2.22183362E-09      2.22235819E-09
      36      1.26081424E-09      1.26111210E-09
      37      7.15527851E-10      7.15698757E-10
      38      4.06126013E-10      4.06225068E-10

  TOTAL ELASTIC CROSS SECTION = 1.621916E-16 cm**2
               FROM DCS TABLE = 1.621887E-16  (REL. DIF. = 1.78E-05)

  1ST TRANSPORT CROSS SECTION = 6.613078E-17 cm**2
               FROM DCS TABLE = 6.613092E-17  (REL. DIF. = 2.10E-06)

  2ND TRANSPORT CROSS SECTION = 8.008955E-17 cm**2
