    
 E (eV)=   198.000000000000     
       0     -5.87078277E-02      0.00000000E+00
       1     -1.50160231E+00     -1.49958261E+00
       2      7.79136077E-01      7.79542026E-01
       3      3.69928689E-01      3.70066554E-01
       4      1.80345451E-01      1.80403092E-01
       5      9.04787151E-02      9.05052990E-02
       6      4.64568181E-02      4.64697738E-02
       7      2.42819078E-02      2.42884432E-02
       8      1.28678832E-02      1.28712579E-02
       9      6.89398277E-03      6.89575504E-03
      10      3.72608532E-03      3.72702810E-03
      11      2.02841832E-03      2.02892495E-03
      12      1.11080671E-03      1.11108121E-03
      13      6.11304900E-04      6.11454623E-04
      14      3.37799167E-04      3.37881289E-04
      15      1.87303682E-04      1.87348935E-04
      16      1.04154296E-04      1.04179328E-04
      17      5.80561751E-05      5.80700675E-05
      18      3.24258410E-05      3.24335717E-05
      19      1.81411639E-05      1.81454756E-05
      20      1.01637294E-05      1.01661388E-05
      21      5.70108652E-06      5.70243504E-06
      22      3.20108762E-06      3.20184339E-06
      23      1.79889251E-06      1.79931657E-06
      24      1.01163560E-06      1.01187376E-06
      25      5.69255202E-07      5.69389063E-07
      26      3.20490024E-07      3.20565323E-07
      27      1.80515075E-07      1.80557451E-07
      28      1.01712847E-07      1.01736704E-07
      29      5.73295493E-08      5.73429902E-08
      30      3.23222623E-08      3.23298317E-08
      31      1.82275437E-08      1.82318119E-08
      32      1.02811574E-08      1.02835665E-08
      33      5.80007147E-09      5.80143011E-09
      34      3.27260353E-09      3.27337016E-09
      35      1.84673010E-09      1.84715911E-09
      36      1.04218487E-09      1.04242554E-09
      37      5.88231115E-10      5.88366444E-10
      38      3.32036710E-10      3.32115536E-10

  TOTAL ELASTIC CROSS SECTION = 1.642546E-16 cm**2
               FROM DCS TABLE = 1.642517E-16  (REL. DIF. = 1.77E-05)

  1ST TRANSPORT CROSS SECTION = 6.791091E-17 cm**2
               FROM DCS TABLE = 6.791106E-17  (REL. DIF. = 2.18E-06)

  2ND TRANSPORT CROSS SECTION = 8.145753E-17 cm**2
