    
 E (eV)=   70.0000000000000     
       0      6.56207036E-01      0.00000000E+00
       1     -1.20739873E+00     -1.20545878E+00
       2      5.67491919E-01      5.67689820E-01
       3      1.64952355E-01      1.64988186E-01
       4      5.39518042E-02      5.39617563E-02
       5      1.87497035E-02      1.87529225E-02
       6      6.74251781E-03      6.74362968E-03
       7      2.47854363E-03      2.47894162E-03
       8      9.25217091E-04      9.25362852E-04
       9      3.49269130E-04      3.49323379E-04
      10      1.32955097E-04      1.32975527E-04
      11      5.09307653E-05      5.09385282E-05
      12      1.96029375E-05      1.96059070E-05
      13      7.57235231E-06      7.57349396E-06
      14      2.93316115E-06      2.93360178E-06
      15      1.13855901E-06      1.13872958E-06
      16      4.42667675E-07      4.42733848E-07
      17      1.72322701E-07      1.72348422E-07
      18      6.71471747E-08      6.71571800E-08
      19      2.61842559E-08      2.61881574E-08
      20      1.02166811E-08      1.02181990E-08
      21      3.98823508E-09      3.98882767E-09
      22      1.55741998E-09      1.55765331E-09
      23      6.08317692E-10      6.08407445E-10
      24      2.37651444E-10      2.37685098E-10

  TOTAL ELASTIC CROSS SECTION = 3.184620E-16 cm**2
               FROM DCS TABLE = 3.184557E-16  (REL. DIF. = 1.96E-05)

  1ST TRANSPORT CROSS SECTION = 2.292628E-16 cm**2
               FROM DCS TABLE = 2.292614E-16  (REL. DIF. = 6.08E-06)

  2ND TRANSPORT CROSS SECTION = 1.668439E-16 cm**2
