    
 E (eV)=   118.000000000000     
       0      6.02733849E-01      0.00000000E+00
       1      2.69561223E-01      2.69628420E-01
       2      1.33542832E-01      1.33567812E-01
       3      6.84475950E-02      6.84592330E-02
       4      3.56282336E-02      3.56340494E-02
       5      1.86885043E-02      1.86914974E-02
       6      9.84009874E-03      9.84166077E-03
       7      5.18961159E-03      5.19043230E-03
       8      2.73812980E-03      2.73856236E-03
       9      1.44431412E-03      1.44454236E-03
      10      7.61372575E-04      7.61493021E-04
      11      4.01032284E-04      4.01095816E-04
      12      2.11043844E-04      2.11077330E-04
      13      1.10960528E-04      1.10978162E-04
      14      5.82871569E-05      5.82964347E-05
      15      3.05914280E-05      3.05963047E-05
      16      1.60423135E-05      1.60448745E-05
      17      8.40608897E-06      8.40743278E-06
      18      4.40149544E-06      4.40219998E-06
      19      2.30305766E-06      2.30342675E-06
      20      1.20427517E-06      1.20446839E-06
      21      6.29332300E-07      6.29433377E-07
      22      3.28687676E-07      3.28740516E-07
      23      1.71573688E-07      1.71601294E-07
      24      8.95149491E-08      8.95293691E-08
      25      4.66799119E-08      4.66874365E-08
      26      2.43313170E-08      2.43352406E-08
      27      1.26769470E-08      1.26789956E-08
      28      6.60216534E-09      6.60322844E-09
      29      3.43703560E-09      3.43759226E-09
      30      1.78860198E-09      1.78889218E-09
      31      9.30460074E-10      9.30614935E-10
      32      4.83883892E-10      4.83962653E-10

  TOTAL ELASTIC CROSS SECTION = 2.729034E-17 cm**2
               FROM DCS TABLE = 2.728968E-17  (REL. DIF. = 2.42E-05)

  1ST TRANSPORT CROSS SECTION = 6.606914E-18 cm**2
               FROM DCS TABLE = 6.606832E-18  (REL. DIF. = 1.23E-05)

  2ND TRANSPORT CROSS SECTION = 1.270317E-17 cm**2
