    
 E (eV)=   96.0000000000000     
       0      4.37948996E-01      0.00000000E+00
       1     -1.29875719E+00     -1.29681092E+00
       2      6.50938809E-01      6.51195577E-01
       3      2.23546633E-01      2.23604098E-01
       4      8.34051235E-02      8.34232401E-02
       5      3.28287459E-02      3.28353329E-02
       6      1.33530017E-02      1.33555624E-02
       7      5.55141048E-03      5.55244392E-03
       8      2.34422752E-03      2.34465471E-03
       9      1.00146480E-03      1.00164440E-03
      10      4.31633129E-04      4.31709588E-04
      11      1.87311144E-04      1.87344007E-04
      12      8.17191212E-05      8.17333508E-05
      13      3.58005746E-05      3.58067718E-05
      14      1.57351963E-05      1.57379075E-05
      15      6.93373579E-06      6.93492611E-06
      16      3.06153951E-06      3.06206357E-06
      17      1.35396228E-06      1.35419351E-06
      18      5.99548588E-07      5.99650793E-07
      19      2.65755016E-07      2.65800254E-07
      20      1.17893550E-07      1.17913597E-07
      21      5.23336955E-08      5.23425847E-08
      22      2.32434450E-08      2.32473898E-08
      23      1.03276679E-08      1.03294181E-08
      24      4.59043534E-09      4.59121174E-09
      25      2.04094158E-09      2.04128726E-09
      26      9.07614985E-10      9.07766843E-10
      27      4.03659800E-10      4.03727116E-10

  TOTAL ELASTIC CROSS SECTION = 2.603022E-16 cm**2
               FROM DCS TABLE = 2.602977E-16  (REL. DIF. = 1.71E-05)

  1ST TRANSPORT CROSS SECTION = 1.650272E-16 cm**2
               FROM DCS TABLE = 1.650273E-16  (REL. DIF. = 7.09E-07)

  2ND TRANSPORT CROSS SECTION = 1.360369E-16 cm**2
