    
 E (eV)=   78.0000000000000     
       0      5.81356901E-01      0.00000000E+00
       1     -1.23898062E+00     -1.23703991E+00
       2      5.97669825E-01      5.97887414E-01
       3      1.84148301E-01      1.84190684E-01
       4      6.30747579E-02      6.30870538E-02
       5      2.29095353E-02      2.29136800E-02
       6      8.60827237E-03      8.60976564E-03
       7      3.30668744E-03      3.30724540E-03
       8      1.29003919E-03      1.29025259E-03
       9      5.09046483E-04      5.09129452E-04
      10      2.02593725E-04      2.02626376E-04
      11      8.11550357E-05      8.11680025E-05
      12      3.26708386E-05      3.26760241E-05
      13      1.32025604E-05      1.32046453E-05
      14      5.35091533E-06      5.35175698E-06
      15      2.17360292E-06      2.17394377E-06
      16      8.84491506E-07      8.84629877E-07
      17      3.60412402E-07      3.60468681E-07
      18      1.47017581E-07      1.47040508E-07
      19      6.00209553E-08      6.00303091E-08
      20      2.45201527E-08      2.45239657E-08
      21      1.00223734E-08      1.00239303E-08
      22      4.09826662E-09      4.09890193E-09
      23      1.67636793E-09      1.67662975E-09
      24      6.85844786E-10      6.85949854E-10
      25      2.80650623E-10      2.80694110E-10

  TOTAL ELASTIC CROSS SECTION = 2.972562E-16 cm**2
               FROM DCS TABLE = 2.972507E-16  (REL. DIF. = 1.84E-05)

  1ST TRANSPORT CROSS SECTION = 2.058757E-16 cm**2
               FROM DCS TABLE = 2.058750E-16  (REL. DIF. = 3.10E-06)

  2ND TRANSPORT CROSS SECTION = 1.552162E-16 cm**2
