    
 E (eV)=   234.000000000000     
       0     -1.72334745E-01      0.00000000E+00
       1     -1.54775175E+00     -1.54570080E+00
       2      7.95797067E-01      7.96240914E-01
       3      4.01213580E-01      4.01375960E-01
       4      2.06483248E-01      2.06555352E-01
       5      1.08776471E-01      1.08811442E-01
       6      5.84729144E-02      5.84907537E-02
       7      3.19457221E-02      3.19551221E-02
       8      1.76798125E-02      1.76848779E-02
       9      9.88694677E-03      9.88972153E-03
      10      5.57626671E-03      5.57780596E-03
      11      3.16727842E-03      3.16814089E-03
      12      1.80961811E-03      1.81010532E-03
      13      1.03905320E-03      1.03933029E-03
      14      5.99104691E-04      5.99263176E-04
      15      3.46658329E-04      3.46749407E-04
      16      2.01186784E-04      2.01239336E-04
      17      1.17057187E-04      1.17087613E-04
      18      6.82543583E-05      6.82720248E-05
      19      3.98708218E-05      3.98811048E-05
      20      2.33266976E-05      2.33326955E-05
      21      1.36654500E-05      1.36689546E-05
      22      8.01460675E-06      8.01665762E-06
      23      4.70496443E-06      4.70616612E-06
      24      2.76430339E-06      2.76500828E-06
      25      1.62524585E-06      1.62565971E-06
      26      9.56121539E-07      9.56364714E-07
      27      5.62770271E-07      5.62913258E-07
      28      3.31391992E-07      3.31476119E-07
      29      1.95217733E-07      1.95267251E-07
      30      1.15037803E-07      1.15066962E-07
      31      6.78088526E-08      6.78260353E-08
      32      3.99797507E-08      3.99898767E-08
      33      2.35770024E-08      2.35829722E-08
      34      1.39065359E-08      1.39100546E-08
      35      8.20385476E-09      8.20592794E-09
      36      4.84040950E-09      4.84163136E-09
      37      2.85627267E-09      2.85699729E-09
      38      1.68565057E-09      1.68608028E-09
      39      9.94862868E-10      9.95113297E-10
      40      5.87179871E-10      5.87329850E-10

  TOTAL ELASTIC CROSS SECTION = 1.477846E-16 cm**2
               FROM DCS TABLE = 1.477819E-16  (REL. DIF. = 1.82E-05)

  1ST TRANSPORT CROSS SECTION = 5.424705E-17 cm**2
               FROM DCS TABLE = 5.424713E-17  (REL. DIF. = 1.51E-06)

  2ND TRANSPORT CROSS SECTION = 7.031853E-17 cm**2
